[0.136s] DEBUG:colcon:Command line arguments: ['/usr/bin/colcon', 'build', '--packages-select', 'ysolve_bot_subscriber']
[0.136s] DEBUG:colcon:Parsed command line arguments: Namespace(allow_overriding=[], ament_cmake_args=None, base_paths=['.'], build_base='build', catkin_cmake_args=None, catkin_skip_building_tests=False, cmake_args=None, cmake_clean_cache=False, cmake_clean_first=False, cmake_force_configure=False, cmake_target=None, cmake_target_skip_unavailable=False, continue_on_error=False, event_handlers=None, executor='parallel', ignore_user_meta=False, install_base='install', log_base=None, log_level=None, main=<bound method BuildVerb.main of <colcon_core.verb.build.BuildVerb object at 0x7f283e1e24f0>>, merge_install=False, metas=['./colcon.meta'], packages_above=None, packages_above_and_dependencies=None, packages_above_depth=None, packages_end=None, packages_ignore=None, packages_ignore_regex=None, packages_select=['ysolve_bot_subscriber'], packages_select_build_failed=False, packages_select_by_dep=None, packages_select_regex=None, packages_select_test_failures=False, packages_skip=None, packages_skip_build_finished=False, packages_skip_by_dep=None, packages_skip_regex=None, packages_skip_test_passed=False, packages_skip_up_to=None, packages_start=None, packages_up_to=None, packages_up_to_regex=None, parallel_workers=1, paths=None, symlink_install=False, test_result_base=None, verb_extension=<colcon_core.verb.build.BuildVerb object at 0x7f283e1e24f0>, verb_name='build', verb_parser=<colcon_defaults.argument_parser.defaults.DefaultArgumentsDecorator object at 0x7f283e1e2a30>)
[0.142s] Level 1:colcon.colcon_core.package_discovery:discover_packages(colcon_meta) check parameters
[0.143s] Level 1:colcon.colcon_core.package_discovery:discover_packages(recursive) check parameters
[0.143s] Level 1:colcon.colcon_core.package_discovery:discover_packages(ignore) check parameters
[0.143s] Level 1:colcon.colcon_core.package_discovery:discover_packages(path) check parameters
[0.143s] Level 1:colcon.colcon_core.package_discovery:discover_packages(colcon_meta) discover
[0.143s] Level 1:colcon.colcon_core.package_discovery:discover_packages(recursive) discover
[0.143s] INFO:colcon.colcon_core.package_discovery:Crawling recursively for packages in '/home/raul/Escritorio/Ysolve_bot_mai/ysolve/src/ysolve_bot'
[0.144s] Level 1:colcon.colcon_core.package_identification:_identify(.) by extensions ['ignore', 'ignore_ament_install']
[0.144s] Level 1:colcon.colcon_core.package_identification:_identify(.) by extension 'ignore'
[0.144s] Level 1:colcon.colcon_core.package_identification:_identify(.) by extension 'ignore_ament_install'
[0.144s] Level 1:colcon.colcon_core.package_identification:_identify(.) by extensions ['colcon_pkg']
[0.144s] Level 1:colcon.colcon_core.package_identification:_identify(.) by extension 'colcon_pkg'
[0.144s] Level 1:colcon.colcon_core.package_identification:_identify(.) by extensions ['colcon_meta']
[0.144s] Level 1:colcon.colcon_core.package_identification:_identify(.) by extension 'colcon_meta'
[0.144s] Level 1:colcon.colcon_core.package_identification:_identify(.) by extensions ['ros']
[0.144s] Level 1:colcon.colcon_core.package_identification:_identify(.) by extension 'ros'
[0.169s] Level 1:colcon.colcon_core.package_identification:_identify(.) by extensions ['cmake', 'python']
[0.169s] Level 1:colcon.colcon_core.package_identification:_identify(.) by extension 'cmake'
[0.169s] Level 1:colcon.colcon_core.package_identification:_identify(.) by extension 'python'
[0.169s] Level 1:colcon.colcon_core.package_identification:_identify(.) by extensions ['python_setup_py']
[0.170s] Level 1:colcon.colcon_core.package_identification:_identify(.) by extension 'python_setup_py'
[0.170s] Level 1:colcon.colcon_core.package_identification:_identify(build) by extensions ['ignore', 'ignore_ament_install']
[0.170s] Level 1:colcon.colcon_core.package_identification:_identify(build) by extension 'ignore'
[0.170s] Level 1:colcon.colcon_core.package_identification:_identify(build) ignored
[0.170s] Level 1:colcon.colcon_core.package_identification:_identify(install) by extensions ['ignore', 'ignore_ament_install']
[0.170s] Level 1:colcon.colcon_core.package_identification:_identify(install) by extension 'ignore'
[0.170s] Level 1:colcon.colcon_core.package_identification:_identify(install) ignored
[0.170s] Level 1:colcon.colcon_core.package_identification:_identify(log) by extensions ['ignore', 'ignore_ament_install']
[0.170s] Level 1:colcon.colcon_core.package_identification:_identify(log) by extension 'ignore'
[0.170s] Level 1:colcon.colcon_core.package_identification:_identify(log) ignored
[0.171s] Level 1:colcon.colcon_core.package_identification:_identify(src) by extensions ['ignore', 'ignore_ament_install']
[0.171s] Level 1:colcon.colcon_core.package_identification:_identify(src) by extension 'ignore'
[0.171s] Level 1:colcon.colcon_core.package_identification:_identify(src) by extension 'ignore_ament_install'
[0.171s] Level 1:colcon.colcon_core.package_identification:_identify(src) by extensions ['colcon_pkg']
[0.171s] Level 1:colcon.colcon_core.package_identification:_identify(src) by extension 'colcon_pkg'
[0.171s] Level 1:colcon.colcon_core.package_identification:_identify(src) by extensions ['colcon_meta']
[0.171s] Level 1:colcon.colcon_core.package_identification:_identify(src) by extension 'colcon_meta'
[0.171s] Level 1:colcon.colcon_core.package_identification:_identify(src) by extensions ['ros']
[0.171s] Level 1:colcon.colcon_core.package_identification:_identify(src) by extension 'ros'
[0.171s] Level 1:colcon.colcon_core.package_identification:_identify(src) by extensions ['cmake', 'python']
[0.171s] Level 1:colcon.colcon_core.package_identification:_identify(src) by extension 'cmake'
[0.171s] Level 1:colcon.colcon_core.package_identification:_identify(src) by extension 'python'
[0.171s] Level 1:colcon.colcon_core.package_identification:_identify(src) by extensions ['python_setup_py']
[0.171s] Level 1:colcon.colcon_core.package_identification:_identify(src) by extension 'python_setup_py'
[0.172s] Level 1:colcon.colcon_core.package_identification:_identify(src/metapackage) by extensions ['ignore', 'ignore_ament_install']
[0.172s] Level 1:colcon.colcon_core.package_identification:_identify(src/metapackage) by extension 'ignore'
[0.172s] Level 1:colcon.colcon_core.package_identification:_identify(src/metapackage) by extension 'ignore_ament_install'
[0.172s] Level 1:colcon.colcon_core.package_identification:_identify(src/metapackage) by extensions ['colcon_pkg']
[0.172s] Level 1:colcon.colcon_core.package_identification:_identify(src/metapackage) by extension 'colcon_pkg'
[0.172s] Level 1:colcon.colcon_core.package_identification:_identify(src/metapackage) by extensions ['colcon_meta']
[0.172s] Level 1:colcon.colcon_core.package_identification:_identify(src/metapackage) by extension 'colcon_meta'
[0.172s] Level 1:colcon.colcon_core.package_identification:_identify(src/metapackage) by extensions ['ros']
[0.172s] Level 1:colcon.colcon_core.package_identification:_identify(src/metapackage) by extension 'ros'
[0.174s] DEBUG:colcon.colcon_core.package_identification:Package 'src/metapackage' with type 'ros.ament_cmake' and name 'Ysolve-bot'
[0.175s] Level 1:colcon.colcon_core.package_identification:_identify(src/ysolve_bot_my_slam) by extensions ['ignore', 'ignore_ament_install']
[0.175s] Level 1:colcon.colcon_core.package_identification:_identify(src/ysolve_bot_my_slam) by extension 'ignore'
[0.175s] Level 1:colcon.colcon_core.package_identification:_identify(src/ysolve_bot_my_slam) by extension 'ignore_ament_install'
[0.175s] Level 1:colcon.colcon_core.package_identification:_identify(src/ysolve_bot_my_slam) by extensions ['colcon_pkg']
[0.175s] Level 1:colcon.colcon_core.package_identification:_identify(src/ysolve_bot_my_slam) by extension 'colcon_pkg'
[0.175s] Level 1:colcon.colcon_core.package_identification:_identify(src/ysolve_bot_my_slam) by extensions ['colcon_meta']
[0.175s] Level 1:colcon.colcon_core.package_identification:_identify(src/ysolve_bot_my_slam) by extension 'colcon_meta'
[0.175s] Level 1:colcon.colcon_core.package_identification:_identify(src/ysolve_bot_my_slam) by extensions ['ros']
[0.175s] Level 1:colcon.colcon_core.package_identification:_identify(src/ysolve_bot_my_slam) by extension 'ros'
[0.176s] DEBUG:colcon.colcon_core.package_identification:Package 'src/ysolve_bot_my_slam' with type 'ros.ament_python' and name 'my_slam'
[0.176s] Level 1:colcon.colcon_core.package_identification:_identify(src/ysolve_bot_nav_route) by extensions ['ignore', 'ignore_ament_install']
[0.176s] Level 1:colcon.colcon_core.package_identification:_identify(src/ysolve_bot_nav_route) by extension 'ignore'
[0.176s] Level 1:colcon.colcon_core.package_identification:_identify(src/ysolve_bot_nav_route) by extension 'ignore_ament_install'
[0.176s] Level 1:colcon.colcon_core.package_identification:_identify(src/ysolve_bot_nav_route) by extensions ['colcon_pkg']
[0.176s] Level 1:colcon.colcon_core.package_identification:_identify(src/ysolve_bot_nav_route) by extension 'colcon_pkg'
[0.176s] Level 1:colcon.colcon_core.package_identification:_identify(src/ysolve_bot_nav_route) by extensions ['colcon_meta']
[0.176s] Level 1:colcon.colcon_core.package_identification:_identify(src/ysolve_bot_nav_route) by extension 'colcon_meta'
[0.177s] Level 1:colcon.colcon_core.package_identification:_identify(src/ysolve_bot_nav_route) by extensions ['ros']
[0.177s] Level 1:colcon.colcon_core.package_identification:_identify(src/ysolve_bot_nav_route) by extension 'ros'
[0.177s] DEBUG:colcon.colcon_core.package_identification:Package 'src/ysolve_bot_nav_route' with type 'ros.ament_python' and name 'ysolve_bot_nav_route'
[0.178s] Level 1:colcon.colcon_core.package_identification:_identify(src/ysolve_bot_publisher) by extensions ['ignore', 'ignore_ament_install']
[0.178s] Level 1:colcon.colcon_core.package_identification:_identify(src/ysolve_bot_publisher) by extension 'ignore'
[0.178s] Level 1:colcon.colcon_core.package_identification:_identify(src/ysolve_bot_publisher) by extension 'ignore_ament_install'
[0.178s] Level 1:colcon.colcon_core.package_identification:_identify(src/ysolve_bot_publisher) by extensions ['colcon_pkg']
[0.178s] Level 1:colcon.colcon_core.package_identification:_identify(src/ysolve_bot_publisher) by extension 'colcon_pkg'
[0.178s] Level 1:colcon.colcon_core.package_identification:_identify(src/ysolve_bot_publisher) by extensions ['colcon_meta']
[0.178s] Level 1:colcon.colcon_core.package_identification:_identify(src/ysolve_bot_publisher) by extension 'colcon_meta'
[0.178s] Level 1:colcon.colcon_core.package_identification:_identify(src/ysolve_bot_publisher) by extensions ['ros']
[0.178s] Level 1:colcon.colcon_core.package_identification:_identify(src/ysolve_bot_publisher) by extension 'ros'
[0.179s] DEBUG:colcon.colcon_core.package_identification:Package 'src/ysolve_bot_publisher' with type 'ros.ament_python' and name 'ysolve_bot_publisher'
[0.179s] Level 1:colcon.colcon_core.package_identification:_identify(src/ysolve_bot_subscriber) by extensions ['ignore', 'ignore_ament_install']
[0.179s] Level 1:colcon.colcon_core.package_identification:_identify(src/ysolve_bot_subscriber) by extension 'ignore'
[0.179s] Level 1:colcon.colcon_core.package_identification:_identify(src/ysolve_bot_subscriber) by extension 'ignore_ament_install'
[0.179s] Level 1:colcon.colcon_core.package_identification:_identify(src/ysolve_bot_subscriber) by extensions ['colcon_pkg']
[0.179s] Level 1:colcon.colcon_core.package_identification:_identify(src/ysolve_bot_subscriber) by extension 'colcon_pkg'
[0.179s] Level 1:colcon.colcon_core.package_identification:_identify(src/ysolve_bot_subscriber) by extensions ['colcon_meta']
[0.179s] Level 1:colcon.colcon_core.package_identification:_identify(src/ysolve_bot_subscriber) by extension 'colcon_meta'
[0.179s] Level 1:colcon.colcon_core.package_identification:_identify(src/ysolve_bot_subscriber) by extensions ['ros']
[0.179s] Level 1:colcon.colcon_core.package_identification:_identify(src/ysolve_bot_subscriber) by extension 'ros'
[0.180s] DEBUG:colcon.colcon_core.package_identification:Package 'src/ysolve_bot_subscriber' with type 'ros.ament_python' and name 'ysolve_bot_subscriber'
[0.180s] Level 1:colcon.colcon_core.package_discovery:discover_packages(recursive) using defaults
[0.180s] Level 1:colcon.colcon_core.package_discovery:discover_packages(ignore) discover
[0.180s] Level 1:colcon.colcon_core.package_discovery:discover_packages(ignore) using defaults
[0.180s] Level 1:colcon.colcon_core.package_discovery:discover_packages(path) discover
[0.180s] Level 1:colcon.colcon_core.package_discovery:discover_packages(path) using defaults
[0.198s] INFO:colcon.colcon_core.package_selection:Skipping not selected package 'my_slam' in 'src/ysolve_bot_my_slam'
[0.198s] INFO:colcon.colcon_core.package_selection:Skipping not selected package 'ysolve_bot_nav_route' in 'src/ysolve_bot_nav_route'
[0.198s] INFO:colcon.colcon_core.package_selection:Skipping not selected package 'ysolve_bot_publisher' in 'src/ysolve_bot_publisher'
[0.198s] INFO:colcon.colcon_core.package_selection:Skipping not selected package 'Ysolve-bot' in 'src/metapackage'
[0.199s] Level 5:colcon.colcon_core.verb:set package 'ysolve_bot_subscriber' build argument 'cmake_args' from command line to 'None'
[0.199s] Level 5:colcon.colcon_core.verb:set package 'ysolve_bot_subscriber' build argument 'cmake_target' from command line to 'None'
[0.199s] Level 5:colcon.colcon_core.verb:set package 'ysolve_bot_subscriber' build argument 'cmake_target_skip_unavailable' from command line to 'False'
[0.199s] Level 5:colcon.colcon_core.verb:set package 'ysolve_bot_subscriber' build argument 'cmake_clean_cache' from command line to 'False'
[0.199s] Level 5:colcon.colcon_core.verb:set package 'ysolve_bot_subscriber' build argument 'cmake_clean_first' from command line to 'False'
[0.199s] Level 5:colcon.colcon_core.verb:set package 'ysolve_bot_subscriber' build argument 'cmake_force_configure' from command line to 'False'
[0.199s] Level 5:colcon.colcon_core.verb:set package 'ysolve_bot_subscriber' build argument 'ament_cmake_args' from command line to 'None'
[0.200s] Level 5:colcon.colcon_core.verb:set package 'ysolve_bot_subscriber' build argument 'catkin_cmake_args' from command line to 'None'
[0.200s] Level 5:colcon.colcon_core.verb:set package 'ysolve_bot_subscriber' build argument 'catkin_skip_building_tests' from command line to 'False'
[0.200s] DEBUG:colcon.colcon_core.verb:Building package 'ysolve_bot_subscriber' with the following arguments: {'ament_cmake_args': None, 'build_base': '/home/raul/Escritorio/Ysolve_bot_mai/ysolve/src/ysolve_bot/build/ysolve_bot_subscriber', 'catkin_cmake_args': None, 'catkin_skip_building_tests': False, 'cmake_args': None, 'cmake_clean_cache': False, 'cmake_clean_first': False, 'cmake_force_configure': False, 'cmake_target': None, 'cmake_target_skip_unavailable': False, 'install_base': '/home/raul/Escritorio/Ysolve_bot_mai/ysolve/src/ysolve_bot/install/ysolve_bot_subscriber', 'merge_install': False, 'path': '/home/raul/Escritorio/Ysolve_bot_mai/ysolve/src/ysolve_bot/src/ysolve_bot_subscriber', 'symlink_install': False, 'test_result_base': None}
[0.212s] INFO:colcon.colcon_core.executor:Executing jobs using 'parallel' executor
[0.214s] DEBUG:colcon.colcon_parallel_executor.executor.parallel:run_until_complete
[0.214s] INFO:colcon.colcon_ros.task.ament_python.build:Building ROS package in '/home/raul/Escritorio/Ysolve_bot_mai/ysolve/src/ysolve_bot/src/ysolve_bot_subscriber' with build type 'ament_python'
[0.214s] Level 1:colcon.colcon_core.shell:create_environment_hook('ysolve_bot_subscriber', 'ament_prefix_path')
[0.217s] INFO:colcon.colcon_core.plugin_system:Skipping extension 'colcon_core.shell.bat': Not used on non-Windows systems
[0.218s] INFO:colcon.colcon_core.shell:Creating environment hook '/home/raul/Escritorio/Ysolve_bot_mai/ysolve/src/ysolve_bot/install/ysolve_bot_subscriber/share/ysolve_bot_subscriber/hook/ament_prefix_path.ps1'
[0.219s] INFO:colcon.colcon_core.shell:Creating environment descriptor '/home/raul/Escritorio/Ysolve_bot_mai/ysolve/src/ysolve_bot/install/ysolve_bot_subscriber/share/ysolve_bot_subscriber/hook/ament_prefix_path.dsv'
[0.220s] INFO:colcon.colcon_core.shell:Creating environment hook '/home/raul/Escritorio/Ysolve_bot_mai/ysolve/src/ysolve_bot/install/ysolve_bot_subscriber/share/ysolve_bot_subscriber/hook/ament_prefix_path.sh'
[0.221s] INFO:colcon.colcon_core.shell:Skip shell extension 'powershell' for command environment: Not usable outside of PowerShell
[0.221s] DEBUG:colcon.colcon_core.shell:Skip shell extension 'dsv' for command environment
[0.477s] INFO:colcon.colcon_core.task.python.build:Building Python package in '/home/raul/Escritorio/Ysolve_bot_mai/ysolve/src/ysolve_bot/src/ysolve_bot_subscriber'
[0.478s] INFO:colcon.colcon_core.shell:Skip shell extension 'powershell' for command environment: Not usable outside of PowerShell
[0.478s] DEBUG:colcon.colcon_core.shell:Skip shell extension 'dsv' for command environment
[1.020s] DEBUG:colcon.colcon_core.event_handler.log_command:Invoking command in '/home/raul/Escritorio/Ysolve_bot_mai/ysolve/src/ysolve_bot/src/ysolve_bot_subscriber': PS1=(rosenv) \[\e]0;\u@\h: \w\a\]${debian_chroot:+($debian_chroot)}\[\033[01;32m\]\u@\h\[\033[00m\]:\[\033[01;34m\]\w\[\033[00m\]\$ PYTHONPATH=/home/raul/Escritorio/Ysolve_bot_mai/ysolve/src/ysolve_bot/install/ysolve_bot_subscriber/lib/python3.8/site-packages:${PYTHONPATH} /usr/bin/python3 setup.py egg_info --egg-base ../../build/ysolve_bot_subscriber build --build-base /home/raul/Escritorio/Ysolve_bot_mai/ysolve/src/ysolve_bot/build/ysolve_bot_subscriber/build install --prefix /home/raul/Escritorio/Ysolve_bot_mai/ysolve/src/ysolve_bot/install/ysolve_bot_subscriber --record /home/raul/Escritorio/Ysolve_bot_mai/ysolve/src/ysolve_bot/build/ysolve_bot_subscriber/install.log --single-version-externally-managed
[1.377s] DEBUG:colcon.colcon_core.event_handler.log_command:Invoked command in '/home/raul/Escritorio/Ysolve_bot_mai/ysolve/src/ysolve_bot/src/ysolve_bot_subscriber' returned '0': PS1=(rosenv) \[\e]0;\u@\h: \w\a\]${debian_chroot:+($debian_chroot)}\[\033[01;32m\]\u@\h\[\033[00m\]:\[\033[01;34m\]\w\[\033[00m\]\$ PYTHONPATH=/home/raul/Escritorio/Ysolve_bot_mai/ysolve/src/ysolve_bot/install/ysolve_bot_subscriber/lib/python3.8/site-packages:${PYTHONPATH} /usr/bin/python3 setup.py egg_info --egg-base ../../build/ysolve_bot_subscriber build --build-base /home/raul/Escritorio/Ysolve_bot_mai/ysolve/src/ysolve_bot/build/ysolve_bot_subscriber/build install --prefix /home/raul/Escritorio/Ysolve_bot_mai/ysolve/src/ysolve_bot/install/ysolve_bot_subscriber --record /home/raul/Escritorio/Ysolve_bot_mai/ysolve/src/ysolve_bot/build/ysolve_bot_subscriber/install.log --single-version-externally-managed
[1.390s] Level 1:colcon.colcon_core.environment:checking '/home/raul/Escritorio/Ysolve_bot_mai/ysolve/src/ysolve_bot/install/ysolve_bot_subscriber' for CMake module files
[1.390s] Level 1:colcon.colcon_core.environment:checking '/home/raul/Escritorio/Ysolve_bot_mai/ysolve/src/ysolve_bot/install/ysolve_bot_subscriber' for CMake config files
[1.391s] Level 1:colcon.colcon_core.environment:checking '/home/raul/Escritorio/Ysolve_bot_mai/ysolve/src/ysolve_bot/install/ysolve_bot_subscriber/lib'
[1.391s] Level 1:colcon.colcon_core.environment:checking '/home/raul/Escritorio/Ysolve_bot_mai/ysolve/src/ysolve_bot/install/ysolve_bot_subscriber/bin'
[1.392s] Level 1:colcon.colcon_core.environment:checking '/home/raul/Escritorio/Ysolve_bot_mai/ysolve/src/ysolve_bot/install/ysolve_bot_subscriber/lib/pkgconfig/ysolve_bot_subscriber.pc'
[1.392s] Level 1:colcon.colcon_core.environment:checking '/home/raul/Escritorio/Ysolve_bot_mai/ysolve/src/ysolve_bot/install/ysolve_bot_subscriber/lib/python3.8/site-packages'
[1.392s] Level 1:colcon.colcon_core.shell:create_environment_hook('ysolve_bot_subscriber', 'pythonpath')
[1.393s] INFO:colcon.colcon_core.shell:Creating environment hook '/home/raul/Escritorio/Ysolve_bot_mai/ysolve/src/ysolve_bot/install/ysolve_bot_subscriber/share/ysolve_bot_subscriber/hook/pythonpath.ps1'
[1.395s] INFO:colcon.colcon_core.shell:Creating environment descriptor '/home/raul/Escritorio/Ysolve_bot_mai/ysolve/src/ysolve_bot/install/ysolve_bot_subscriber/share/ysolve_bot_subscriber/hook/pythonpath.dsv'
[1.395s] INFO:colcon.colcon_core.shell:Creating environment hook '/home/raul/Escritorio/Ysolve_bot_mai/ysolve/src/ysolve_bot/install/ysolve_bot_subscriber/share/ysolve_bot_subscriber/hook/pythonpath.sh'
[1.395s] Level 1:colcon.colcon_core.environment:create_environment_scripts_only(ysolve_bot_subscriber)
[1.396s] INFO:colcon.colcon_core.shell:Creating package script '/home/raul/Escritorio/Ysolve_bot_mai/ysolve/src/ysolve_bot/install/ysolve_bot_subscriber/share/ysolve_bot_subscriber/package.ps1'
[1.406s] INFO:colcon.colcon_core.shell:Creating package descriptor '/home/raul/Escritorio/Ysolve_bot_mai/ysolve/src/ysolve_bot/install/ysolve_bot_subscriber/share/ysolve_bot_subscriber/package.dsv'
[1.409s] INFO:colcon.colcon_core.shell:Creating package script '/home/raul/Escritorio/Ysolve_bot_mai/ysolve/src/ysolve_bot/install/ysolve_bot_subscriber/share/ysolve_bot_subscriber/package.sh'
[1.410s] INFO:colcon.colcon_core.shell:Creating package script '/home/raul/Escritorio/Ysolve_bot_mai/ysolve/src/ysolve_bot/install/ysolve_bot_subscriber/share/ysolve_bot_subscriber/package.bash'
[1.412s] INFO:colcon.colcon_core.shell:Creating package script '/home/raul/Escritorio/Ysolve_bot_mai/ysolve/src/ysolve_bot/install/ysolve_bot_subscriber/share/ysolve_bot_subscriber/package.zsh'
[1.412s] Level 1:colcon.colcon_core.environment:create_file_with_runtime_dependencies(/home/raul/Escritorio/Ysolve_bot_mai/ysolve/src/ysolve_bot/install/ysolve_bot_subscriber/share/colcon-core/packages/ysolve_bot_subscriber)
[1.413s] DEBUG:colcon.colcon_parallel_executor.executor.parallel:closing loop
[1.413s] DEBUG:colcon.colcon_parallel_executor.executor.parallel:loop closed
[1.414s] DEBUG:colcon.colcon_parallel_executor.executor.parallel:run_until_complete finished with '0'
[1.414s] DEBUG:colcon.colcon_core.event_reactor:joining thread
[1.422s] INFO:colcon.colcon_core.plugin_system:Skipping extension 'colcon_notification.desktop_notification.terminal_notifier': Not used on non-Darwin systems
[1.423s] INFO:colcon.colcon_core.plugin_system:Skipping extension 'colcon_notification.desktop_notification.win32': Not used on non-Windows systems
[1.423s] INFO:colcon.colcon_notification.desktop_notification:Sending desktop notification using 'notify2'
[1.481s] DEBUG:colcon.colcon_core.event_reactor:joined thread
[1.482s] INFO:colcon.colcon_core.shell:Creating prefix script '/home/raul/Escritorio/Ysolve_bot_mai/ysolve/src/ysolve_bot/install/local_setup.ps1'
[1.482s] INFO:colcon.colcon_core.shell:Creating prefix util module '/home/raul/Escritorio/Ysolve_bot_mai/ysolve/src/ysolve_bot/install/_local_setup_util_ps1.py'
[1.484s] INFO:colcon.colcon_core.shell:Creating prefix chain script '/home/raul/Escritorio/Ysolve_bot_mai/ysolve/src/ysolve_bot/install/setup.ps1'
[1.487s] INFO:colcon.colcon_core.shell:Creating prefix script '/home/raul/Escritorio/Ysolve_bot_mai/ysolve/src/ysolve_bot/install/local_setup.sh'
[1.488s] INFO:colcon.colcon_core.shell:Creating prefix util module '/home/raul/Escritorio/Ysolve_bot_mai/ysolve/src/ysolve_bot/install/_local_setup_util_sh.py'
[1.493s] INFO:colcon.colcon_core.shell:Creating prefix chain script '/home/raul/Escritorio/Ysolve_bot_mai/ysolve/src/ysolve_bot/install/setup.sh'
[1.496s] INFO:colcon.colcon_core.shell:Creating prefix script '/home/raul/Escritorio/Ysolve_bot_mai/ysolve/src/ysolve_bot/install/local_setup.bash'
[1.503s] INFO:colcon.colcon_core.shell:Creating prefix chain script '/home/raul/Escritorio/Ysolve_bot_mai/ysolve/src/ysolve_bot/install/setup.bash'
[1.507s] INFO:colcon.colcon_core.shell:Creating prefix script '/home/raul/Escritorio/Ysolve_bot_mai/ysolve/src/ysolve_bot/install/local_setup.zsh'
[1.514s] INFO:colcon.colcon_core.shell:Creating prefix chain script '/home/raul/Escritorio/Ysolve_bot_mai/ysolve/src/ysolve_bot/install/setup.zsh'
