running egg_info
creating ../../build/ysolve_bot_publisher/ysolve_bot_publisher.egg-info
writing ../../build/ysolve_bot_publisher/ysolve_bot_publisher.egg-info/PKG-INFO
writing dependency_links to ../../build/ysolve_bot_publisher/ysolve_bot_publisher.egg-info/dependency_links.txt
writing entry points to ../../build/ysolve_bot_publisher/ysolve_bot_publisher.egg-info/entry_points.txt
writing requirements to ../../build/ysolve_bot_publisher/ysolve_bot_publisher.egg-info/requires.txt
writing top-level names to ../../build/ysolve_bot_publisher/ysolve_bot_publisher.egg-info/top_level.txt
writing manifest file '../../build/ysolve_bot_publisher/ysolve_bot_publisher.egg-info/SOURCES.txt'
reading manifest file '../../build/ysolve_bot_publisher/ysolve_bot_publisher.egg-info/SOURCES.txt'
writing manifest file '../../build/ysolve_bot_publisher/ysolve_bot_publisher.egg-info/SOURCES.txt'
running build
running build_py
creating /home/raul/Escritorio/Ysolve_bot_mai/ysolve/src/ysolve_bot/build/ysolve_bot_publisher/build
creating /home/raul/Escritorio/Ysolve_bot_mai/ysolve/src/ysolve_bot/build/ysolve_bot_publisher/build/lib
creating /home/raul/Escritorio/Ysolve_bot_mai/ysolve/src/ysolve_bot/build/ysolve_bot_publisher/build/lib/ysolve_bot_publisher
copying ysolve_bot_publisher/position1_publisher.py -> /home/raul/Escritorio/Ysolve_bot_mai/ysolve/src/ysolve_bot/build/ysolve_bot_publisher/build/lib/ysolve_bot_publisher
copying ysolve_bot_publisher/position2_publisher.py -> /home/raul/Escritorio/Ysolve_bot_mai/ysolve/src/ysolve_bot/build/ysolve_bot_publisher/build/lib/ysolve_bot_publisher
copying ysolve_bot_publisher/__init__.py -> /home/raul/Escritorio/Ysolve_bot_mai/ysolve/src/ysolve_bot/build/ysolve_bot_publisher/build/lib/ysolve_bot_publisher
copying ysolve_bot_publisher/position3_publisher.py -> /home/raul/Escritorio/Ysolve_bot_mai/ysolve/src/ysolve_bot/build/ysolve_bot_publisher/build/lib/ysolve_bot_publisher
running install
running install_lib
creating /home/raul/Escritorio/Ysolve_bot_mai/ysolve/src/ysolve_bot/install/ysolve_bot_publisher/lib/python3.8/site-packages/ysolve_bot_publisher
copying /home/raul/Escritorio/Ysolve_bot_mai/ysolve/src/ysolve_bot/build/ysolve_bot_publisher/build/lib/ysolve_bot_publisher/position1_publisher.py -> /home/raul/Escritorio/Ysolve_bot_mai/ysolve/src/ysolve_bot/install/ysolve_bot_publisher/lib/python3.8/site-packages/ysolve_bot_publisher
copying /home/raul/Escritorio/Ysolve_bot_mai/ysolve/src/ysolve_bot/build/ysolve_bot_publisher/build/lib/ysolve_bot_publisher/position2_publisher.py -> /home/raul/Escritorio/Ysolve_bot_mai/ysolve/src/ysolve_bot/install/ysolve_bot_publisher/lib/python3.8/site-packages/ysolve_bot_publisher
copying /home/raul/Escritorio/Ysolve_bot_mai/ysolve/src/ysolve_bot/build/ysolve_bot_publisher/build/lib/ysolve_bot_publisher/__init__.py -> /home/raul/Escritorio/Ysolve_bot_mai/ysolve/src/ysolve_bot/install/ysolve_bot_publisher/lib/python3.8/site-packages/ysolve_bot_publisher
copying /home/raul/Escritorio/Ysolve_bot_mai/ysolve/src/ysolve_bot/build/ysolve_bot_publisher/build/lib/ysolve_bot_publisher/position3_publisher.py -> /home/raul/Escritorio/Ysolve_bot_mai/ysolve/src/ysolve_bot/install/ysolve_bot_publisher/lib/python3.8/site-packages/ysolve_bot_publisher
byte-compiling /home/raul/Escritorio/Ysolve_bot_mai/ysolve/src/ysolve_bot/install/ysolve_bot_publisher/lib/python3.8/site-packages/ysolve_bot_publisher/position1_publisher.py to position1_publisher.cpython-38.pyc
byte-compiling /home/raul/Escritorio/Ysolve_bot_mai/ysolve/src/ysolve_bot/install/ysolve_bot_publisher/lib/python3.8/site-packages/ysolve_bot_publisher/position2_publisher.py to position2_publisher.cpython-38.pyc
byte-compiling /home/raul/Escritorio/Ysolve_bot_mai/ysolve/src/ysolve_bot/install/ysolve_bot_publisher/lib/python3.8/site-packages/ysolve_bot_publisher/__init__.py to __init__.cpython-38.pyc
byte-compiling /home/raul/Escritorio/Ysolve_bot_mai/ysolve/src/ysolve_bot/install/ysolve_bot_publisher/lib/python3.8/site-packages/ysolve_bot_publisher/position3_publisher.py to position3_publisher.cpython-38.pyc
running install_data
creating /home/raul/Escritorio/Ysolve_bot_mai/ysolve/src/ysolve_bot/install/ysolve_bot_publisher/share/ament_index
creating /home/raul/Escritorio/Ysolve_bot_mai/ysolve/src/ysolve_bot/install/ysolve_bot_publisher/share/ament_index/resource_index
creating /home/raul/Escritorio/Ysolve_bot_mai/ysolve/src/ysolve_bot/install/ysolve_bot_publisher/share/ament_index/resource_index/packages
copying resource/ysolve_bot_publisher -> /home/raul/Escritorio/Ysolve_bot_mai/ysolve/src/ysolve_bot/install/ysolve_bot_publisher/share/ament_index/resource_index/packages
copying package.xml -> /home/raul/Escritorio/Ysolve_bot_mai/ysolve/src/ysolve_bot/install/ysolve_bot_publisher/share/ysolve_bot_publisher
copying launch/go_position2_publisher.launch.py -> /home/raul/Escritorio/Ysolve_bot_mai/ysolve/src/ysolve_bot/install/ysolve_bot_publisher/share/ysolve_bot_publisher
copying launch/go_position1_publisher.launch.py -> /home/raul/Escritorio/Ysolve_bot_mai/ysolve/src/ysolve_bot/install/ysolve_bot_publisher/share/ysolve_bot_publisher
copying launch/go_position3_publisher.launch.py -> /home/raul/Escritorio/Ysolve_bot_mai/ysolve/src/ysolve_bot/install/ysolve_bot_publisher/share/ysolve_bot_publisher
running install_egg_info
Copying ../../build/ysolve_bot_publisher/ysolve_bot_publisher.egg-info to /home/raul/Escritorio/Ysolve_bot_mai/ysolve/src/ysolve_bot/install/ysolve_bot_publisher/lib/python3.8/site-packages/ysolve_bot_publisher-0.0.0-py3.8.egg-info
running install_scripts
Installing position1_publisher script to /home/raul/Escritorio/Ysolve_bot_mai/ysolve/src/ysolve_bot/install/ysolve_bot_publisher/lib/ysolve_bot_publisher
Installing position2_publisher script to /home/raul/Escritorio/Ysolve_bot_mai/ysolve/src/ysolve_bot/install/ysolve_bot_publisher/lib/ysolve_bot_publisher
Installing position3_publisher script to /home/raul/Escritorio/Ysolve_bot_mai/ysolve/src/ysolve_bot/install/ysolve_bot_publisher/lib/ysolve_bot_publisher
writing list of installed files to '/home/raul/Escritorio/Ysolve_bot_mai/ysolve/src/ysolve_bot/build/ysolve_bot_publisher/install.log'
