[1.000s] Invoking command in '/home/raul/Escritorio/Ysolve_bot_mai/ysolve/src/ysolve_bot/src/ysolve_bot_publisher': PS1=(rosenv) \[\e]0;\u@\h: \w\a\]${debian_chroot:+($debian_chroot)}\[\033[01;32m\]\u@\h\[\033[00m\]:\[\033[01;34m\]\w\[\033[00m\]\$ PYTHONPATH=/home/raul/Escritorio/Ysolve_bot_mai/ysolve/src/ysolve_bot/install/ysolve_bot_publisher/lib/python3.8/site-packages:${PYTHONPATH} /usr/bin/python3 setup.py egg_info --egg-base ../../build/ysolve_bot_publisher build --build-base /home/raul/Escritorio/Ysolve_bot_mai/ysolve/src/ysolve_bot/build/ysolve_bot_publisher/build install --prefix /home/raul/Escritorio/Ysolve_bot_mai/ysolve/src/ysolve_bot/install/ysolve_bot_publisher --record /home/raul/Escritorio/Ysolve_bot_mai/ysolve/src/ysolve_bot/build/ysolve_bot_publisher/install.log --single-version-externally-managed
[1.235s] running egg_info
[1.236s] creating ../../build/ysolve_bot_publisher/ysolve_bot_publisher.egg-info
[1.237s] writing ../../build/ysolve_bot_publisher/ysolve_bot_publisher.egg-info/PKG-INFO
[1.237s] writing dependency_links to ../../build/ysolve_bot_publisher/ysolve_bot_publisher.egg-info/dependency_links.txt
[1.238s] writing entry points to ../../build/ysolve_bot_publisher/ysolve_bot_publisher.egg-info/entry_points.txt
[1.238s] writing requirements to ../../build/ysolve_bot_publisher/ysolve_bot_publisher.egg-info/requires.txt
[1.238s] writing top-level names to ../../build/ysolve_bot_publisher/ysolve_bot_publisher.egg-info/top_level.txt
[1.243s] writing manifest file '../../build/ysolve_bot_publisher/ysolve_bot_publisher.egg-info/SOURCES.txt'
[1.272s] reading manifest file '../../build/ysolve_bot_publisher/ysolve_bot_publisher.egg-info/SOURCES.txt'
[1.273s] writing manifest file '../../build/ysolve_bot_publisher/ysolve_bot_publisher.egg-info/SOURCES.txt'
[1.273s] running build
[1.274s] running build_py
[1.274s] creating /home/raul/Escritorio/Ysolve_bot_mai/ysolve/src/ysolve_bot/build/ysolve_bot_publisher/build
[1.274s] creating /home/raul/Escritorio/Ysolve_bot_mai/ysolve/src/ysolve_bot/build/ysolve_bot_publisher/build/lib
[1.274s] creating /home/raul/Escritorio/Ysolve_bot_mai/ysolve/src/ysolve_bot/build/ysolve_bot_publisher/build/lib/ysolve_bot_publisher
[1.275s] copying ysolve_bot_publisher/position1_publisher.py -> /home/raul/Escritorio/Ysolve_bot_mai/ysolve/src/ysolve_bot/build/ysolve_bot_publisher/build/lib/ysolve_bot_publisher
[1.275s] copying ysolve_bot_publisher/position2_publisher.py -> /home/raul/Escritorio/Ysolve_bot_mai/ysolve/src/ysolve_bot/build/ysolve_bot_publisher/build/lib/ysolve_bot_publisher
[1.275s] copying ysolve_bot_publisher/__init__.py -> /home/raul/Escritorio/Ysolve_bot_mai/ysolve/src/ysolve_bot/build/ysolve_bot_publisher/build/lib/ysolve_bot_publisher
[1.275s] copying ysolve_bot_publisher/position3_publisher.py -> /home/raul/Escritorio/Ysolve_bot_mai/ysolve/src/ysolve_bot/build/ysolve_bot_publisher/build/lib/ysolve_bot_publisher
[1.276s] running install
[1.277s] running install_lib
[1.278s] creating /home/raul/Escritorio/Ysolve_bot_mai/ysolve/src/ysolve_bot/install/ysolve_bot_publisher/lib/python3.8/site-packages/ysolve_bot_publisher
[1.278s] copying /home/raul/Escritorio/Ysolve_bot_mai/ysolve/src/ysolve_bot/build/ysolve_bot_publisher/build/lib/ysolve_bot_publisher/position1_publisher.py -> /home/raul/Escritorio/Ysolve_bot_mai/ysolve/src/ysolve_bot/install/ysolve_bot_publisher/lib/python3.8/site-packages/ysolve_bot_publisher
[1.278s] copying /home/raul/Escritorio/Ysolve_bot_mai/ysolve/src/ysolve_bot/build/ysolve_bot_publisher/build/lib/ysolve_bot_publisher/position2_publisher.py -> /home/raul/Escritorio/Ysolve_bot_mai/ysolve/src/ysolve_bot/install/ysolve_bot_publisher/lib/python3.8/site-packages/ysolve_bot_publisher
[1.279s] copying /home/raul/Escritorio/Ysolve_bot_mai/ysolve/src/ysolve_bot/build/ysolve_bot_publisher/build/lib/ysolve_bot_publisher/__init__.py -> /home/raul/Escritorio/Ysolve_bot_mai/ysolve/src/ysolve_bot/install/ysolve_bot_publisher/lib/python3.8/site-packages/ysolve_bot_publisher
[1.279s] copying /home/raul/Escritorio/Ysolve_bot_mai/ysolve/src/ysolve_bot/build/ysolve_bot_publisher/build/lib/ysolve_bot_publisher/position3_publisher.py -> /home/raul/Escritorio/Ysolve_bot_mai/ysolve/src/ysolve_bot/install/ysolve_bot_publisher/lib/python3.8/site-packages/ysolve_bot_publisher
[1.280s] byte-compiling /home/raul/Escritorio/Ysolve_bot_mai/ysolve/src/ysolve_bot/install/ysolve_bot_publisher/lib/python3.8/site-packages/ysolve_bot_publisher/position1_publisher.py to position1_publisher.cpython-38.pyc
[1.281s] byte-compiling /home/raul/Escritorio/Ysolve_bot_mai/ysolve/src/ysolve_bot/install/ysolve_bot_publisher/lib/python3.8/site-packages/ysolve_bot_publisher/position2_publisher.py to position2_publisher.cpython-38.pyc
[1.281s] byte-compiling /home/raul/Escritorio/Ysolve_bot_mai/ysolve/src/ysolve_bot/install/ysolve_bot_publisher/lib/python3.8/site-packages/ysolve_bot_publisher/__init__.py to __init__.cpython-38.pyc
[1.282s] byte-compiling /home/raul/Escritorio/Ysolve_bot_mai/ysolve/src/ysolve_bot/install/ysolve_bot_publisher/lib/python3.8/site-packages/ysolve_bot_publisher/position3_publisher.py to position3_publisher.cpython-38.pyc
[1.282s] running install_data
[1.283s] creating /home/raul/Escritorio/Ysolve_bot_mai/ysolve/src/ysolve_bot/install/ysolve_bot_publisher/share/ament_index
[1.283s] creating /home/raul/Escritorio/Ysolve_bot_mai/ysolve/src/ysolve_bot/install/ysolve_bot_publisher/share/ament_index/resource_index
[1.283s] creating /home/raul/Escritorio/Ysolve_bot_mai/ysolve/src/ysolve_bot/install/ysolve_bot_publisher/share/ament_index/resource_index/packages
[1.284s] copying resource/ysolve_bot_publisher -> /home/raul/Escritorio/Ysolve_bot_mai/ysolve/src/ysolve_bot/install/ysolve_bot_publisher/share/ament_index/resource_index/packages
[1.284s] copying package.xml -> /home/raul/Escritorio/Ysolve_bot_mai/ysolve/src/ysolve_bot/install/ysolve_bot_publisher/share/ysolve_bot_publisher
[1.284s] copying launch/go_position2_publisher.launch.py -> /home/raul/Escritorio/Ysolve_bot_mai/ysolve/src/ysolve_bot/install/ysolve_bot_publisher/share/ysolve_bot_publisher
[1.285s] copying launch/go_position1_publisher.launch.py -> /home/raul/Escritorio/Ysolve_bot_mai/ysolve/src/ysolve_bot/install/ysolve_bot_publisher/share/ysolve_bot_publisher
[1.285s] copying launch/go_position3_publisher.launch.py -> /home/raul/Escritorio/Ysolve_bot_mai/ysolve/src/ysolve_bot/install/ysolve_bot_publisher/share/ysolve_bot_publisher
[1.285s] running install_egg_info
[1.287s] Copying ../../build/ysolve_bot_publisher/ysolve_bot_publisher.egg-info to /home/raul/Escritorio/Ysolve_bot_mai/ysolve/src/ysolve_bot/install/ysolve_bot_publisher/lib/python3.8/site-packages/ysolve_bot_publisher-0.0.0-py3.8.egg-info
[1.289s] running install_scripts
[1.305s] Installing position1_publisher script to /home/raul/Escritorio/Ysolve_bot_mai/ysolve/src/ysolve_bot/install/ysolve_bot_publisher/lib/ysolve_bot_publisher
[1.305s] Installing position2_publisher script to /home/raul/Escritorio/Ysolve_bot_mai/ysolve/src/ysolve_bot/install/ysolve_bot_publisher/lib/ysolve_bot_publisher
[1.305s] Installing position3_publisher script to /home/raul/Escritorio/Ysolve_bot_mai/ysolve/src/ysolve_bot/install/ysolve_bot_publisher/lib/ysolve_bot_publisher
[1.306s] writing list of installed files to '/home/raul/Escritorio/Ysolve_bot_mai/ysolve/src/ysolve_bot/build/ysolve_bot_publisher/install.log'
[1.367s] Invoked command in '/home/raul/Escritorio/Ysolve_bot_mai/ysolve/src/ysolve_bot/src/ysolve_bot_publisher' returned '0': PS1=(rosenv) \[\e]0;\u@\h: \w\a\]${debian_chroot:+($debian_chroot)}\[\033[01;32m\]\u@\h\[\033[00m\]:\[\033[01;34m\]\w\[\033[00m\]\$ PYTHONPATH=/home/raul/Escritorio/Ysolve_bot_mai/ysolve/src/ysolve_bot/install/ysolve_bot_publisher/lib/python3.8/site-packages:${PYTHONPATH} /usr/bin/python3 setup.py egg_info --egg-base ../../build/ysolve_bot_publisher build --build-base /home/raul/Escritorio/Ysolve_bot_mai/ysolve/src/ysolve_bot/build/ysolve_bot_publisher/build install --prefix /home/raul/Escritorio/Ysolve_bot_mai/ysolve/src/ysolve_bot/install/ysolve_bot_publisher --record /home/raul/Escritorio/Ysolve_bot_mai/ysolve/src/ysolve_bot/build/ysolve_bot_publisher/install.log --single-version-externally-managed
