/home/raul/Escritorio/Ysolve_bot_mai/ysolve/src/ysolve_bot/install/ysolve_bot_publisher/lib/python3.8/site-packages/ysolve_bot_publisher/position1_publisher.py
/home/raul/Escritorio/Ysolve_bot_mai/ysolve/src/ysolve_bot/install/ysolve_bot_publisher/lib/python3.8/site-packages/ysolve_bot_publisher/position2_publisher.py
/home/raul/Escritorio/Ysolve_bot_mai/ysolve/src/ysolve_bot/install/ysolve_bot_publisher/lib/python3.8/site-packages/ysolve_bot_publisher/__init__.py
/home/raul/Escritorio/Ysolve_bot_mai/ysolve/src/ysolve_bot/install/ysolve_bot_publisher/lib/python3.8/site-packages/ysolve_bot_publisher/position3_publisher.py
/home/raul/Escritorio/Ysolve_bot_mai/ysolve/src/ysolve_bot/install/ysolve_bot_publisher/lib/python3.8/site-packages/ysolve_bot_publisher/__pycache__/position1_publisher.cpython-38.pyc
/home/raul/Escritorio/Ysolve_bot_mai/ysolve/src/ysolve_bot/install/ysolve_bot_publisher/lib/python3.8/site-packages/ysolve_bot_publisher/__pycache__/position2_publisher.cpython-38.pyc
/home/raul/Escritorio/Ysolve_bot_mai/ysolve/src/ysolve_bot/install/ysolve_bot_publisher/lib/python3.8/site-packages/ysolve_bot_publisher/__pycache__/__init__.cpython-38.pyc
/home/raul/Escritorio/Ysolve_bot_mai/ysolve/src/ysolve_bot/install/ysolve_bot_publisher/lib/python3.8/site-packages/ysolve_bot_publisher/__pycache__/position3_publisher.cpython-38.pyc
/home/raul/Escritorio/Ysolve_bot_mai/ysolve/src/ysolve_bot/install/ysolve_bot_publisher/share/ament_index/resource_index/packages/ysolve_bot_publisher
/home/raul/Escritorio/Ysolve_bot_mai/ysolve/src/ysolve_bot/install/ysolve_bot_publisher/share/ysolve_bot_publisher/package.xml
/home/raul/Escritorio/Ysolve_bot_mai/ysolve/src/ysolve_bot/install/ysolve_bot_publisher/share/ysolve_bot_publisher/go_position2_publisher.launch.py
/home/raul/Escritorio/Ysolve_bot_mai/ysolve/src/ysolve_bot/install/ysolve_bot_publisher/share/ysolve_bot_publisher/go_position1_publisher.launch.py
/home/raul/Escritorio/Ysolve_bot_mai/ysolve/src/ysolve_bot/install/ysolve_bot_publisher/share/ysolve_bot_publisher/go_position3_publisher.launch.py
/home/raul/Escritorio/Ysolve_bot_mai/ysolve/src/ysolve_bot/install/ysolve_bot_publisher/lib/python3.8/site-packages/ysolve_bot_publisher-0.0.0-py3.8.egg-info/zip-safe
/home/raul/Escritorio/Ysolve_bot_mai/ysolve/src/ysolve_bot/install/ysolve_bot_publisher/lib/python3.8/site-packages/ysolve_bot_publisher-0.0.0-py3.8.egg-info/entry_points.txt
/home/raul/Escritorio/Ysolve_bot_mai/ysolve/src/ysolve_bot/install/ysolve_bot_publisher/lib/python3.8/site-packages/ysolve_bot_publisher-0.0.0-py3.8.egg-info/SOURCES.txt
/home/raul/Escritorio/Ysolve_bot_mai/ysolve/src/ysolve_bot/install/ysolve_bot_publisher/lib/python3.8/site-packages/ysolve_bot_publisher-0.0.0-py3.8.egg-info/PKG-INFO
/home/raul/Escritorio/Ysolve_bot_mai/ysolve/src/ysolve_bot/install/ysolve_bot_publisher/lib/python3.8/site-packages/ysolve_bot_publisher-0.0.0-py3.8.egg-info/dependency_links.txt
/home/raul/Escritorio/Ysolve_bot_mai/ysolve/src/ysolve_bot/install/ysolve_bot_publisher/lib/python3.8/site-packages/ysolve_bot_publisher-0.0.0-py3.8.egg-info/top_level.txt
/home/raul/Escritorio/Ysolve_bot_mai/ysolve/src/ysolve_bot/install/ysolve_bot_publisher/lib/python3.8/site-packages/ysolve_bot_publisher-0.0.0-py3.8.egg-info/requires.txt
/home/raul/Escritorio/Ysolve_bot_mai/ysolve/src/ysolve_bot/install/ysolve_bot_publisher/lib/ysolve_bot_publisher/position1_publisher
/home/raul/Escritorio/Ysolve_bot_mai/ysolve/src/ysolve_bot/install/ysolve_bot_publisher/lib/ysolve_bot_publisher/position2_publisher
/home/raul/Escritorio/Ysolve_bot_mai/ysolve/src/ysolve_bot/install/ysolve_bot_publisher/lib/ysolve_bot_publisher/position3_publisher
