[0.037s] Invoking command in '/home/yeray/Documentos/GitHub/Ysolve-bot/build/turtlebot3_fake_node': CMAKE_PREFIX_PATH=${CMAKE_PREFIX_PATH}:/home/yeray/turtlebot3_ws/install/yeray_my_nav2_system:/home/yeray/turtlebot3_ws/install/provide_map:/home/yeray/turtlebot3_ws/install/my_slam:/home/yeray/turtlebot3_ws/install/my_nav2_system:/home/yeray/turtlebot3_ws/install/my_first_subscriber:/home/yeray/turtlebot3_ws/install/my_first_publisher:/home/yeray/turtlebot3_ws/install/my_first_node:/opt/ros/foxy PS1=(rosenv) \[\e]0;\u@\h: \w\a\]${debian_chroot:+($debian_chroot)}\[\033[01;32m\]\u@\h\[\033[00m\]:\[\033[01;34m\]\w\[\033[00m\]\$ /usr/bin/cmake /home/yeray/Documentos/GitHub/Ysolve-bot/src/turtlebot3_simulations/turtlebot3_fake_node -DCMAKE_INSTALL_PREFIX=/home/yeray/Documentos/GitHub/Ysolve-bot/install/turtlebot3_fake_node
[0.138s] -- The C compiler identification is GNU 9.4.0
[0.232s] -- The CXX compiler identification is GNU 9.4.0
[0.242s] -- Check for working C compiler: /usr/bin/cc
[0.343s] -- Check for working C compiler: /usr/bin/cc -- works
[0.344s] -- Detecting C compiler ABI info
[0.430s] -- Detecting C compiler ABI info - done
[0.444s] -- Detecting C compile features
[0.444s] -- Detecting C compile features - done
[0.448s] -- Check for working CXX compiler: /usr/bin/c++
[0.550s] -- Check for working CXX compiler: /usr/bin/c++ -- works
[0.551s] -- Detecting CXX compiler ABI info
[0.655s] -- Detecting CXX compiler ABI info - done
[0.671s] -- Detecting CXX compile features
[0.672s] -- Detecting CXX compile features - done
[0.675s] -- Found ament_cmake: 0.9.9 (/opt/ros/foxy/share/ament_cmake/cmake)
[0.719s] -- Found PythonInterp: /home/yeray/virtualenvs/rosenv/bin/python3 (found suitable version "3.8.10", minimum required is "3") 
[0.719s] -- Using PYTHON_EXECUTABLE: /home/yeray/virtualenvs/rosenv/bin/python3
[0.918s] -- Found geometry_msgs: 2.0.5 (/opt/ros/foxy/share/geometry_msgs/cmake)
[0.977s] -- Using all available rosidl_typesupport_c: rosidl_typesupport_fastrtps_c;rosidl_typesupport_introspection_c
[0.986s] -- Found rosidl_adapter: 1.2.1 (/opt/ros/foxy/share/rosidl_adapter/cmake)
[1.104s] -- Found OpenSSL: /usr/lib/x86_64-linux-gnu/libcrypto.so (found version "1.1.1f")  
[1.152s] -- Found FastRTPS: /opt/ros/foxy/include  
[1.265s] -- Using all available rosidl_typesupport_cpp: rosidl_typesupport_fastrtps_cpp;rosidl_typesupport_introspection_cpp
[1.380s] -- Found nav_msgs: 2.0.5 (/opt/ros/foxy/share/nav_msgs/cmake)
[1.476s] -- Found rclcpp: 2.4.1 (/opt/ros/foxy/share/rclcpp/cmake)
[1.552s] -- Found rmw_implementation_cmake: 1.0.3 (/opt/ros/foxy/share/rmw_implementation_cmake/cmake)
[1.554s] -- Using RMW implementation 'rmw_fastrtps_cpp' as default
[1.555s] -- Looking for pthread.h
[1.643s] -- Looking for pthread.h - found
[1.643s] -- Performing Test CMAKE_HAVE_LIBC_PTHREAD
[1.741s] -- Performing Test CMAKE_HAVE_LIBC_PTHREAD - Failed
[1.742s] -- Looking for pthread_create in pthreads
[1.814s] -- Looking for pthread_create in pthreads - not found
[1.814s] -- Looking for pthread_create in pthread
[1.902s] -- Looking for pthread_create in pthread - found
[1.903s] -- Found Threads: TRUE  
[2.100s] -- Found sensor_msgs: 2.0.5 (/opt/ros/foxy/share/sensor_msgs/cmake)
[2.198s] -- Found tf2: 0.13.13 (/opt/ros/foxy/share/tf2/cmake)
[2.216s] -- Found tf2_msgs: 0.13.13 (/opt/ros/foxy/share/tf2_msgs/cmake)
[2.504s] -- Found turtlebot3_msgs: 2.2.1 (/opt/ros/foxy/share/turtlebot3_msgs/cmake)
[2.805s] -- Configuring done
[2.822s] -- Generating done
[2.824s] -- Build files have been written to: /home/yeray/Documentos/GitHub/Ysolve-bot/build/turtlebot3_fake_node
[2.837s] Invoked command in '/home/yeray/Documentos/GitHub/Ysolve-bot/build/turtlebot3_fake_node' returned '0': CMAKE_PREFIX_PATH=${CMAKE_PREFIX_PATH}:/home/yeray/turtlebot3_ws/install/yeray_my_nav2_system:/home/yeray/turtlebot3_ws/install/provide_map:/home/yeray/turtlebot3_ws/install/my_slam:/home/yeray/turtlebot3_ws/install/my_nav2_system:/home/yeray/turtlebot3_ws/install/my_first_subscriber:/home/yeray/turtlebot3_ws/install/my_first_publisher:/home/yeray/turtlebot3_ws/install/my_first_node:/opt/ros/foxy PS1=(rosenv) \[\e]0;\u@\h: \w\a\]${debian_chroot:+($debian_chroot)}\[\033[01;32m\]\u@\h\[\033[00m\]:\[\033[01;34m\]\w\[\033[00m\]\$ /usr/bin/cmake /home/yeray/Documentos/GitHub/Ysolve-bot/src/turtlebot3_simulations/turtlebot3_fake_node -DCMAKE_INSTALL_PREFIX=/home/yeray/Documentos/GitHub/Ysolve-bot/install/turtlebot3_fake_node
[2.840s] Invoking command in '/home/yeray/Documentos/GitHub/Ysolve-bot/build/turtlebot3_fake_node': CMAKE_PREFIX_PATH=${CMAKE_PREFIX_PATH}:/home/yeray/turtlebot3_ws/install/yeray_my_nav2_system:/home/yeray/turtlebot3_ws/install/provide_map:/home/yeray/turtlebot3_ws/install/my_slam:/home/yeray/turtlebot3_ws/install/my_nav2_system:/home/yeray/turtlebot3_ws/install/my_first_subscriber:/home/yeray/turtlebot3_ws/install/my_first_publisher:/home/yeray/turtlebot3_ws/install/my_first_node:/opt/ros/foxy PS1=(rosenv) \[\e]0;\u@\h: \w\a\]${debian_chroot:+($debian_chroot)}\[\033[01;32m\]\u@\h\[\033[00m\]:\[\033[01;34m\]\w\[\033[00m\]\$ /usr/bin/cmake --build /home/yeray/Documentos/GitHub/Ysolve-bot/build/turtlebot3_fake_node -- -j4 -l4
[2.900s] [35m[1mScanning dependencies of target turtlebot3_fake_node[0m
[2.969s] [ 50%] [32mBuilding CXX object CMakeFiles/turtlebot3_fake_node.dir/src/turtlebot3_fake_node.cpp.o[0m
[21.540s] [100%] [32m[1mLinking CXX executable turtlebot3_fake_node[0m
[22.924s] [100%] Built target turtlebot3_fake_node
[22.981s] Invoked command in '/home/yeray/Documentos/GitHub/Ysolve-bot/build/turtlebot3_fake_node' returned '0': CMAKE_PREFIX_PATH=${CMAKE_PREFIX_PATH}:/home/yeray/turtlebot3_ws/install/yeray_my_nav2_system:/home/yeray/turtlebot3_ws/install/provide_map:/home/yeray/turtlebot3_ws/install/my_slam:/home/yeray/turtlebot3_ws/install/my_nav2_system:/home/yeray/turtlebot3_ws/install/my_first_subscriber:/home/yeray/turtlebot3_ws/install/my_first_publisher:/home/yeray/turtlebot3_ws/install/my_first_node:/opt/ros/foxy PS1=(rosenv) \[\e]0;\u@\h: \w\a\]${debian_chroot:+($debian_chroot)}\[\033[01;32m\]\u@\h\[\033[00m\]:\[\033[01;34m\]\w\[\033[00m\]\$ /usr/bin/cmake --build /home/yeray/Documentos/GitHub/Ysolve-bot/build/turtlebot3_fake_node -- -j4 -l4
[23.139s] Invoking command in '/home/yeray/Documentos/GitHub/Ysolve-bot/build/turtlebot3_fake_node': CMAKE_PREFIX_PATH=${CMAKE_PREFIX_PATH}:/home/yeray/turtlebot3_ws/install/yeray_my_nav2_system:/home/yeray/turtlebot3_ws/install/provide_map:/home/yeray/turtlebot3_ws/install/my_slam:/home/yeray/turtlebot3_ws/install/my_nav2_system:/home/yeray/turtlebot3_ws/install/my_first_subscriber:/home/yeray/turtlebot3_ws/install/my_first_publisher:/home/yeray/turtlebot3_ws/install/my_first_node:/opt/ros/foxy PS1=(rosenv) \[\e]0;\u@\h: \w\a\]${debian_chroot:+($debian_chroot)}\[\033[01;32m\]\u@\h\[\033[00m\]:\[\033[01;34m\]\w\[\033[00m\]\$ /usr/bin/cmake --install /home/yeray/Documentos/GitHub/Ysolve-bot/build/turtlebot3_fake_node
[23.177s] -- Install configuration: ""
[23.178s] -- Installing: /home/yeray/Documentos/GitHub/Ysolve-bot/install/turtlebot3_fake_node/lib/turtlebot3_fake_node/turtlebot3_fake_node
[23.187s] -- Set runtime path of "/home/yeray/Documentos/GitHub/Ysolve-bot/install/turtlebot3_fake_node/lib/turtlebot3_fake_node/turtlebot3_fake_node" to ""
[23.189s] -- Installing: /home/yeray/Documentos/GitHub/Ysolve-bot/install/turtlebot3_fake_node/share/turtlebot3_fake_node/launch
[23.190s] -- Installing: /home/yeray/Documentos/GitHub/Ysolve-bot/install/turtlebot3_fake_node/share/turtlebot3_fake_node/launch/rviz2.launch.py
[23.190s] -- Installing: /home/yeray/Documentos/GitHub/Ysolve-bot/install/turtlebot3_fake_node/share/turtlebot3_fake_node/launch/turtlebot3_fake_node.launch.py
[23.191s] -- Installing: /home/yeray/Documentos/GitHub/Ysolve-bot/install/turtlebot3_fake_node/share/turtlebot3_fake_node/param
[23.191s] -- Installing: /home/yeray/Documentos/GitHub/Ysolve-bot/install/turtlebot3_fake_node/share/turtlebot3_fake_node/param/waffle.yaml
[23.193s] -- Installing: /home/yeray/Documentos/GitHub/Ysolve-bot/install/turtlebot3_fake_node/share/turtlebot3_fake_node/param/burger.yaml
[23.197s] -- Installing: /home/yeray/Documentos/GitHub/Ysolve-bot/install/turtlebot3_fake_node/share/turtlebot3_fake_node/param/waffle_pi.yaml
[23.198s] -- Installing: /home/yeray/Documentos/GitHub/Ysolve-bot/install/turtlebot3_fake_node/share/turtlebot3_fake_node/rviz
[23.198s] -- Installing: /home/yeray/Documentos/GitHub/Ysolve-bot/install/turtlebot3_fake_node/share/turtlebot3_fake_node/rviz/model.rviz
[23.199s] -- Installing: /home/yeray/Documentos/GitHub/Ysolve-bot/install/turtlebot3_fake_node/include/
[23.200s] -- Installing: /home/yeray/Documentos/GitHub/Ysolve-bot/install/turtlebot3_fake_node/include//turtlebot3_fake_node
[23.200s] -- Installing: /home/yeray/Documentos/GitHub/Ysolve-bot/install/turtlebot3_fake_node/include//turtlebot3_fake_node/turtlebot3_fake_node.hpp
[23.201s] -- Installing: /home/yeray/Documentos/GitHub/Ysolve-bot/install/turtlebot3_fake_node/share/ament_index/resource_index/package_run_dependencies/turtlebot3_fake_node
[23.202s] -- Installing: /home/yeray/Documentos/GitHub/Ysolve-bot/install/turtlebot3_fake_node/share/ament_index/resource_index/parent_prefix_path/turtlebot3_fake_node
[23.203s] -- Installing: /home/yeray/Documentos/GitHub/Ysolve-bot/install/turtlebot3_fake_node/share/turtlebot3_fake_node/environment/ament_prefix_path.sh
[23.203s] -- Installing: /home/yeray/Documentos/GitHub/Ysolve-bot/install/turtlebot3_fake_node/share/turtlebot3_fake_node/environment/ament_prefix_path.dsv
[23.204s] -- Installing: /home/yeray/Documentos/GitHub/Ysolve-bot/install/turtlebot3_fake_node/share/turtlebot3_fake_node/environment/path.sh
[23.213s] -- Installing: /home/yeray/Documentos/GitHub/Ysolve-bot/install/turtlebot3_fake_node/share/turtlebot3_fake_node/environment/path.dsv
[23.214s] -- Installing: /home/yeray/Documentos/GitHub/Ysolve-bot/install/turtlebot3_fake_node/share/turtlebot3_fake_node/local_setup.bash
[23.215s] -- Installing: /home/yeray/Documentos/GitHub/Ysolve-bot/install/turtlebot3_fake_node/share/turtlebot3_fake_node/local_setup.sh
[23.216s] -- Installing: /home/yeray/Documentos/GitHub/Ysolve-bot/install/turtlebot3_fake_node/share/turtlebot3_fake_node/local_setup.zsh
[23.216s] -- Installing: /home/yeray/Documentos/GitHub/Ysolve-bot/install/turtlebot3_fake_node/share/turtlebot3_fake_node/local_setup.dsv
[23.217s] -- Installing: /home/yeray/Documentos/GitHub/Ysolve-bot/install/turtlebot3_fake_node/share/turtlebot3_fake_node/package.dsv
[23.218s] -- Installing: /home/yeray/Documentos/GitHub/Ysolve-bot/install/turtlebot3_fake_node/share/ament_index/resource_index/packages/turtlebot3_fake_node
[23.219s] -- Installing: /home/yeray/Documentos/GitHub/Ysolve-bot/install/turtlebot3_fake_node/share/turtlebot3_fake_node/cmake/ament_cmake_export_include_directories-extras.cmake
[23.220s] -- Installing: /home/yeray/Documentos/GitHub/Ysolve-bot/install/turtlebot3_fake_node/share/turtlebot3_fake_node/cmake/ament_cmake_export_dependencies-extras.cmake
[23.220s] -- Installing: /home/yeray/Documentos/GitHub/Ysolve-bot/install/turtlebot3_fake_node/share/turtlebot3_fake_node/cmake/turtlebot3_fake_nodeConfig.cmake
[23.221s] -- Installing: /home/yeray/Documentos/GitHub/Ysolve-bot/install/turtlebot3_fake_node/share/turtlebot3_fake_node/cmake/turtlebot3_fake_nodeConfig-version.cmake
[23.222s] -- Installing: /home/yeray/Documentos/GitHub/Ysolve-bot/install/turtlebot3_fake_node/share/turtlebot3_fake_node/package.xml
[23.231s] Invoked command in '/home/yeray/Documentos/GitHub/Ysolve-bot/build/turtlebot3_fake_node' returned '0': CMAKE_PREFIX_PATH=${CMAKE_PREFIX_PATH}:/home/yeray/turtlebot3_ws/install/yeray_my_nav2_system:/home/yeray/turtlebot3_ws/install/provide_map:/home/yeray/turtlebot3_ws/install/my_slam:/home/yeray/turtlebot3_ws/install/my_nav2_system:/home/yeray/turtlebot3_ws/install/my_first_subscriber:/home/yeray/turtlebot3_ws/install/my_first_publisher:/home/yeray/turtlebot3_ws/install/my_first_node:/opt/ros/foxy PS1=(rosenv) \[\e]0;\u@\h: \w\a\]${debian_chroot:+($debian_chroot)}\[\033[01;32m\]\u@\h\[\033[00m\]:\[\033[01;34m\]\w\[\033[00m\]\$ /usr/bin/cmake --install /home/yeray/Documentos/GitHub/Ysolve-bot/build/turtlebot3_fake_node
