[0.014s] Invoking command in '/home/yeray/Documentos/GitHub/Ysolve-bot/build/turtlebot3_simulations': AMENT_PREFIX_PATH=/home/yeray/Documentos/GitHub/Ysolve-bot/install/turtlebot3_gazebo:/home/yeray/Documentos/GitHub/Ysolve-bot/install/turtlebot3_fake_node:${AMENT_PREFIX_PATH} CMAKE_PREFIX_PATH=/home/yeray/Documentos/GitHub/Ysolve-bot/install/turtlebot3_gazebo:/home/yeray/Documentos/GitHub/Ysolve-bot/install/turtlebot3_fake_node:/home/yeray/Documentos/GitHub/Ysolve-bot/install/ysolve_bot:/home/yeray/turtlebot3_ws/install/yeray_my_world:/home/yeray/turtlebot3_ws/install/turtlebot3_simulations:/home/yeray/turtlebot3_ws/install/turtlebot3_gazebo:/home/yeray/turtlebot3_ws/install/turtlebot3_fake_node:/home/yeray/turtlebot3_ws/install/my_world:/home/yeray/turtlebot3_ws/install/yeray_my_nav2_system:/home/yeray/turtlebot3_ws/install/provide_map:/home/yeray/turtlebot3_ws/install/my_slam:/home/yeray/turtlebot3_ws/install/my_nav2_system:/home/yeray/turtlebot3_ws/install/my_first_subscriber:/home/yeray/turtlebot3_ws/install/my_first_publisher:/home/yeray/turtlebot3_ws/install/my_first_node:/opt/ros/foxy PS1=(rosenv) \[\e]0;\u@\h: \w\a\]${debian_chroot:+($debian_chroot)}\[\033[01;32m\]\u@\h\[\033[00m\]:\[\033[01;34m\]\w\[\033[00m\]\$ /usr/bin/cmake /home/yeray/Documentos/GitHub/Ysolve-bot/src/turtlebot3_simulations/turtlebot3_simulations -DCMAKE_INSTALL_PREFIX=/home/yeray/Documentos/GitHub/Ysolve-bot/install/turtlebot3_simulations
[0.080s] -- The C compiler identification is GNU 9.4.0
[0.148s] -- The CXX compiler identification is GNU 9.4.0
[0.153s] -- Check for working C compiler: /usr/bin/cc
[0.234s] -- Check for working C compiler: /usr/bin/cc -- works
[0.235s] -- Detecting C compiler ABI info
[0.316s] -- Detecting C compiler ABI info - done
[0.330s] -- Detecting C compile features
[0.330s] -- Detecting C compile features - done
[0.333s] -- Check for working CXX compiler: /usr/bin/c++
[0.427s] -- Check for working CXX compiler: /usr/bin/c++ -- works
[0.428s] -- Detecting CXX compiler ABI info
[0.518s] -- Detecting CXX compiler ABI info - done
[0.533s] -- Detecting CXX compile features
[0.534s] -- Detecting CXX compile features - done
[0.538s] -- Found ament_cmake: 0.9.9 (/opt/ros/foxy/share/ament_cmake/cmake)
[0.579s] -- Found PythonInterp: /home/yeray/virtualenvs/rosenv/bin/python3 (found suitable version "3.8.10", minimum required is "3") 
[0.579s] -- Using PYTHON_EXECUTABLE: /home/yeray/virtualenvs/rosenv/bin/python3
[0.910s] -- Configuring done
[0.912s] -- Generating done
[0.913s] -- Build files have been written to: /home/yeray/Documentos/GitHub/Ysolve-bot/build/turtlebot3_simulations
[0.917s] Invoked command in '/home/yeray/Documentos/GitHub/Ysolve-bot/build/turtlebot3_simulations' returned '0': AMENT_PREFIX_PATH=/home/yeray/Documentos/GitHub/Ysolve-bot/install/turtlebot3_gazebo:/home/yeray/Documentos/GitHub/Ysolve-bot/install/turtlebot3_fake_node:${AMENT_PREFIX_PATH} CMAKE_PREFIX_PATH=/home/yeray/Documentos/GitHub/Ysolve-bot/install/turtlebot3_gazebo:/home/yeray/Documentos/GitHub/Ysolve-bot/install/turtlebot3_fake_node:/home/yeray/Documentos/GitHub/Ysolve-bot/install/ysolve_bot:/home/yeray/turtlebot3_ws/install/yeray_my_world:/home/yeray/turtlebot3_ws/install/turtlebot3_simulations:/home/yeray/turtlebot3_ws/install/turtlebot3_gazebo:/home/yeray/turtlebot3_ws/install/turtlebot3_fake_node:/home/yeray/turtlebot3_ws/install/my_world:/home/yeray/turtlebot3_ws/install/yeray_my_nav2_system:/home/yeray/turtlebot3_ws/install/provide_map:/home/yeray/turtlebot3_ws/install/my_slam:/home/yeray/turtlebot3_ws/install/my_nav2_system:/home/yeray/turtlebot3_ws/install/my_first_subscriber:/home/yeray/turtlebot3_ws/install/my_first_publisher:/home/yeray/turtlebot3_ws/install/my_first_node:/opt/ros/foxy PS1=(rosenv) \[\e]0;\u@\h: \w\a\]${debian_chroot:+($debian_chroot)}\[\033[01;32m\]\u@\h\[\033[00m\]:\[\033[01;34m\]\w\[\033[00m\]\$ /usr/bin/cmake /home/yeray/Documentos/GitHub/Ysolve-bot/src/turtlebot3_simulations/turtlebot3_simulations -DCMAKE_INSTALL_PREFIX=/home/yeray/Documentos/GitHub/Ysolve-bot/install/turtlebot3_simulations
[0.918s] Invoking command in '/home/yeray/Documentos/GitHub/Ysolve-bot/build/turtlebot3_simulations': AMENT_PREFIX_PATH=/home/yeray/Documentos/GitHub/Ysolve-bot/install/turtlebot3_gazebo:/home/yeray/Documentos/GitHub/Ysolve-bot/install/turtlebot3_fake_node:${AMENT_PREFIX_PATH} CMAKE_PREFIX_PATH=/home/yeray/Documentos/GitHub/Ysolve-bot/install/turtlebot3_gazebo:/home/yeray/Documentos/GitHub/Ysolve-bot/install/turtlebot3_fake_node:/home/yeray/Documentos/GitHub/Ysolve-bot/install/ysolve_bot:/home/yeray/turtlebot3_ws/install/yeray_my_world:/home/yeray/turtlebot3_ws/install/turtlebot3_simulations:/home/yeray/turtlebot3_ws/install/turtlebot3_gazebo:/home/yeray/turtlebot3_ws/install/turtlebot3_fake_node:/home/yeray/turtlebot3_ws/install/my_world:/home/yeray/turtlebot3_ws/install/yeray_my_nav2_system:/home/yeray/turtlebot3_ws/install/provide_map:/home/yeray/turtlebot3_ws/install/my_slam:/home/yeray/turtlebot3_ws/install/my_nav2_system:/home/yeray/turtlebot3_ws/install/my_first_subscriber:/home/yeray/turtlebot3_ws/install/my_first_publisher:/home/yeray/turtlebot3_ws/install/my_first_node:/opt/ros/foxy PS1=(rosenv) \[\e]0;\u@\h: \w\a\]${debian_chroot:+($debian_chroot)}\[\033[01;32m\]\u@\h\[\033[00m\]:\[\033[01;34m\]\w\[\033[00m\]\$ /usr/bin/cmake --build /home/yeray/Documentos/GitHub/Ysolve-bot/build/turtlebot3_simulations -- -j4 -l4
[0.965s] Invoked command in '/home/yeray/Documentos/GitHub/Ysolve-bot/build/turtlebot3_simulations' returned '0': AMENT_PREFIX_PATH=/home/yeray/Documentos/GitHub/Ysolve-bot/install/turtlebot3_gazebo:/home/yeray/Documentos/GitHub/Ysolve-bot/install/turtlebot3_fake_node:${AMENT_PREFIX_PATH} CMAKE_PREFIX_PATH=/home/yeray/Documentos/GitHub/Ysolve-bot/install/turtlebot3_gazebo:/home/yeray/Documentos/GitHub/Ysolve-bot/install/turtlebot3_fake_node:/home/yeray/Documentos/GitHub/Ysolve-bot/install/ysolve_bot:/home/yeray/turtlebot3_ws/install/yeray_my_world:/home/yeray/turtlebot3_ws/install/turtlebot3_simulations:/home/yeray/turtlebot3_ws/install/turtlebot3_gazebo:/home/yeray/turtlebot3_ws/install/turtlebot3_fake_node:/home/yeray/turtlebot3_ws/install/my_world:/home/yeray/turtlebot3_ws/install/yeray_my_nav2_system:/home/yeray/turtlebot3_ws/install/provide_map:/home/yeray/turtlebot3_ws/install/my_slam:/home/yeray/turtlebot3_ws/install/my_nav2_system:/home/yeray/turtlebot3_ws/install/my_first_subscriber:/home/yeray/turtlebot3_ws/install/my_first_publisher:/home/yeray/turtlebot3_ws/install/my_first_node:/opt/ros/foxy PS1=(rosenv) \[\e]0;\u@\h: \w\a\]${debian_chroot:+($debian_chroot)}\[\033[01;32m\]\u@\h\[\033[00m\]:\[\033[01;34m\]\w\[\033[00m\]\$ /usr/bin/cmake --build /home/yeray/Documentos/GitHub/Ysolve-bot/build/turtlebot3_simulations -- -j4 -l4
[0.992s] Invoking command in '/home/yeray/Documentos/GitHub/Ysolve-bot/build/turtlebot3_simulations': AMENT_PREFIX_PATH=/home/yeray/Documentos/GitHub/Ysolve-bot/install/turtlebot3_gazebo:/home/yeray/Documentos/GitHub/Ysolve-bot/install/turtlebot3_fake_node:${AMENT_PREFIX_PATH} CMAKE_PREFIX_PATH=/home/yeray/Documentos/GitHub/Ysolve-bot/install/turtlebot3_gazebo:/home/yeray/Documentos/GitHub/Ysolve-bot/install/turtlebot3_fake_node:/home/yeray/Documentos/GitHub/Ysolve-bot/install/ysolve_bot:/home/yeray/turtlebot3_ws/install/yeray_my_world:/home/yeray/turtlebot3_ws/install/turtlebot3_simulations:/home/yeray/turtlebot3_ws/install/turtlebot3_gazebo:/home/yeray/turtlebot3_ws/install/turtlebot3_fake_node:/home/yeray/turtlebot3_ws/install/my_world:/home/yeray/turtlebot3_ws/install/yeray_my_nav2_system:/home/yeray/turtlebot3_ws/install/provide_map:/home/yeray/turtlebot3_ws/install/my_slam:/home/yeray/turtlebot3_ws/install/my_nav2_system:/home/yeray/turtlebot3_ws/install/my_first_subscriber:/home/yeray/turtlebot3_ws/install/my_first_publisher:/home/yeray/turtlebot3_ws/install/my_first_node:/opt/ros/foxy PS1=(rosenv) \[\e]0;\u@\h: \w\a\]${debian_chroot:+($debian_chroot)}\[\033[01;32m\]\u@\h\[\033[00m\]:\[\033[01;34m\]\w\[\033[00m\]\$ /usr/bin/cmake --install /home/yeray/Documentos/GitHub/Ysolve-bot/build/turtlebot3_simulations
[1.001s] -- Install configuration: ""
[1.001s] -- Installing: /home/yeray/Documentos/GitHub/Ysolve-bot/install/turtlebot3_simulations/share/ament_index/resource_index/package_run_dependencies/turtlebot3_simulations
[1.001s] -- Installing: /home/yeray/Documentos/GitHub/Ysolve-bot/install/turtlebot3_simulations/share/ament_index/resource_index/parent_prefix_path/turtlebot3_simulations
[1.002s] -- Installing: /home/yeray/Documentos/GitHub/Ysolve-bot/install/turtlebot3_simulations/share/turtlebot3_simulations/environment/ament_prefix_path.sh
[1.002s] -- Installing: /home/yeray/Documentos/GitHub/Ysolve-bot/install/turtlebot3_simulations/share/turtlebot3_simulations/environment/ament_prefix_path.dsv
[1.002s] -- Installing: /home/yeray/Documentos/GitHub/Ysolve-bot/install/turtlebot3_simulations/share/turtlebot3_simulations/environment/path.sh
[1.002s] -- Installing: /home/yeray/Documentos/GitHub/Ysolve-bot/install/turtlebot3_simulations/share/turtlebot3_simulations/environment/path.dsv
[1.002s] -- Installing: /home/yeray/Documentos/GitHub/Ysolve-bot/install/turtlebot3_simulations/share/turtlebot3_simulations/local_setup.bash
[1.002s] -- Installing: /home/yeray/Documentos/GitHub/Ysolve-bot/install/turtlebot3_simulations/share/turtlebot3_simulations/local_setup.sh
[1.002s] -- Installing: /home/yeray/Documentos/GitHub/Ysolve-bot/install/turtlebot3_simulations/share/turtlebot3_simulations/local_setup.zsh
[1.003s] -- Installing: /home/yeray/Documentos/GitHub/Ysolve-bot/install/turtlebot3_simulations/share/turtlebot3_simulations/local_setup.dsv
[1.003s] -- Installing: /home/yeray/Documentos/GitHub/Ysolve-bot/install/turtlebot3_simulations/share/turtlebot3_simulations/package.dsv
[1.003s] -- Installing: /home/yeray/Documentos/GitHub/Ysolve-bot/install/turtlebot3_simulations/share/ament_index/resource_index/packages/turtlebot3_simulations
[1.003s] -- Installing: /home/yeray/Documentos/GitHub/Ysolve-bot/install/turtlebot3_simulations/share/turtlebot3_simulations/cmake/turtlebot3_simulationsConfig.cmake
[1.004s] -- Installing: /home/yeray/Documentos/GitHub/Ysolve-bot/install/turtlebot3_simulations/share/turtlebot3_simulations/cmake/turtlebot3_simulationsConfig-version.cmake
[1.004s] -- Installing: /home/yeray/Documentos/GitHub/Ysolve-bot/install/turtlebot3_simulations/share/turtlebot3_simulations/package.xml
[1.009s] Invoked command in '/home/yeray/Documentos/GitHub/Ysolve-bot/build/turtlebot3_simulations' returned '0': AMENT_PREFIX_PATH=/home/yeray/Documentos/GitHub/Ysolve-bot/install/turtlebot3_gazebo:/home/yeray/Documentos/GitHub/Ysolve-bot/install/turtlebot3_fake_node:${AMENT_PREFIX_PATH} CMAKE_PREFIX_PATH=/home/yeray/Documentos/GitHub/Ysolve-bot/install/turtlebot3_gazebo:/home/yeray/Documentos/GitHub/Ysolve-bot/install/turtlebot3_fake_node:/home/yeray/Documentos/GitHub/Ysolve-bot/install/ysolve_bot:/home/yeray/turtlebot3_ws/install/yeray_my_world:/home/yeray/turtlebot3_ws/install/turtlebot3_simulations:/home/yeray/turtlebot3_ws/install/turtlebot3_gazebo:/home/yeray/turtlebot3_ws/install/turtlebot3_fake_node:/home/yeray/turtlebot3_ws/install/my_world:/home/yeray/turtlebot3_ws/install/yeray_my_nav2_system:/home/yeray/turtlebot3_ws/install/provide_map:/home/yeray/turtlebot3_ws/install/my_slam:/home/yeray/turtlebot3_ws/install/my_nav2_system:/home/yeray/turtlebot3_ws/install/my_first_subscriber:/home/yeray/turtlebot3_ws/install/my_first_publisher:/home/yeray/turtlebot3_ws/install/my_first_node:/opt/ros/foxy PS1=(rosenv) \[\e]0;\u@\h: \w\a\]${debian_chroot:+($debian_chroot)}\[\033[01;32m\]\u@\h\[\033[00m\]:\[\033[01;34m\]\w\[\033[00m\]\$ /usr/bin/cmake --install /home/yeray/Documentos/GitHub/Ysolve-bot/build/turtlebot3_simulations
