[0.032s] Invoking command in '/home/yeray/Documentos/GitHub/Ysolve-bot/build/ysolve_bot': CMAKE_PREFIX_PATH=${CMAKE_PREFIX_PATH}:/home/yeray/turtlebot3_ws/install/yeray_my_nav2_system:/home/yeray/turtlebot3_ws/install/provide_map:/home/yeray/turtlebot3_ws/install/my_slam:/home/yeray/turtlebot3_ws/install/my_nav2_system:/home/yeray/turtlebot3_ws/install/my_first_subscriber:/home/yeray/turtlebot3_ws/install/my_first_publisher:/home/yeray/turtlebot3_ws/install/my_first_node:/opt/ros/foxy PS1=(rosenv) \[\e]0;\u@\h: \w\a\]${debian_chroot:+($debian_chroot)}\[\033[01;32m\]\u@\h\[\033[00m\]:\[\033[01;34m\]\w\[\033[00m\]\$ /usr/bin/cmake --build /home/yeray/Documentos/GitHub/Ysolve-bot/build/ysolve_bot -- -j4 -l4
[0.098s] Invoked command in '/home/yeray/Documentos/GitHub/Ysolve-bot/build/ysolve_bot' returned '0': CMAKE_PREFIX_PATH=${CMAKE_PREFIX_PATH}:/home/yeray/turtlebot3_ws/install/yeray_my_nav2_system:/home/yeray/turtlebot3_ws/install/provide_map:/home/yeray/turtlebot3_ws/install/my_slam:/home/yeray/turtlebot3_ws/install/my_nav2_system:/home/yeray/turtlebot3_ws/install/my_first_subscriber:/home/yeray/turtlebot3_ws/install/my_first_publisher:/home/yeray/turtlebot3_ws/install/my_first_node:/opt/ros/foxy PS1=(rosenv) \[\e]0;\u@\h: \w\a\]${debian_chroot:+($debian_chroot)}\[\033[01;32m\]\u@\h\[\033[00m\]:\[\033[01;34m\]\w\[\033[00m\]\$ /usr/bin/cmake --build /home/yeray/Documentos/GitHub/Ysolve-bot/build/ysolve_bot -- -j4 -l4
[0.158s] Invoking command in '/home/yeray/Documentos/GitHub/Ysolve-bot/build/ysolve_bot': CMAKE_PREFIX_PATH=${CMAKE_PREFIX_PATH}:/home/yeray/turtlebot3_ws/install/yeray_my_nav2_system:/home/yeray/turtlebot3_ws/install/provide_map:/home/yeray/turtlebot3_ws/install/my_slam:/home/yeray/turtlebot3_ws/install/my_nav2_system:/home/yeray/turtlebot3_ws/install/my_first_subscriber:/home/yeray/turtlebot3_ws/install/my_first_publisher:/home/yeray/turtlebot3_ws/install/my_first_node:/opt/ros/foxy PS1=(rosenv) \[\e]0;\u@\h: \w\a\]${debian_chroot:+($debian_chroot)}\[\033[01;32m\]\u@\h\[\033[00m\]:\[\033[01;34m\]\w\[\033[00m\]\$ /usr/bin/cmake --install /home/yeray/Documentos/GitHub/Ysolve-bot/build/ysolve_bot
[0.170s] -- Install configuration: ""
[0.170s] -- Up-to-date: /home/yeray/Documentos/GitHub/Ysolve-bot/install/ysolve_bot/share/ament_index/resource_index/package_run_dependencies/ysolve_bot
[0.170s] -- Up-to-date: /home/yeray/Documentos/GitHub/Ysolve-bot/install/ysolve_bot/share/ament_index/resource_index/parent_prefix_path/ysolve_bot
[0.170s] -- Up-to-date: /home/yeray/Documentos/GitHub/Ysolve-bot/install/ysolve_bot/share/ysolve_bot/environment/ament_prefix_path.sh
[0.170s] -- Up-to-date: /home/yeray/Documentos/GitHub/Ysolve-bot/install/ysolve_bot/share/ysolve_bot/environment/ament_prefix_path.dsv
[0.171s] -- Up-to-date: /home/yeray/Documentos/GitHub/Ysolve-bot/install/ysolve_bot/share/ysolve_bot/environment/path.sh
[0.171s] -- Up-to-date: /home/yeray/Documentos/GitHub/Ysolve-bot/install/ysolve_bot/share/ysolve_bot/environment/path.dsv
[0.171s] -- Up-to-date: /home/yeray/Documentos/GitHub/Ysolve-bot/install/ysolve_bot/share/ysolve_bot/local_setup.bash
[0.171s] -- Up-to-date: /home/yeray/Documentos/GitHub/Ysolve-bot/install/ysolve_bot/share/ysolve_bot/local_setup.sh
[0.171s] -- Up-to-date: /home/yeray/Documentos/GitHub/Ysolve-bot/install/ysolve_bot/share/ysolve_bot/local_setup.zsh
[0.171s] -- Up-to-date: /home/yeray/Documentos/GitHub/Ysolve-bot/install/ysolve_bot/share/ysolve_bot/local_setup.dsv
[0.172s] -- Up-to-date: /home/yeray/Documentos/GitHub/Ysolve-bot/install/ysolve_bot/share/ysolve_bot/package.dsv
[0.172s] -- Up-to-date: /home/yeray/Documentos/GitHub/Ysolve-bot/install/ysolve_bot/share/ament_index/resource_index/packages/ysolve_bot
[0.172s] -- Up-to-date: /home/yeray/Documentos/GitHub/Ysolve-bot/install/ysolve_bot/share/ysolve_bot/cmake/ysolve_botConfig.cmake
[0.172s] -- Up-to-date: /home/yeray/Documentos/GitHub/Ysolve-bot/install/ysolve_bot/share/ysolve_bot/cmake/ysolve_botConfig-version.cmake
[0.172s] -- Up-to-date: /home/yeray/Documentos/GitHub/Ysolve-bot/install/ysolve_bot/share/ysolve_bot/package.xml
[0.181s] Invoked command in '/home/yeray/Documentos/GitHub/Ysolve-bot/build/ysolve_bot' returned '0': CMAKE_PREFIX_PATH=${CMAKE_PREFIX_PATH}:/home/yeray/turtlebot3_ws/install/yeray_my_nav2_system:/home/yeray/turtlebot3_ws/install/provide_map:/home/yeray/turtlebot3_ws/install/my_slam:/home/yeray/turtlebot3_ws/install/my_nav2_system:/home/yeray/turtlebot3_ws/install/my_first_subscriber:/home/yeray/turtlebot3_ws/install/my_first_publisher:/home/yeray/turtlebot3_ws/install/my_first_node:/opt/ros/foxy PS1=(rosenv) \[\e]0;\u@\h: \w\a\]${debian_chroot:+($debian_chroot)}\[\033[01;32m\]\u@\h\[\033[00m\]:\[\033[01;34m\]\w\[\033[00m\]\$ /usr/bin/cmake --install /home/yeray/Documentos/GitHub/Ysolve-bot/build/ysolve_bot
