[0.184s] DEBUG:colcon:Command line arguments: ['/usr/bin/colcon', 'build']
[0.184s] DEBUG:colcon:Parsed command line arguments: Namespace(allow_overriding=[], ament_cmake_args=None, base_paths=['.'], build_base='build', catkin_cmake_args=None, catkin_skip_building_tests=False, cmake_args=None, cmake_clean_cache=False, cmake_clean_first=False, cmake_force_configure=False, cmake_target=None, cmake_target_skip_unavailable=False, continue_on_error=False, event_handlers=None, executor='parallel', ignore_user_meta=False, install_base='install', log_base=None, log_level=None, main=<bound method BuildVerb.main of <colcon_core.verb.build.BuildVerb object at 0x7fa070901760>>, merge_install=False, metas=['./colcon.meta'], packages_above=None, packages_above_and_dependencies=None, packages_above_depth=None, packages_end=None, packages_ignore=None, packages_ignore_regex=None, packages_select=None, packages_select_build_failed=False, packages_select_by_dep=None, packages_select_regex=None, packages_select_test_failures=False, packages_skip=None, packages_skip_build_finished=False, packages_skip_by_dep=None, packages_skip_regex=None, packages_skip_test_passed=False, packages_skip_up_to=None, packages_start=None, packages_up_to=None, packages_up_to_regex=None, parallel_workers=4, paths=None, symlink_install=False, test_result_base=None, verb_extension=<colcon_core.verb.build.BuildVerb object at 0x7fa070901760>, verb_name='build', verb_parser=<colcon_defaults.argument_parser.defaults.DefaultArgumentsDecorator object at 0x7fa070901cd0>)
[0.192s] Level 1:colcon.colcon_core.package_discovery:discover_packages(colcon_meta) check parameters
[0.192s] Level 1:colcon.colcon_core.package_discovery:discover_packages(recursive) check parameters
[0.192s] Level 1:colcon.colcon_core.package_discovery:discover_packages(ignore) check parameters
[0.192s] Level 1:colcon.colcon_core.package_discovery:discover_packages(path) check parameters
[0.192s] Level 1:colcon.colcon_core.package_discovery:discover_packages(colcon_meta) discover
[0.192s] Level 1:colcon.colcon_core.package_discovery:discover_packages(recursive) discover
[0.192s] INFO:colcon.colcon_core.package_discovery:Crawling recursively for packages in '/home/yeray/Documentos/GitHub/Ysolve-bot'
[0.192s] Level 1:colcon.colcon_core.package_identification:_identify(.) by extensions ['ignore', 'ignore_ament_install']
[0.193s] Level 1:colcon.colcon_core.package_identification:_identify(.) by extension 'ignore'
[0.193s] Level 1:colcon.colcon_core.package_identification:_identify(.) by extension 'ignore_ament_install'
[0.193s] Level 1:colcon.colcon_core.package_identification:_identify(.) by extensions ['colcon_pkg']
[0.193s] Level 1:colcon.colcon_core.package_identification:_identify(.) by extension 'colcon_pkg'
[0.193s] Level 1:colcon.colcon_core.package_identification:_identify(.) by extensions ['colcon_meta']
[0.193s] Level 1:colcon.colcon_core.package_identification:_identify(.) by extension 'colcon_meta'
[0.193s] Level 1:colcon.colcon_core.package_identification:_identify(.) by extensions ['ros']
[0.193s] Level 1:colcon.colcon_core.package_identification:_identify(.) by extension 'ros'
[0.207s] Level 1:colcon.colcon_core.package_identification:_identify(.) by extensions ['cmake', 'python']
[0.207s] Level 1:colcon.colcon_core.package_identification:_identify(.) by extension 'cmake'
[0.207s] Level 1:colcon.colcon_core.package_identification:_identify(.) by extension 'python'
[0.207s] Level 1:colcon.colcon_core.package_identification:_identify(.) by extensions ['python_setup_py']
[0.207s] Level 1:colcon.colcon_core.package_identification:_identify(.) by extension 'python_setup_py'
[0.207s] Level 1:colcon.colcon_core.package_identification:_identify(build) by extensions ['ignore', 'ignore_ament_install']
[0.207s] Level 1:colcon.colcon_core.package_identification:_identify(build) by extension 'ignore'
[0.207s] Level 1:colcon.colcon_core.package_identification:_identify(build) ignored
[0.208s] Level 1:colcon.colcon_core.package_identification:_identify(install) by extensions ['ignore', 'ignore_ament_install']
[0.208s] Level 1:colcon.colcon_core.package_identification:_identify(install) by extension 'ignore'
[0.208s] Level 1:colcon.colcon_core.package_identification:_identify(install) ignored
[0.208s] Level 1:colcon.colcon_core.package_identification:_identify(log) by extensions ['ignore', 'ignore_ament_install']
[0.208s] Level 1:colcon.colcon_core.package_identification:_identify(log) by extension 'ignore'
[0.208s] Level 1:colcon.colcon_core.package_identification:_identify(log) ignored
[0.208s] Level 1:colcon.colcon_core.package_identification:_identify(src) by extensions ['ignore', 'ignore_ament_install']
[0.208s] Level 1:colcon.colcon_core.package_identification:_identify(src) by extension 'ignore'
[0.208s] Level 1:colcon.colcon_core.package_identification:_identify(src) by extension 'ignore_ament_install'
[0.208s] Level 1:colcon.colcon_core.package_identification:_identify(src) by extensions ['colcon_pkg']
[0.208s] Level 1:colcon.colcon_core.package_identification:_identify(src) by extension 'colcon_pkg'
[0.208s] Level 1:colcon.colcon_core.package_identification:_identify(src) by extensions ['colcon_meta']
[0.208s] Level 1:colcon.colcon_core.package_identification:_identify(src) by extension 'colcon_meta'
[0.208s] Level 1:colcon.colcon_core.package_identification:_identify(src) by extensions ['ros']
[0.208s] Level 1:colcon.colcon_core.package_identification:_identify(src) by extension 'ros'
[0.209s] Level 1:colcon.colcon_core.package_identification:_identify(src) by extensions ['cmake', 'python']
[0.209s] Level 1:colcon.colcon_core.package_identification:_identify(src) by extension 'cmake'
[0.209s] Level 1:colcon.colcon_core.package_identification:_identify(src) by extension 'python'
[0.209s] Level 1:colcon.colcon_core.package_identification:_identify(src) by extensions ['python_setup_py']
[0.209s] Level 1:colcon.colcon_core.package_identification:_identify(src) by extension 'python_setup_py'
[0.209s] Level 1:colcon.colcon_core.package_identification:_identify(src/turtlebot3_simulations) by extensions ['ignore', 'ignore_ament_install']
[0.209s] Level 1:colcon.colcon_core.package_identification:_identify(src/turtlebot3_simulations) by extension 'ignore'
[0.209s] Level 1:colcon.colcon_core.package_identification:_identify(src/turtlebot3_simulations) by extension 'ignore_ament_install'
[0.209s] Level 1:colcon.colcon_core.package_identification:_identify(src/turtlebot3_simulations) by extensions ['colcon_pkg']
[0.209s] Level 1:colcon.colcon_core.package_identification:_identify(src/turtlebot3_simulations) by extension 'colcon_pkg'
[0.209s] Level 1:colcon.colcon_core.package_identification:_identify(src/turtlebot3_simulations) by extensions ['colcon_meta']
[0.209s] Level 1:colcon.colcon_core.package_identification:_identify(src/turtlebot3_simulations) by extension 'colcon_meta'
[0.209s] Level 1:colcon.colcon_core.package_identification:_identify(src/turtlebot3_simulations) by extensions ['ros']
[0.209s] Level 1:colcon.colcon_core.package_identification:_identify(src/turtlebot3_simulations) by extension 'ros'
[0.209s] Level 1:colcon.colcon_core.package_identification:_identify(src/turtlebot3_simulations) by extensions ['cmake', 'python']
[0.209s] Level 1:colcon.colcon_core.package_identification:_identify(src/turtlebot3_simulations) by extension 'cmake'
[0.209s] Level 1:colcon.colcon_core.package_identification:_identify(src/turtlebot3_simulations) by extension 'python'
[0.209s] Level 1:colcon.colcon_core.package_identification:_identify(src/turtlebot3_simulations) by extensions ['python_setup_py']
[0.209s] Level 1:colcon.colcon_core.package_identification:_identify(src/turtlebot3_simulations) by extension 'python_setup_py'
[0.210s] Level 1:colcon.colcon_core.package_identification:_identify(src/turtlebot3_simulations/turtlebot3_fake_node) by extensions ['ignore', 'ignore_ament_install']
[0.210s] Level 1:colcon.colcon_core.package_identification:_identify(src/turtlebot3_simulations/turtlebot3_fake_node) by extension 'ignore'
[0.210s] Level 1:colcon.colcon_core.package_identification:_identify(src/turtlebot3_simulations/turtlebot3_fake_node) by extension 'ignore_ament_install'
[0.210s] Level 1:colcon.colcon_core.package_identification:_identify(src/turtlebot3_simulations/turtlebot3_fake_node) by extensions ['colcon_pkg']
[0.210s] Level 1:colcon.colcon_core.package_identification:_identify(src/turtlebot3_simulations/turtlebot3_fake_node) by extension 'colcon_pkg'
[0.210s] Level 1:colcon.colcon_core.package_identification:_identify(src/turtlebot3_simulations/turtlebot3_fake_node) by extensions ['colcon_meta']
[0.210s] Level 1:colcon.colcon_core.package_identification:_identify(src/turtlebot3_simulations/turtlebot3_fake_node) by extension 'colcon_meta'
[0.210s] Level 1:colcon.colcon_core.package_identification:_identify(src/turtlebot3_simulations/turtlebot3_fake_node) by extensions ['ros']
[0.210s] Level 1:colcon.colcon_core.package_identification:_identify(src/turtlebot3_simulations/turtlebot3_fake_node) by extension 'ros'
[0.213s] DEBUG:colcon.colcon_core.package_identification:Package 'src/turtlebot3_simulations/turtlebot3_fake_node' with type 'ros.ament_cmake' and name 'turtlebot3_fake_node'
[0.213s] Level 1:colcon.colcon_core.package_identification:_identify(src/turtlebot3_simulations/turtlebot3_gazebo) by extensions ['ignore', 'ignore_ament_install']
[0.213s] Level 1:colcon.colcon_core.package_identification:_identify(src/turtlebot3_simulations/turtlebot3_gazebo) by extension 'ignore'
[0.214s] Level 1:colcon.colcon_core.package_identification:_identify(src/turtlebot3_simulations/turtlebot3_gazebo) by extension 'ignore_ament_install'
[0.214s] Level 1:colcon.colcon_core.package_identification:_identify(src/turtlebot3_simulations/turtlebot3_gazebo) by extensions ['colcon_pkg']
[0.214s] Level 1:colcon.colcon_core.package_identification:_identify(src/turtlebot3_simulations/turtlebot3_gazebo) by extension 'colcon_pkg'
[0.214s] Level 1:colcon.colcon_core.package_identification:_identify(src/turtlebot3_simulations/turtlebot3_gazebo) by extensions ['colcon_meta']
[0.214s] Level 1:colcon.colcon_core.package_identification:_identify(src/turtlebot3_simulations/turtlebot3_gazebo) by extension 'colcon_meta'
[0.214s] Level 1:colcon.colcon_core.package_identification:_identify(src/turtlebot3_simulations/turtlebot3_gazebo) by extensions ['ros']
[0.214s] Level 1:colcon.colcon_core.package_identification:_identify(src/turtlebot3_simulations/turtlebot3_gazebo) by extension 'ros'
[0.215s] DEBUG:colcon.colcon_core.package_identification:Package 'src/turtlebot3_simulations/turtlebot3_gazebo' with type 'ros.ament_cmake' and name 'turtlebot3_gazebo'
[0.215s] Level 1:colcon.colcon_core.package_identification:_identify(src/turtlebot3_simulations/turtlebot3_simulations) by extensions ['ignore', 'ignore_ament_install']
[0.215s] Level 1:colcon.colcon_core.package_identification:_identify(src/turtlebot3_simulations/turtlebot3_simulations) by extension 'ignore'
[0.215s] Level 1:colcon.colcon_core.package_identification:_identify(src/turtlebot3_simulations/turtlebot3_simulations) by extension 'ignore_ament_install'
[0.215s] Level 1:colcon.colcon_core.package_identification:_identify(src/turtlebot3_simulations/turtlebot3_simulations) by extensions ['colcon_pkg']
[0.215s] Level 1:colcon.colcon_core.package_identification:_identify(src/turtlebot3_simulations/turtlebot3_simulations) by extension 'colcon_pkg'
[0.216s] Level 1:colcon.colcon_core.package_identification:_identify(src/turtlebot3_simulations/turtlebot3_simulations) by extensions ['colcon_meta']
[0.216s] Level 1:colcon.colcon_core.package_identification:_identify(src/turtlebot3_simulations/turtlebot3_simulations) by extension 'colcon_meta'
[0.216s] Level 1:colcon.colcon_core.package_identification:_identify(src/turtlebot3_simulations/turtlebot3_simulations) by extensions ['ros']
[0.216s] Level 1:colcon.colcon_core.package_identification:_identify(src/turtlebot3_simulations/turtlebot3_simulations) by extension 'ros'
[0.216s] DEBUG:colcon.colcon_core.package_identification:Package 'src/turtlebot3_simulations/turtlebot3_simulations' with type 'ros.ament_cmake' and name 'turtlebot3_simulations'
[0.216s] Level 1:colcon.colcon_core.package_identification:_identify(src/ysolve_bot) by extensions ['ignore', 'ignore_ament_install']
[0.216s] Level 1:colcon.colcon_core.package_identification:_identify(src/ysolve_bot) by extension 'ignore'
[0.217s] Level 1:colcon.colcon_core.package_identification:_identify(src/ysolve_bot) by extension 'ignore_ament_install'
[0.217s] Level 1:colcon.colcon_core.package_identification:_identify(src/ysolve_bot) by extensions ['colcon_pkg']
[0.217s] Level 1:colcon.colcon_core.package_identification:_identify(src/ysolve_bot) by extension 'colcon_pkg'
[0.217s] Level 1:colcon.colcon_core.package_identification:_identify(src/ysolve_bot) by extensions ['colcon_meta']
[0.217s] Level 1:colcon.colcon_core.package_identification:_identify(src/ysolve_bot) by extension 'colcon_meta'
[0.217s] Level 1:colcon.colcon_core.package_identification:_identify(src/ysolve_bot) by extensions ['ros']
[0.217s] Level 1:colcon.colcon_core.package_identification:_identify(src/ysolve_bot) by extension 'ros'
[0.217s] Level 1:colcon.colcon_core.package_identification:_identify(src/ysolve_bot) by extensions ['cmake', 'python']
[0.217s] Level 1:colcon.colcon_core.package_identification:_identify(src/ysolve_bot) by extension 'cmake'
[0.217s] Level 1:colcon.colcon_core.package_identification:_identify(src/ysolve_bot) by extension 'python'
[0.217s] Level 1:colcon.colcon_core.package_identification:_identify(src/ysolve_bot) by extensions ['python_setup_py']
[0.217s] Level 1:colcon.colcon_core.package_identification:_identify(src/ysolve_bot) by extension 'python_setup_py'
[0.217s] Level 1:colcon.colcon_core.package_identification:_identify(src/ysolve_bot/ysolve_bot) by extensions ['ignore', 'ignore_ament_install']
[0.217s] Level 1:colcon.colcon_core.package_identification:_identify(src/ysolve_bot/ysolve_bot) by extension 'ignore'
[0.217s] Level 1:colcon.colcon_core.package_identification:_identify(src/ysolve_bot/ysolve_bot) by extension 'ignore_ament_install'
[0.217s] Level 1:colcon.colcon_core.package_identification:_identify(src/ysolve_bot/ysolve_bot) by extensions ['colcon_pkg']
[0.217s] Level 1:colcon.colcon_core.package_identification:_identify(src/ysolve_bot/ysolve_bot) by extension 'colcon_pkg'
[0.217s] Level 1:colcon.colcon_core.package_identification:_identify(src/ysolve_bot/ysolve_bot) by extensions ['colcon_meta']
[0.218s] Level 1:colcon.colcon_core.package_identification:_identify(src/ysolve_bot/ysolve_bot) by extension 'colcon_meta'
[0.218s] Level 1:colcon.colcon_core.package_identification:_identify(src/ysolve_bot/ysolve_bot) by extensions ['ros']
[0.218s] Level 1:colcon.colcon_core.package_identification:_identify(src/ysolve_bot/ysolve_bot) by extension 'ros'
[0.218s] DEBUG:colcon.colcon_core.package_identification:Package 'src/ysolve_bot/ysolve_bot' with type 'ros.ament_cmake' and name 'ysolve_bot'
[0.218s] Level 1:colcon.colcon_core.package_discovery:discover_packages(recursive) using defaults
[0.218s] Level 1:colcon.colcon_core.package_discovery:discover_packages(ignore) discover
[0.218s] Level 1:colcon.colcon_core.package_discovery:discover_packages(ignore) using defaults
[0.218s] Level 1:colcon.colcon_core.package_discovery:discover_packages(path) discover
[0.218s] Level 1:colcon.colcon_core.package_discovery:discover_packages(path) using defaults
[0.243s] Level 5:colcon.colcon_core.verb:set package 'turtlebot3_fake_node' build argument 'cmake_args' from command line to 'None'
[0.243s] Level 5:colcon.colcon_core.verb:set package 'turtlebot3_fake_node' build argument 'cmake_target' from command line to 'None'
[0.243s] Level 5:colcon.colcon_core.verb:set package 'turtlebot3_fake_node' build argument 'cmake_target_skip_unavailable' from command line to 'False'
[0.243s] Level 5:colcon.colcon_core.verb:set package 'turtlebot3_fake_node' build argument 'cmake_clean_cache' from command line to 'False'
[0.243s] Level 5:colcon.colcon_core.verb:set package 'turtlebot3_fake_node' build argument 'cmake_clean_first' from command line to 'False'
[0.243s] Level 5:colcon.colcon_core.verb:set package 'turtlebot3_fake_node' build argument 'cmake_force_configure' from command line to 'False'
[0.243s] Level 5:colcon.colcon_core.verb:set package 'turtlebot3_fake_node' build argument 'ament_cmake_args' from command line to 'None'
[0.243s] Level 5:colcon.colcon_core.verb:set package 'turtlebot3_fake_node' build argument 'catkin_cmake_args' from command line to 'None'
[0.243s] Level 5:colcon.colcon_core.verb:set package 'turtlebot3_fake_node' build argument 'catkin_skip_building_tests' from command line to 'False'
[0.243s] DEBUG:colcon.colcon_core.verb:Building package 'turtlebot3_fake_node' with the following arguments: {'ament_cmake_args': None, 'build_base': '/home/yeray/Documentos/GitHub/Ysolve-bot/build/turtlebot3_fake_node', 'catkin_cmake_args': None, 'catkin_skip_building_tests': False, 'cmake_args': None, 'cmake_clean_cache': False, 'cmake_clean_first': False, 'cmake_force_configure': False, 'cmake_target': None, 'cmake_target_skip_unavailable': False, 'install_base': '/home/yeray/Documentos/GitHub/Ysolve-bot/install/turtlebot3_fake_node', 'merge_install': False, 'path': '/home/yeray/Documentos/GitHub/Ysolve-bot/src/turtlebot3_simulations/turtlebot3_fake_node', 'symlink_install': False, 'test_result_base': None}
[0.244s] Level 5:colcon.colcon_core.verb:set package 'turtlebot3_gazebo' build argument 'cmake_args' from command line to 'None'
[0.244s] Level 5:colcon.colcon_core.verb:set package 'turtlebot3_gazebo' build argument 'cmake_target' from command line to 'None'
[0.244s] Level 5:colcon.colcon_core.verb:set package 'turtlebot3_gazebo' build argument 'cmake_target_skip_unavailable' from command line to 'False'
[0.244s] Level 5:colcon.colcon_core.verb:set package 'turtlebot3_gazebo' build argument 'cmake_clean_cache' from command line to 'False'
[0.244s] Level 5:colcon.colcon_core.verb:set package 'turtlebot3_gazebo' build argument 'cmake_clean_first' from command line to 'False'
[0.244s] Level 5:colcon.colcon_core.verb:set package 'turtlebot3_gazebo' build argument 'cmake_force_configure' from command line to 'False'
[0.244s] Level 5:colcon.colcon_core.verb:set package 'turtlebot3_gazebo' build argument 'ament_cmake_args' from command line to 'None'
[0.244s] Level 5:colcon.colcon_core.verb:set package 'turtlebot3_gazebo' build argument 'catkin_cmake_args' from command line to 'None'
[0.244s] Level 5:colcon.colcon_core.verb:set package 'turtlebot3_gazebo' build argument 'catkin_skip_building_tests' from command line to 'False'
[0.244s] DEBUG:colcon.colcon_core.verb:Building package 'turtlebot3_gazebo' with the following arguments: {'ament_cmake_args': None, 'build_base': '/home/yeray/Documentos/GitHub/Ysolve-bot/build/turtlebot3_gazebo', 'catkin_cmake_args': None, 'catkin_skip_building_tests': False, 'cmake_args': None, 'cmake_clean_cache': False, 'cmake_clean_first': False, 'cmake_force_configure': False, 'cmake_target': None, 'cmake_target_skip_unavailable': False, 'install_base': '/home/yeray/Documentos/GitHub/Ysolve-bot/install/turtlebot3_gazebo', 'merge_install': False, 'path': '/home/yeray/Documentos/GitHub/Ysolve-bot/src/turtlebot3_simulations/turtlebot3_gazebo', 'symlink_install': False, 'test_result_base': None}
[0.245s] Level 5:colcon.colcon_core.verb:set package 'ysolve_bot' build argument 'cmake_args' from command line to 'None'
[0.245s] Level 5:colcon.colcon_core.verb:set package 'ysolve_bot' build argument 'cmake_target' from command line to 'None'
[0.245s] Level 5:colcon.colcon_core.verb:set package 'ysolve_bot' build argument 'cmake_target_skip_unavailable' from command line to 'False'
[0.245s] Level 5:colcon.colcon_core.verb:set package 'ysolve_bot' build argument 'cmake_clean_cache' from command line to 'False'
[0.245s] Level 5:colcon.colcon_core.verb:set package 'ysolve_bot' build argument 'cmake_clean_first' from command line to 'False'
[0.245s] Level 5:colcon.colcon_core.verb:set package 'ysolve_bot' build argument 'cmake_force_configure' from command line to 'False'
[0.245s] Level 5:colcon.colcon_core.verb:set package 'ysolve_bot' build argument 'ament_cmake_args' from command line to 'None'
[0.245s] Level 5:colcon.colcon_core.verb:set package 'ysolve_bot' build argument 'catkin_cmake_args' from command line to 'None'
[0.245s] Level 5:colcon.colcon_core.verb:set package 'ysolve_bot' build argument 'catkin_skip_building_tests' from command line to 'False'
[0.245s] DEBUG:colcon.colcon_core.verb:Building package 'ysolve_bot' with the following arguments: {'ament_cmake_args': None, 'build_base': '/home/yeray/Documentos/GitHub/Ysolve-bot/build/ysolve_bot', 'catkin_cmake_args': None, 'catkin_skip_building_tests': False, 'cmake_args': None, 'cmake_clean_cache': False, 'cmake_clean_first': False, 'cmake_force_configure': False, 'cmake_target': None, 'cmake_target_skip_unavailable': False, 'install_base': '/home/yeray/Documentos/GitHub/Ysolve-bot/install/ysolve_bot', 'merge_install': False, 'path': '/home/yeray/Documentos/GitHub/Ysolve-bot/src/ysolve_bot/ysolve_bot', 'symlink_install': False, 'test_result_base': None}
[0.246s] Level 5:colcon.colcon_core.verb:set package 'turtlebot3_simulations' build argument 'cmake_args' from command line to 'None'
[0.246s] Level 5:colcon.colcon_core.verb:set package 'turtlebot3_simulations' build argument 'cmake_target' from command line to 'None'
[0.246s] Level 5:colcon.colcon_core.verb:set package 'turtlebot3_simulations' build argument 'cmake_target_skip_unavailable' from command line to 'False'
[0.246s] Level 5:colcon.colcon_core.verb:set package 'turtlebot3_simulations' build argument 'cmake_clean_cache' from command line to 'False'
[0.246s] Level 5:colcon.colcon_core.verb:set package 'turtlebot3_simulations' build argument 'cmake_clean_first' from command line to 'False'
[0.246s] Level 5:colcon.colcon_core.verb:set package 'turtlebot3_simulations' build argument 'cmake_force_configure' from command line to 'False'
[0.246s] Level 5:colcon.colcon_core.verb:set package 'turtlebot3_simulations' build argument 'ament_cmake_args' from command line to 'None'
[0.246s] Level 5:colcon.colcon_core.verb:set package 'turtlebot3_simulations' build argument 'catkin_cmake_args' from command line to 'None'
[0.246s] Level 5:colcon.colcon_core.verb:set package 'turtlebot3_simulations' build argument 'catkin_skip_building_tests' from command line to 'False'
[0.246s] DEBUG:colcon.colcon_core.verb:Building package 'turtlebot3_simulations' with the following arguments: {'ament_cmake_args': None, 'build_base': '/home/yeray/Documentos/GitHub/Ysolve-bot/build/turtlebot3_simulations', 'catkin_cmake_args': None, 'catkin_skip_building_tests': False, 'cmake_args': None, 'cmake_clean_cache': False, 'cmake_clean_first': False, 'cmake_force_configure': False, 'cmake_target': None, 'cmake_target_skip_unavailable': False, 'install_base': '/home/yeray/Documentos/GitHub/Ysolve-bot/install/turtlebot3_simulations', 'merge_install': False, 'path': '/home/yeray/Documentos/GitHub/Ysolve-bot/src/turtlebot3_simulations/turtlebot3_simulations', 'symlink_install': False, 'test_result_base': None}
[0.251s] WARNING:colcon.colcon_core.verb:Some selected packages are already built in one or more underlay workspaces:
	'turtlebot3_fake_node' is in: /home/yeray/turtlebot3_ws/install/turtlebot3_fake_node
	'turtlebot3_gazebo' is in: /home/yeray/turtlebot3_ws/install/turtlebot3_gazebo
	'ysolve_bot' is in: /home/yeray/Documentos/GitHub/Ysolve-bot/install/ysolve_bot
	'turtlebot3_simulations' is in: /home/yeray/turtlebot3_ws/install/turtlebot3_simulations
If a package in a merged underlay workspace is overridden and it installs headers, then all packages in the overlay must sort their include directories by workspace order. Failure to do so may result in build failures or undefined behavior at run time.
If the overridden package is used by another package in any underlay, then the overriding package in the overlay must be API and ABI compatible or undefined behavior at run time may occur.

If you understand the risks and want to override a package anyways, add the following to the command line:
	--allow-overriding turtlebot3_fake_node turtlebot3_gazebo turtlebot3_simulations ysolve_bot

This may be promoted to an error in a future release of colcon-core.
[0.252s] INFO:colcon.colcon_core.executor:Executing jobs using 'parallel' executor
[0.256s] DEBUG:colcon.colcon_parallel_executor.executor.parallel:run_until_complete
[0.257s] INFO:colcon.colcon_ros.task.ament_cmake.build:Building ROS package in '/home/yeray/Documentos/GitHub/Ysolve-bot/src/turtlebot3_simulations/turtlebot3_fake_node' with build type 'ament_cmake'
[0.257s] INFO:colcon.colcon_cmake.task.cmake.build:Building CMake package in '/home/yeray/Documentos/GitHub/Ysolve-bot/src/turtlebot3_simulations/turtlebot3_fake_node'
[0.261s] INFO:colcon.colcon_core.plugin_system:Skipping extension 'colcon_core.shell.bat': Not used on non-Windows systems
[0.261s] INFO:colcon.colcon_core.shell:Skip shell extension 'powershell' for command environment: Not usable outside of PowerShell
[0.261s] DEBUG:colcon.colcon_core.shell:Skip shell extension 'dsv' for command environment
[0.268s] INFO:colcon.colcon_ros.task.ament_cmake.build:Building ROS package in '/home/yeray/Documentos/GitHub/Ysolve-bot/src/turtlebot3_simulations/turtlebot3_gazebo' with build type 'ament_cmake'
[0.268s] INFO:colcon.colcon_cmake.task.cmake.build:Building CMake package in '/home/yeray/Documentos/GitHub/Ysolve-bot/src/turtlebot3_simulations/turtlebot3_gazebo'
[0.269s] INFO:colcon.colcon_core.shell:Skip shell extension 'powershell' for command environment: Not usable outside of PowerShell
[0.269s] DEBUG:colcon.colcon_core.shell:Skip shell extension 'dsv' for command environment
[0.279s] INFO:colcon.colcon_ros.task.ament_cmake.build:Building ROS package in '/home/yeray/Documentos/GitHub/Ysolve-bot/src/ysolve_bot/ysolve_bot' with build type 'ament_cmake'
[0.279s] INFO:colcon.colcon_cmake.task.cmake.build:Building CMake package in '/home/yeray/Documentos/GitHub/Ysolve-bot/src/ysolve_bot/ysolve_bot'
[0.280s] INFO:colcon.colcon_core.shell:Skip shell extension 'powershell' for command environment: Not usable outside of PowerShell
[0.281s] DEBUG:colcon.colcon_core.shell:Skip shell extension 'dsv' for command environment
[0.295s] DEBUG:colcon.colcon_core.event_handler.log_command:Invoking command in '/home/yeray/Documentos/GitHub/Ysolve-bot/build/turtlebot3_fake_node': CMAKE_PREFIX_PATH=${CMAKE_PREFIX_PATH}:/home/yeray/turtlebot3_ws/install/yeray_my_nav2_system:/home/yeray/turtlebot3_ws/install/provide_map:/home/yeray/turtlebot3_ws/install/my_slam:/home/yeray/turtlebot3_ws/install/my_nav2_system:/home/yeray/turtlebot3_ws/install/my_first_subscriber:/home/yeray/turtlebot3_ws/install/my_first_publisher:/home/yeray/turtlebot3_ws/install/my_first_node:/opt/ros/foxy PS1=(rosenv) \[\e]0;\u@\h: \w\a\]${debian_chroot:+($debian_chroot)}\[\033[01;32m\]\u@\h\[\033[00m\]:\[\033[01;34m\]\w\[\033[00m\]\$ /usr/bin/cmake /home/yeray/Documentos/GitHub/Ysolve-bot/src/turtlebot3_simulations/turtlebot3_fake_node -DCMAKE_INSTALL_PREFIX=/home/yeray/Documentos/GitHub/Ysolve-bot/install/turtlebot3_fake_node
[0.302s] DEBUG:colcon.colcon_core.event_handler.log_command:Invoking command in '/home/yeray/Documentos/GitHub/Ysolve-bot/build/turtlebot3_gazebo': CMAKE_PREFIX_PATH=${CMAKE_PREFIX_PATH}:/home/yeray/turtlebot3_ws/install/yeray_my_nav2_system:/home/yeray/turtlebot3_ws/install/provide_map:/home/yeray/turtlebot3_ws/install/my_slam:/home/yeray/turtlebot3_ws/install/my_nav2_system:/home/yeray/turtlebot3_ws/install/my_first_subscriber:/home/yeray/turtlebot3_ws/install/my_first_publisher:/home/yeray/turtlebot3_ws/install/my_first_node:/opt/ros/foxy PS1=(rosenv) \[\e]0;\u@\h: \w\a\]${debian_chroot:+($debian_chroot)}\[\033[01;32m\]\u@\h\[\033[00m\]:\[\033[01;34m\]\w\[\033[00m\]\$ /usr/bin/cmake /home/yeray/Documentos/GitHub/Ysolve-bot/src/turtlebot3_simulations/turtlebot3_gazebo -DCMAKE_INSTALL_PREFIX=/home/yeray/Documentos/GitHub/Ysolve-bot/install/turtlebot3_gazebo
[0.311s] DEBUG:colcon.colcon_core.event_handler.log_command:Invoking command in '/home/yeray/Documentos/GitHub/Ysolve-bot/build/ysolve_bot': CMAKE_PREFIX_PATH=${CMAKE_PREFIX_PATH}:/home/yeray/turtlebot3_ws/install/yeray_my_nav2_system:/home/yeray/turtlebot3_ws/install/provide_map:/home/yeray/turtlebot3_ws/install/my_slam:/home/yeray/turtlebot3_ws/install/my_nav2_system:/home/yeray/turtlebot3_ws/install/my_first_subscriber:/home/yeray/turtlebot3_ws/install/my_first_publisher:/home/yeray/turtlebot3_ws/install/my_first_node:/opt/ros/foxy PS1=(rosenv) \[\e]0;\u@\h: \w\a\]${debian_chroot:+($debian_chroot)}\[\033[01;32m\]\u@\h\[\033[00m\]:\[\033[01;34m\]\w\[\033[00m\]\$ /usr/bin/cmake --build /home/yeray/Documentos/GitHub/Ysolve-bot/build/ysolve_bot -- -j4 -l4
[0.378s] DEBUG:colcon.colcon_core.event_handler.log_command:Invoked command in '/home/yeray/Documentos/GitHub/Ysolve-bot/build/ysolve_bot' returned '0': CMAKE_PREFIX_PATH=${CMAKE_PREFIX_PATH}:/home/yeray/turtlebot3_ws/install/yeray_my_nav2_system:/home/yeray/turtlebot3_ws/install/provide_map:/home/yeray/turtlebot3_ws/install/my_slam:/home/yeray/turtlebot3_ws/install/my_nav2_system:/home/yeray/turtlebot3_ws/install/my_first_subscriber:/home/yeray/turtlebot3_ws/install/my_first_publisher:/home/yeray/turtlebot3_ws/install/my_first_node:/opt/ros/foxy PS1=(rosenv) \[\e]0;\u@\h: \w\a\]${debian_chroot:+($debian_chroot)}\[\033[01;32m\]\u@\h\[\033[00m\]:\[\033[01;34m\]\w\[\033[00m\]\$ /usr/bin/cmake --build /home/yeray/Documentos/GitHub/Ysolve-bot/build/ysolve_bot -- -j4 -l4
[0.439s] DEBUG:colcon.colcon_core.event_handler.log_command:Invoking command in '/home/yeray/Documentos/GitHub/Ysolve-bot/build/ysolve_bot': CMAKE_PREFIX_PATH=${CMAKE_PREFIX_PATH}:/home/yeray/turtlebot3_ws/install/yeray_my_nav2_system:/home/yeray/turtlebot3_ws/install/provide_map:/home/yeray/turtlebot3_ws/install/my_slam:/home/yeray/turtlebot3_ws/install/my_nav2_system:/home/yeray/turtlebot3_ws/install/my_first_subscriber:/home/yeray/turtlebot3_ws/install/my_first_publisher:/home/yeray/turtlebot3_ws/install/my_first_node:/opt/ros/foxy PS1=(rosenv) \[\e]0;\u@\h: \w\a\]${debian_chroot:+($debian_chroot)}\[\033[01;32m\]\u@\h\[\033[00m\]:\[\033[01;34m\]\w\[\033[00m\]\$ /usr/bin/cmake --install /home/yeray/Documentos/GitHub/Ysolve-bot/build/ysolve_bot
[0.453s] Level 1:colcon.colcon_core.environment:create_environment_scripts_only(ysolve_bot)
[0.460s] DEBUG:colcon.colcon_core.event_handler.log_command:Invoked command in '/home/yeray/Documentos/GitHub/Ysolve-bot/build/ysolve_bot' returned '0': CMAKE_PREFIX_PATH=${CMAKE_PREFIX_PATH}:/home/yeray/turtlebot3_ws/install/yeray_my_nav2_system:/home/yeray/turtlebot3_ws/install/provide_map:/home/yeray/turtlebot3_ws/install/my_slam:/home/yeray/turtlebot3_ws/install/my_nav2_system:/home/yeray/turtlebot3_ws/install/my_first_subscriber:/home/yeray/turtlebot3_ws/install/my_first_publisher:/home/yeray/turtlebot3_ws/install/my_first_node:/opt/ros/foxy PS1=(rosenv) \[\e]0;\u@\h: \w\a\]${debian_chroot:+($debian_chroot)}\[\033[01;32m\]\u@\h\[\033[00m\]:\[\033[01;34m\]\w\[\033[00m\]\$ /usr/bin/cmake --install /home/yeray/Documentos/GitHub/Ysolve-bot/build/ysolve_bot
[0.462s] Level 1:colcon.colcon_core.environment:checking '/home/yeray/Documentos/GitHub/Ysolve-bot/install/ysolve_bot' for CMake module files
[0.463s] Level 1:colcon.colcon_core.environment:checking '/home/yeray/Documentos/GitHub/Ysolve-bot/install/ysolve_bot' for CMake config files
[0.463s] Level 1:colcon.colcon_core.shell:create_environment_hook('ysolve_bot', 'cmake_prefix_path')
[0.464s] INFO:colcon.colcon_core.shell:Creating environment hook '/home/yeray/Documentos/GitHub/Ysolve-bot/install/ysolve_bot/share/ysolve_bot/hook/cmake_prefix_path.ps1'
[0.465s] INFO:colcon.colcon_core.shell:Creating environment descriptor '/home/yeray/Documentos/GitHub/Ysolve-bot/install/ysolve_bot/share/ysolve_bot/hook/cmake_prefix_path.dsv'
[0.466s] INFO:colcon.colcon_core.shell:Creating environment hook '/home/yeray/Documentos/GitHub/Ysolve-bot/install/ysolve_bot/share/ysolve_bot/hook/cmake_prefix_path.sh'
[0.467s] Level 1:colcon.colcon_core.environment:checking '/home/yeray/Documentos/GitHub/Ysolve-bot/install/ysolve_bot/bin'
[0.468s] Level 1:colcon.colcon_core.environment:checking '/home/yeray/Documentos/GitHub/Ysolve-bot/install/ysolve_bot/lib/pkgconfig/ysolve_bot.pc'
[0.468s] Level 1:colcon.colcon_core.environment:checking '/home/yeray/Documentos/GitHub/Ysolve-bot/install/ysolve_bot/lib/python3.8/site-packages'
[0.469s] INFO:colcon.colcon_core.shell:Creating package script '/home/yeray/Documentos/GitHub/Ysolve-bot/install/ysolve_bot/share/ysolve_bot/package.ps1'
[0.471s] INFO:colcon.colcon_core.shell:Creating package descriptor '/home/yeray/Documentos/GitHub/Ysolve-bot/install/ysolve_bot/share/ysolve_bot/package.dsv'
[0.472s] INFO:colcon.colcon_core.shell:Creating package script '/home/yeray/Documentos/GitHub/Ysolve-bot/install/ysolve_bot/share/ysolve_bot/package.sh'
[0.474s] INFO:colcon.colcon_core.shell:Creating package script '/home/yeray/Documentos/GitHub/Ysolve-bot/install/ysolve_bot/share/ysolve_bot/package.bash'
[0.476s] INFO:colcon.colcon_core.shell:Creating package script '/home/yeray/Documentos/GitHub/Ysolve-bot/install/ysolve_bot/share/ysolve_bot/package.zsh'
[0.477s] Level 1:colcon.colcon_core.environment:create_file_with_runtime_dependencies(/home/yeray/Documentos/GitHub/Ysolve-bot/install/ysolve_bot/share/colcon-core/packages/ysolve_bot)
[0.514s] Level 1:colcon.colcon_core.environment:create_environment_scripts_only(ysolve_bot)
[0.515s] Level 1:colcon.colcon_core.environment:checking '/home/yeray/Documentos/GitHub/Ysolve-bot/install/ysolve_bot' for CMake module files
[0.515s] Level 1:colcon.colcon_core.environment:checking '/home/yeray/Documentos/GitHub/Ysolve-bot/install/ysolve_bot' for CMake config files
[0.515s] Level 1:colcon.colcon_core.shell:create_environment_hook('ysolve_bot', 'cmake_prefix_path')
[0.516s] INFO:colcon.colcon_core.shell:Creating environment hook '/home/yeray/Documentos/GitHub/Ysolve-bot/install/ysolve_bot/share/ysolve_bot/hook/cmake_prefix_path.ps1'
[0.516s] INFO:colcon.colcon_core.shell:Creating environment descriptor '/home/yeray/Documentos/GitHub/Ysolve-bot/install/ysolve_bot/share/ysolve_bot/hook/cmake_prefix_path.dsv'
[0.517s] INFO:colcon.colcon_core.shell:Creating environment hook '/home/yeray/Documentos/GitHub/Ysolve-bot/install/ysolve_bot/share/ysolve_bot/hook/cmake_prefix_path.sh'
[0.518s] Level 1:colcon.colcon_core.environment:checking '/home/yeray/Documentos/GitHub/Ysolve-bot/install/ysolve_bot/bin'
[0.518s] Level 1:colcon.colcon_core.environment:checking '/home/yeray/Documentos/GitHub/Ysolve-bot/install/ysolve_bot/lib/pkgconfig/ysolve_bot.pc'
[0.518s] Level 1:colcon.colcon_core.environment:checking '/home/yeray/Documentos/GitHub/Ysolve-bot/install/ysolve_bot/lib/python3.8/site-packages'
[0.519s] INFO:colcon.colcon_core.shell:Creating package script '/home/yeray/Documentos/GitHub/Ysolve-bot/install/ysolve_bot/share/ysolve_bot/package.ps1'
[0.520s] INFO:colcon.colcon_core.shell:Creating package descriptor '/home/yeray/Documentos/GitHub/Ysolve-bot/install/ysolve_bot/share/ysolve_bot/package.dsv'
[0.521s] INFO:colcon.colcon_core.shell:Creating package script '/home/yeray/Documentos/GitHub/Ysolve-bot/install/ysolve_bot/share/ysolve_bot/package.sh'
[0.523s] INFO:colcon.colcon_core.shell:Creating package script '/home/yeray/Documentos/GitHub/Ysolve-bot/install/ysolve_bot/share/ysolve_bot/package.bash'
[0.524s] INFO:colcon.colcon_core.shell:Creating package script '/home/yeray/Documentos/GitHub/Ysolve-bot/install/ysolve_bot/share/ysolve_bot/package.zsh'
[0.524s] Level 1:colcon.colcon_core.environment:create_file_with_runtime_dependencies(/home/yeray/Documentos/GitHub/Ysolve-bot/install/ysolve_bot/share/colcon-core/packages/ysolve_bot)
[3.094s] DEBUG:colcon.colcon_core.event_handler.log_command:Invoked command in '/home/yeray/Documentos/GitHub/Ysolve-bot/build/turtlebot3_fake_node' returned '0': CMAKE_PREFIX_PATH=${CMAKE_PREFIX_PATH}:/home/yeray/turtlebot3_ws/install/yeray_my_nav2_system:/home/yeray/turtlebot3_ws/install/provide_map:/home/yeray/turtlebot3_ws/install/my_slam:/home/yeray/turtlebot3_ws/install/my_nav2_system:/home/yeray/turtlebot3_ws/install/my_first_subscriber:/home/yeray/turtlebot3_ws/install/my_first_publisher:/home/yeray/turtlebot3_ws/install/my_first_node:/opt/ros/foxy PS1=(rosenv) \[\e]0;\u@\h: \w\a\]${debian_chroot:+($debian_chroot)}\[\033[01;32m\]\u@\h\[\033[00m\]:\[\033[01;34m\]\w\[\033[00m\]\$ /usr/bin/cmake /home/yeray/Documentos/GitHub/Ysolve-bot/src/turtlebot3_simulations/turtlebot3_fake_node -DCMAKE_INSTALL_PREFIX=/home/yeray/Documentos/GitHub/Ysolve-bot/install/turtlebot3_fake_node
[3.097s] DEBUG:colcon.colcon_core.event_handler.log_command:Invoking command in '/home/yeray/Documentos/GitHub/Ysolve-bot/build/turtlebot3_fake_node': CMAKE_PREFIX_PATH=${CMAKE_PREFIX_PATH}:/home/yeray/turtlebot3_ws/install/yeray_my_nav2_system:/home/yeray/turtlebot3_ws/install/provide_map:/home/yeray/turtlebot3_ws/install/my_slam:/home/yeray/turtlebot3_ws/install/my_nav2_system:/home/yeray/turtlebot3_ws/install/my_first_subscriber:/home/yeray/turtlebot3_ws/install/my_first_publisher:/home/yeray/turtlebot3_ws/install/my_first_node:/opt/ros/foxy PS1=(rosenv) \[\e]0;\u@\h: \w\a\]${debian_chroot:+($debian_chroot)}\[\033[01;32m\]\u@\h\[\033[00m\]:\[\033[01;34m\]\w\[\033[00m\]\$ /usr/bin/cmake --build /home/yeray/Documentos/GitHub/Ysolve-bot/build/turtlebot3_fake_node -- -j4 -l4
[4.310s] DEBUG:colcon.colcon_core.event_handler.log_command:Invoked command in '/home/yeray/Documentos/GitHub/Ysolve-bot/build/turtlebot3_gazebo' returned '0': CMAKE_PREFIX_PATH=${CMAKE_PREFIX_PATH}:/home/yeray/turtlebot3_ws/install/yeray_my_nav2_system:/home/yeray/turtlebot3_ws/install/provide_map:/home/yeray/turtlebot3_ws/install/my_slam:/home/yeray/turtlebot3_ws/install/my_nav2_system:/home/yeray/turtlebot3_ws/install/my_first_subscriber:/home/yeray/turtlebot3_ws/install/my_first_publisher:/home/yeray/turtlebot3_ws/install/my_first_node:/opt/ros/foxy PS1=(rosenv) \[\e]0;\u@\h: \w\a\]${debian_chroot:+($debian_chroot)}\[\033[01;32m\]\u@\h\[\033[00m\]:\[\033[01;34m\]\w\[\033[00m\]\$ /usr/bin/cmake /home/yeray/Documentos/GitHub/Ysolve-bot/src/turtlebot3_simulations/turtlebot3_gazebo -DCMAKE_INSTALL_PREFIX=/home/yeray/Documentos/GitHub/Ysolve-bot/install/turtlebot3_gazebo
[4.313s] DEBUG:colcon.colcon_core.event_handler.log_command:Invoking command in '/home/yeray/Documentos/GitHub/Ysolve-bot/build/turtlebot3_gazebo': CMAKE_PREFIX_PATH=${CMAKE_PREFIX_PATH}:/home/yeray/turtlebot3_ws/install/yeray_my_nav2_system:/home/yeray/turtlebot3_ws/install/provide_map:/home/yeray/turtlebot3_ws/install/my_slam:/home/yeray/turtlebot3_ws/install/my_nav2_system:/home/yeray/turtlebot3_ws/install/my_first_subscriber:/home/yeray/turtlebot3_ws/install/my_first_publisher:/home/yeray/turtlebot3_ws/install/my_first_node:/opt/ros/foxy PS1=(rosenv) \[\e]0;\u@\h: \w\a\]${debian_chroot:+($debian_chroot)}\[\033[01;32m\]\u@\h\[\033[00m\]:\[\033[01;34m\]\w\[\033[00m\]\$ /usr/bin/cmake --build /home/yeray/Documentos/GitHub/Ysolve-bot/build/turtlebot3_gazebo -- -j4 -l4
[23.238s] DEBUG:colcon.colcon_core.event_handler.log_command:Invoked command in '/home/yeray/Documentos/GitHub/Ysolve-bot/build/turtlebot3_fake_node' returned '0': CMAKE_PREFIX_PATH=${CMAKE_PREFIX_PATH}:/home/yeray/turtlebot3_ws/install/yeray_my_nav2_system:/home/yeray/turtlebot3_ws/install/provide_map:/home/yeray/turtlebot3_ws/install/my_slam:/home/yeray/turtlebot3_ws/install/my_nav2_system:/home/yeray/turtlebot3_ws/install/my_first_subscriber:/home/yeray/turtlebot3_ws/install/my_first_publisher:/home/yeray/turtlebot3_ws/install/my_first_node:/opt/ros/foxy PS1=(rosenv) \[\e]0;\u@\h: \w\a\]${debian_chroot:+($debian_chroot)}\[\033[01;32m\]\u@\h\[\033[00m\]:\[\033[01;34m\]\w\[\033[00m\]\$ /usr/bin/cmake --build /home/yeray/Documentos/GitHub/Ysolve-bot/build/turtlebot3_fake_node -- -j4 -l4
[23.396s] DEBUG:colcon.colcon_core.event_handler.log_command:Invoking command in '/home/yeray/Documentos/GitHub/Ysolve-bot/build/turtlebot3_fake_node': CMAKE_PREFIX_PATH=${CMAKE_PREFIX_PATH}:/home/yeray/turtlebot3_ws/install/yeray_my_nav2_system:/home/yeray/turtlebot3_ws/install/provide_map:/home/yeray/turtlebot3_ws/install/my_slam:/home/yeray/turtlebot3_ws/install/my_nav2_system:/home/yeray/turtlebot3_ws/install/my_first_subscriber:/home/yeray/turtlebot3_ws/install/my_first_publisher:/home/yeray/turtlebot3_ws/install/my_first_node:/opt/ros/foxy PS1=(rosenv) \[\e]0;\u@\h: \w\a\]${debian_chroot:+($debian_chroot)}\[\033[01;32m\]\u@\h\[\033[00m\]:\[\033[01;34m\]\w\[\033[00m\]\$ /usr/bin/cmake --install /home/yeray/Documentos/GitHub/Ysolve-bot/build/turtlebot3_fake_node
[23.482s] Level 1:colcon.colcon_core.environment:create_environment_scripts_only(turtlebot3_fake_node)
[23.488s] DEBUG:colcon.colcon_core.event_handler.log_command:Invoked command in '/home/yeray/Documentos/GitHub/Ysolve-bot/build/turtlebot3_fake_node' returned '0': CMAKE_PREFIX_PATH=${CMAKE_PREFIX_PATH}:/home/yeray/turtlebot3_ws/install/yeray_my_nav2_system:/home/yeray/turtlebot3_ws/install/provide_map:/home/yeray/turtlebot3_ws/install/my_slam:/home/yeray/turtlebot3_ws/install/my_nav2_system:/home/yeray/turtlebot3_ws/install/my_first_subscriber:/home/yeray/turtlebot3_ws/install/my_first_publisher:/home/yeray/turtlebot3_ws/install/my_first_node:/opt/ros/foxy PS1=(rosenv) \[\e]0;\u@\h: \w\a\]${debian_chroot:+($debian_chroot)}\[\033[01;32m\]\u@\h\[\033[00m\]:\[\033[01;34m\]\w\[\033[00m\]\$ /usr/bin/cmake --install /home/yeray/Documentos/GitHub/Ysolve-bot/build/turtlebot3_fake_node
[23.489s] Level 1:colcon.colcon_core.environment:checking '/home/yeray/Documentos/GitHub/Ysolve-bot/install/turtlebot3_fake_node' for CMake module files
[23.490s] Level 1:colcon.colcon_core.environment:checking '/home/yeray/Documentos/GitHub/Ysolve-bot/install/turtlebot3_fake_node' for CMake config files
[23.490s] Level 1:colcon.colcon_core.shell:create_environment_hook('turtlebot3_fake_node', 'cmake_prefix_path')
[23.491s] INFO:colcon.colcon_core.shell:Creating environment hook '/home/yeray/Documentos/GitHub/Ysolve-bot/install/turtlebot3_fake_node/share/turtlebot3_fake_node/hook/cmake_prefix_path.ps1'
[23.492s] INFO:colcon.colcon_core.shell:Creating environment descriptor '/home/yeray/Documentos/GitHub/Ysolve-bot/install/turtlebot3_fake_node/share/turtlebot3_fake_node/hook/cmake_prefix_path.dsv'
[23.493s] INFO:colcon.colcon_core.shell:Creating environment hook '/home/yeray/Documentos/GitHub/Ysolve-bot/install/turtlebot3_fake_node/share/turtlebot3_fake_node/hook/cmake_prefix_path.sh'
[23.494s] Level 1:colcon.colcon_core.environment:checking '/home/yeray/Documentos/GitHub/Ysolve-bot/install/turtlebot3_fake_node/lib'
[23.495s] Level 1:colcon.colcon_core.environment:checking '/home/yeray/Documentos/GitHub/Ysolve-bot/install/turtlebot3_fake_node/bin'
[23.495s] Level 1:colcon.colcon_core.environment:checking '/home/yeray/Documentos/GitHub/Ysolve-bot/install/turtlebot3_fake_node/lib/pkgconfig/turtlebot3_fake_node.pc'
[23.495s] Level 1:colcon.colcon_core.environment:checking '/home/yeray/Documentos/GitHub/Ysolve-bot/install/turtlebot3_fake_node/lib/python3.8/site-packages'
[23.502s] INFO:colcon.colcon_core.shell:Creating package script '/home/yeray/Documentos/GitHub/Ysolve-bot/install/turtlebot3_fake_node/share/turtlebot3_fake_node/package.ps1'
[23.504s] INFO:colcon.colcon_core.shell:Creating package descriptor '/home/yeray/Documentos/GitHub/Ysolve-bot/install/turtlebot3_fake_node/share/turtlebot3_fake_node/package.dsv'
[23.506s] INFO:colcon.colcon_core.shell:Creating package script '/home/yeray/Documentos/GitHub/Ysolve-bot/install/turtlebot3_fake_node/share/turtlebot3_fake_node/package.sh'
[23.507s] INFO:colcon.colcon_core.shell:Creating package script '/home/yeray/Documentos/GitHub/Ysolve-bot/install/turtlebot3_fake_node/share/turtlebot3_fake_node/package.bash'
[23.508s] INFO:colcon.colcon_core.shell:Creating package script '/home/yeray/Documentos/GitHub/Ysolve-bot/install/turtlebot3_fake_node/share/turtlebot3_fake_node/package.zsh'
[23.509s] Level 1:colcon.colcon_core.environment:create_file_with_runtime_dependencies(/home/yeray/Documentos/GitHub/Ysolve-bot/install/turtlebot3_fake_node/share/colcon-core/packages/turtlebot3_fake_node)
[23.586s] Level 1:colcon.colcon_core.environment:create_environment_scripts_only(turtlebot3_fake_node)
[23.588s] Level 1:colcon.colcon_core.environment:checking '/home/yeray/Documentos/GitHub/Ysolve-bot/install/turtlebot3_fake_node' for CMake module files
[23.589s] Level 1:colcon.colcon_core.environment:checking '/home/yeray/Documentos/GitHub/Ysolve-bot/install/turtlebot3_fake_node' for CMake config files
[23.590s] Level 1:colcon.colcon_core.shell:create_environment_hook('turtlebot3_fake_node', 'cmake_prefix_path')
[23.591s] INFO:colcon.colcon_core.shell:Creating environment hook '/home/yeray/Documentos/GitHub/Ysolve-bot/install/turtlebot3_fake_node/share/turtlebot3_fake_node/hook/cmake_prefix_path.ps1'
[23.592s] INFO:colcon.colcon_core.shell:Creating environment descriptor '/home/yeray/Documentos/GitHub/Ysolve-bot/install/turtlebot3_fake_node/share/turtlebot3_fake_node/hook/cmake_prefix_path.dsv'
[23.593s] INFO:colcon.colcon_core.shell:Creating environment hook '/home/yeray/Documentos/GitHub/Ysolve-bot/install/turtlebot3_fake_node/share/turtlebot3_fake_node/hook/cmake_prefix_path.sh'
[23.596s] Level 1:colcon.colcon_core.environment:checking '/home/yeray/Documentos/GitHub/Ysolve-bot/install/turtlebot3_fake_node/lib'
[23.596s] Level 1:colcon.colcon_core.environment:checking '/home/yeray/Documentos/GitHub/Ysolve-bot/install/turtlebot3_fake_node/bin'
[23.596s] Level 1:colcon.colcon_core.environment:checking '/home/yeray/Documentos/GitHub/Ysolve-bot/install/turtlebot3_fake_node/lib/pkgconfig/turtlebot3_fake_node.pc'
[23.596s] Level 1:colcon.colcon_core.environment:checking '/home/yeray/Documentos/GitHub/Ysolve-bot/install/turtlebot3_fake_node/lib/python3.8/site-packages'
[23.598s] INFO:colcon.colcon_core.shell:Creating package script '/home/yeray/Documentos/GitHub/Ysolve-bot/install/turtlebot3_fake_node/share/turtlebot3_fake_node/package.ps1'
[23.605s] INFO:colcon.colcon_core.shell:Creating package descriptor '/home/yeray/Documentos/GitHub/Ysolve-bot/install/turtlebot3_fake_node/share/turtlebot3_fake_node/package.dsv'
[23.610s] INFO:colcon.colcon_core.shell:Creating package script '/home/yeray/Documentos/GitHub/Ysolve-bot/install/turtlebot3_fake_node/share/turtlebot3_fake_node/package.sh'
[23.611s] INFO:colcon.colcon_core.shell:Creating package script '/home/yeray/Documentos/GitHub/Ysolve-bot/install/turtlebot3_fake_node/share/turtlebot3_fake_node/package.bash'
[23.612s] INFO:colcon.colcon_core.shell:Creating package script '/home/yeray/Documentos/GitHub/Ysolve-bot/install/turtlebot3_fake_node/share/turtlebot3_fake_node/package.zsh'
[23.618s] Level 1:colcon.colcon_core.environment:create_file_with_runtime_dependencies(/home/yeray/Documentos/GitHub/Ysolve-bot/install/turtlebot3_fake_node/share/colcon-core/packages/turtlebot3_fake_node)
[28.854s] DEBUG:colcon.colcon_core.event_handler.log_command:Invoked command in '/home/yeray/Documentos/GitHub/Ysolve-bot/build/turtlebot3_gazebo' returned '0': CMAKE_PREFIX_PATH=${CMAKE_PREFIX_PATH}:/home/yeray/turtlebot3_ws/install/yeray_my_nav2_system:/home/yeray/turtlebot3_ws/install/provide_map:/home/yeray/turtlebot3_ws/install/my_slam:/home/yeray/turtlebot3_ws/install/my_nav2_system:/home/yeray/turtlebot3_ws/install/my_first_subscriber:/home/yeray/turtlebot3_ws/install/my_first_publisher:/home/yeray/turtlebot3_ws/install/my_first_node:/opt/ros/foxy PS1=(rosenv) \[\e]0;\u@\h: \w\a\]${debian_chroot:+($debian_chroot)}\[\033[01;32m\]\u@\h\[\033[00m\]:\[\033[01;34m\]\w\[\033[00m\]\$ /usr/bin/cmake --build /home/yeray/Documentos/GitHub/Ysolve-bot/build/turtlebot3_gazebo -- -j4 -l4
[28.892s] DEBUG:colcon.colcon_core.event_handler.log_command:Invoking command in '/home/yeray/Documentos/GitHub/Ysolve-bot/build/turtlebot3_gazebo': CMAKE_PREFIX_PATH=${CMAKE_PREFIX_PATH}:/home/yeray/turtlebot3_ws/install/yeray_my_nav2_system:/home/yeray/turtlebot3_ws/install/provide_map:/home/yeray/turtlebot3_ws/install/my_slam:/home/yeray/turtlebot3_ws/install/my_nav2_system:/home/yeray/turtlebot3_ws/install/my_first_subscriber:/home/yeray/turtlebot3_ws/install/my_first_publisher:/home/yeray/turtlebot3_ws/install/my_first_node:/opt/ros/foxy PS1=(rosenv) \[\e]0;\u@\h: \w\a\]${debian_chroot:+($debian_chroot)}\[\033[01;32m\]\u@\h\[\033[00m\]:\[\033[01;34m\]\w\[\033[00m\]\$ /usr/bin/cmake --install /home/yeray/Documentos/GitHub/Ysolve-bot/build/turtlebot3_gazebo
[28.937s] Level 1:colcon.colcon_core.environment:create_environment_scripts_only(turtlebot3_gazebo)
[28.939s] Level 1:colcon.colcon_core.environment:checking '/home/yeray/Documentos/GitHub/Ysolve-bot/install/turtlebot3_gazebo' for CMake module files
[28.940s] Level 1:colcon.colcon_core.environment:checking '/home/yeray/Documentos/GitHub/Ysolve-bot/install/turtlebot3_gazebo' for CMake config files
[28.941s] DEBUG:colcon.colcon_core.event_handler.log_command:Invoked command in '/home/yeray/Documentos/GitHub/Ysolve-bot/build/turtlebot3_gazebo' returned '0': CMAKE_PREFIX_PATH=${CMAKE_PREFIX_PATH}:/home/yeray/turtlebot3_ws/install/yeray_my_nav2_system:/home/yeray/turtlebot3_ws/install/provide_map:/home/yeray/turtlebot3_ws/install/my_slam:/home/yeray/turtlebot3_ws/install/my_nav2_system:/home/yeray/turtlebot3_ws/install/my_first_subscriber:/home/yeray/turtlebot3_ws/install/my_first_publisher:/home/yeray/turtlebot3_ws/install/my_first_node:/opt/ros/foxy PS1=(rosenv) \[\e]0;\u@\h: \w\a\]${debian_chroot:+($debian_chroot)}\[\033[01;32m\]\u@\h\[\033[00m\]:\[\033[01;34m\]\w\[\033[00m\]\$ /usr/bin/cmake --install /home/yeray/Documentos/GitHub/Ysolve-bot/build/turtlebot3_gazebo
[28.942s] Level 1:colcon.colcon_core.shell:create_environment_hook('turtlebot3_gazebo', 'cmake_prefix_path')
[28.943s] INFO:colcon.colcon_core.shell:Creating environment hook '/home/yeray/Documentos/GitHub/Ysolve-bot/install/turtlebot3_gazebo/share/turtlebot3_gazebo/hook/cmake_prefix_path.ps1'
[28.943s] INFO:colcon.colcon_core.shell:Creating environment descriptor '/home/yeray/Documentos/GitHub/Ysolve-bot/install/turtlebot3_gazebo/share/turtlebot3_gazebo/hook/cmake_prefix_path.dsv'
[28.943s] INFO:colcon.colcon_core.shell:Creating environment hook '/home/yeray/Documentos/GitHub/Ysolve-bot/install/turtlebot3_gazebo/share/turtlebot3_gazebo/hook/cmake_prefix_path.sh'
[28.944s] Level 1:colcon.colcon_core.environment:checking '/home/yeray/Documentos/GitHub/Ysolve-bot/install/turtlebot3_gazebo/lib'
[28.944s] Level 1:colcon.colcon_core.environment:checking '/home/yeray/Documentos/GitHub/Ysolve-bot/install/turtlebot3_gazebo/bin'
[28.944s] Level 1:colcon.colcon_core.environment:checking '/home/yeray/Documentos/GitHub/Ysolve-bot/install/turtlebot3_gazebo/lib/pkgconfig/turtlebot3_gazebo.pc'
[28.944s] Level 1:colcon.colcon_core.environment:checking '/home/yeray/Documentos/GitHub/Ysolve-bot/install/turtlebot3_gazebo/lib/python3.8/site-packages'
[28.945s] INFO:colcon.colcon_core.shell:Creating package script '/home/yeray/Documentos/GitHub/Ysolve-bot/install/turtlebot3_gazebo/share/turtlebot3_gazebo/package.ps1'
[28.945s] INFO:colcon.colcon_core.shell:Creating package descriptor '/home/yeray/Documentos/GitHub/Ysolve-bot/install/turtlebot3_gazebo/share/turtlebot3_gazebo/package.dsv'
[28.946s] INFO:colcon.colcon_core.shell:Creating package script '/home/yeray/Documentos/GitHub/Ysolve-bot/install/turtlebot3_gazebo/share/turtlebot3_gazebo/package.sh'
[28.946s] INFO:colcon.colcon_core.shell:Creating package script '/home/yeray/Documentos/GitHub/Ysolve-bot/install/turtlebot3_gazebo/share/turtlebot3_gazebo/package.bash'
[28.946s] INFO:colcon.colcon_core.shell:Creating package script '/home/yeray/Documentos/GitHub/Ysolve-bot/install/turtlebot3_gazebo/share/turtlebot3_gazebo/package.zsh'
[28.947s] Level 1:colcon.colcon_core.environment:create_file_with_runtime_dependencies(/home/yeray/Documentos/GitHub/Ysolve-bot/install/turtlebot3_gazebo/share/colcon-core/packages/turtlebot3_gazebo)
[28.984s] Level 1:colcon.colcon_core.environment:create_environment_scripts_only(turtlebot3_gazebo)
[28.985s] Level 1:colcon.colcon_core.environment:checking '/home/yeray/Documentos/GitHub/Ysolve-bot/install/turtlebot3_gazebo' for CMake module files
[28.986s] Level 1:colcon.colcon_core.environment:checking '/home/yeray/Documentos/GitHub/Ysolve-bot/install/turtlebot3_gazebo' for CMake config files
[28.987s] Level 1:colcon.colcon_core.shell:create_environment_hook('turtlebot3_gazebo', 'cmake_prefix_path')
[28.988s] INFO:colcon.colcon_core.shell:Creating environment hook '/home/yeray/Documentos/GitHub/Ysolve-bot/install/turtlebot3_gazebo/share/turtlebot3_gazebo/hook/cmake_prefix_path.ps1'
[28.988s] INFO:colcon.colcon_core.shell:Creating environment descriptor '/home/yeray/Documentos/GitHub/Ysolve-bot/install/turtlebot3_gazebo/share/turtlebot3_gazebo/hook/cmake_prefix_path.dsv'
[28.989s] INFO:colcon.colcon_core.shell:Creating environment hook '/home/yeray/Documentos/GitHub/Ysolve-bot/install/turtlebot3_gazebo/share/turtlebot3_gazebo/hook/cmake_prefix_path.sh'
[28.989s] Level 1:colcon.colcon_core.environment:checking '/home/yeray/Documentos/GitHub/Ysolve-bot/install/turtlebot3_gazebo/lib'
[28.989s] Level 1:colcon.colcon_core.environment:checking '/home/yeray/Documentos/GitHub/Ysolve-bot/install/turtlebot3_gazebo/bin'
[28.989s] Level 1:colcon.colcon_core.environment:checking '/home/yeray/Documentos/GitHub/Ysolve-bot/install/turtlebot3_gazebo/lib/pkgconfig/turtlebot3_gazebo.pc'
[28.989s] Level 1:colcon.colcon_core.environment:checking '/home/yeray/Documentos/GitHub/Ysolve-bot/install/turtlebot3_gazebo/lib/python3.8/site-packages'
[28.990s] INFO:colcon.colcon_core.shell:Creating package script '/home/yeray/Documentos/GitHub/Ysolve-bot/install/turtlebot3_gazebo/share/turtlebot3_gazebo/package.ps1'
[28.991s] INFO:colcon.colcon_core.shell:Creating package descriptor '/home/yeray/Documentos/GitHub/Ysolve-bot/install/turtlebot3_gazebo/share/turtlebot3_gazebo/package.dsv'
[28.991s] INFO:colcon.colcon_core.shell:Creating package script '/home/yeray/Documentos/GitHub/Ysolve-bot/install/turtlebot3_gazebo/share/turtlebot3_gazebo/package.sh'
[28.991s] INFO:colcon.colcon_core.shell:Creating package script '/home/yeray/Documentos/GitHub/Ysolve-bot/install/turtlebot3_gazebo/share/turtlebot3_gazebo/package.bash'
[28.992s] INFO:colcon.colcon_core.shell:Creating package script '/home/yeray/Documentos/GitHub/Ysolve-bot/install/turtlebot3_gazebo/share/turtlebot3_gazebo/package.zsh'
[28.992s] Level 1:colcon.colcon_core.environment:create_file_with_runtime_dependencies(/home/yeray/Documentos/GitHub/Ysolve-bot/install/turtlebot3_gazebo/share/colcon-core/packages/turtlebot3_gazebo)
[28.993s] INFO:colcon.colcon_ros.task.ament_cmake.build:Building ROS package in '/home/yeray/Documentos/GitHub/Ysolve-bot/src/turtlebot3_simulations/turtlebot3_simulations' with build type 'ament_cmake'
[28.993s] INFO:colcon.colcon_cmake.task.cmake.build:Building CMake package in '/home/yeray/Documentos/GitHub/Ysolve-bot/src/turtlebot3_simulations/turtlebot3_simulations'
[28.994s] INFO:colcon.colcon_core.shell:Skip shell extension 'powershell' for command environment: Not usable outside of PowerShell
[28.994s] DEBUG:colcon.colcon_core.shell:Skip shell extension 'dsv' for command environment
[29.010s] DEBUG:colcon.colcon_core.event_handler.log_command:Invoking command in '/home/yeray/Documentos/GitHub/Ysolve-bot/build/turtlebot3_simulations': AMENT_PREFIX_PATH=/home/yeray/Documentos/GitHub/Ysolve-bot/install/turtlebot3_gazebo:/home/yeray/Documentos/GitHub/Ysolve-bot/install/turtlebot3_fake_node:${AMENT_PREFIX_PATH} CMAKE_PREFIX_PATH=/home/yeray/Documentos/GitHub/Ysolve-bot/install/turtlebot3_gazebo:/home/yeray/Documentos/GitHub/Ysolve-bot/install/turtlebot3_fake_node:/home/yeray/Documentos/GitHub/Ysolve-bot/install/ysolve_bot:/home/yeray/turtlebot3_ws/install/yeray_my_world:/home/yeray/turtlebot3_ws/install/turtlebot3_simulations:/home/yeray/turtlebot3_ws/install/turtlebot3_gazebo:/home/yeray/turtlebot3_ws/install/turtlebot3_fake_node:/home/yeray/turtlebot3_ws/install/my_world:/home/yeray/turtlebot3_ws/install/yeray_my_nav2_system:/home/yeray/turtlebot3_ws/install/provide_map:/home/yeray/turtlebot3_ws/install/my_slam:/home/yeray/turtlebot3_ws/install/my_nav2_system:/home/yeray/turtlebot3_ws/install/my_first_subscriber:/home/yeray/turtlebot3_ws/install/my_first_publisher:/home/yeray/turtlebot3_ws/install/my_first_node:/opt/ros/foxy PS1=(rosenv) \[\e]0;\u@\h: \w\a\]${debian_chroot:+($debian_chroot)}\[\033[01;32m\]\u@\h\[\033[00m\]:\[\033[01;34m\]\w\[\033[00m\]\$ /usr/bin/cmake /home/yeray/Documentos/GitHub/Ysolve-bot/src/turtlebot3_simulations/turtlebot3_simulations -DCMAKE_INSTALL_PREFIX=/home/yeray/Documentos/GitHub/Ysolve-bot/install/turtlebot3_simulations
[29.912s] DEBUG:colcon.colcon_core.event_handler.log_command:Invoked command in '/home/yeray/Documentos/GitHub/Ysolve-bot/build/turtlebot3_simulations' returned '0': AMENT_PREFIX_PATH=/home/yeray/Documentos/GitHub/Ysolve-bot/install/turtlebot3_gazebo:/home/yeray/Documentos/GitHub/Ysolve-bot/install/turtlebot3_fake_node:${AMENT_PREFIX_PATH} CMAKE_PREFIX_PATH=/home/yeray/Documentos/GitHub/Ysolve-bot/install/turtlebot3_gazebo:/home/yeray/Documentos/GitHub/Ysolve-bot/install/turtlebot3_fake_node:/home/yeray/Documentos/GitHub/Ysolve-bot/install/ysolve_bot:/home/yeray/turtlebot3_ws/install/yeray_my_world:/home/yeray/turtlebot3_ws/install/turtlebot3_simulations:/home/yeray/turtlebot3_ws/install/turtlebot3_gazebo:/home/yeray/turtlebot3_ws/install/turtlebot3_fake_node:/home/yeray/turtlebot3_ws/install/my_world:/home/yeray/turtlebot3_ws/install/yeray_my_nav2_system:/home/yeray/turtlebot3_ws/install/provide_map:/home/yeray/turtlebot3_ws/install/my_slam:/home/yeray/turtlebot3_ws/install/my_nav2_system:/home/yeray/turtlebot3_ws/install/my_first_subscriber:/home/yeray/turtlebot3_ws/install/my_first_publisher:/home/yeray/turtlebot3_ws/install/my_first_node:/opt/ros/foxy PS1=(rosenv) \[\e]0;\u@\h: \w\a\]${debian_chroot:+($debian_chroot)}\[\033[01;32m\]\u@\h\[\033[00m\]:\[\033[01;34m\]\w\[\033[00m\]\$ /usr/bin/cmake /home/yeray/Documentos/GitHub/Ysolve-bot/src/turtlebot3_simulations/turtlebot3_simulations -DCMAKE_INSTALL_PREFIX=/home/yeray/Documentos/GitHub/Ysolve-bot/install/turtlebot3_simulations
[29.914s] DEBUG:colcon.colcon_core.event_handler.log_command:Invoking command in '/home/yeray/Documentos/GitHub/Ysolve-bot/build/turtlebot3_simulations': AMENT_PREFIX_PATH=/home/yeray/Documentos/GitHub/Ysolve-bot/install/turtlebot3_gazebo:/home/yeray/Documentos/GitHub/Ysolve-bot/install/turtlebot3_fake_node:${AMENT_PREFIX_PATH} CMAKE_PREFIX_PATH=/home/yeray/Documentos/GitHub/Ysolve-bot/install/turtlebot3_gazebo:/home/yeray/Documentos/GitHub/Ysolve-bot/install/turtlebot3_fake_node:/home/yeray/Documentos/GitHub/Ysolve-bot/install/ysolve_bot:/home/yeray/turtlebot3_ws/install/yeray_my_world:/home/yeray/turtlebot3_ws/install/turtlebot3_simulations:/home/yeray/turtlebot3_ws/install/turtlebot3_gazebo:/home/yeray/turtlebot3_ws/install/turtlebot3_fake_node:/home/yeray/turtlebot3_ws/install/my_world:/home/yeray/turtlebot3_ws/install/yeray_my_nav2_system:/home/yeray/turtlebot3_ws/install/provide_map:/home/yeray/turtlebot3_ws/install/my_slam:/home/yeray/turtlebot3_ws/install/my_nav2_system:/home/yeray/turtlebot3_ws/install/my_first_subscriber:/home/yeray/turtlebot3_ws/install/my_first_publisher:/home/yeray/turtlebot3_ws/install/my_first_node:/opt/ros/foxy PS1=(rosenv) \[\e]0;\u@\h: \w\a\]${debian_chroot:+($debian_chroot)}\[\033[01;32m\]\u@\h\[\033[00m\]:\[\033[01;34m\]\w\[\033[00m\]\$ /usr/bin/cmake --build /home/yeray/Documentos/GitHub/Ysolve-bot/build/turtlebot3_simulations -- -j4 -l4
[29.960s] DEBUG:colcon.colcon_core.event_handler.log_command:Invoked command in '/home/yeray/Documentos/GitHub/Ysolve-bot/build/turtlebot3_simulations' returned '0': AMENT_PREFIX_PATH=/home/yeray/Documentos/GitHub/Ysolve-bot/install/turtlebot3_gazebo:/home/yeray/Documentos/GitHub/Ysolve-bot/install/turtlebot3_fake_node:${AMENT_PREFIX_PATH} CMAKE_PREFIX_PATH=/home/yeray/Documentos/GitHub/Ysolve-bot/install/turtlebot3_gazebo:/home/yeray/Documentos/GitHub/Ysolve-bot/install/turtlebot3_fake_node:/home/yeray/Documentos/GitHub/Ysolve-bot/install/ysolve_bot:/home/yeray/turtlebot3_ws/install/yeray_my_world:/home/yeray/turtlebot3_ws/install/turtlebot3_simulations:/home/yeray/turtlebot3_ws/install/turtlebot3_gazebo:/home/yeray/turtlebot3_ws/install/turtlebot3_fake_node:/home/yeray/turtlebot3_ws/install/my_world:/home/yeray/turtlebot3_ws/install/yeray_my_nav2_system:/home/yeray/turtlebot3_ws/install/provide_map:/home/yeray/turtlebot3_ws/install/my_slam:/home/yeray/turtlebot3_ws/install/my_nav2_system:/home/yeray/turtlebot3_ws/install/my_first_subscriber:/home/yeray/turtlebot3_ws/install/my_first_publisher:/home/yeray/turtlebot3_ws/install/my_first_node:/opt/ros/foxy PS1=(rosenv) \[\e]0;\u@\h: \w\a\]${debian_chroot:+($debian_chroot)}\[\033[01;32m\]\u@\h\[\033[00m\]:\[\033[01;34m\]\w\[\033[00m\]\$ /usr/bin/cmake --build /home/yeray/Documentos/GitHub/Ysolve-bot/build/turtlebot3_simulations -- -j4 -l4
[29.987s] DEBUG:colcon.colcon_core.event_handler.log_command:Invoking command in '/home/yeray/Documentos/GitHub/Ysolve-bot/build/turtlebot3_simulations': AMENT_PREFIX_PATH=/home/yeray/Documentos/GitHub/Ysolve-bot/install/turtlebot3_gazebo:/home/yeray/Documentos/GitHub/Ysolve-bot/install/turtlebot3_fake_node:${AMENT_PREFIX_PATH} CMAKE_PREFIX_PATH=/home/yeray/Documentos/GitHub/Ysolve-bot/install/turtlebot3_gazebo:/home/yeray/Documentos/GitHub/Ysolve-bot/install/turtlebot3_fake_node:/home/yeray/Documentos/GitHub/Ysolve-bot/install/ysolve_bot:/home/yeray/turtlebot3_ws/install/yeray_my_world:/home/yeray/turtlebot3_ws/install/turtlebot3_simulations:/home/yeray/turtlebot3_ws/install/turtlebot3_gazebo:/home/yeray/turtlebot3_ws/install/turtlebot3_fake_node:/home/yeray/turtlebot3_ws/install/my_world:/home/yeray/turtlebot3_ws/install/yeray_my_nav2_system:/home/yeray/turtlebot3_ws/install/provide_map:/home/yeray/turtlebot3_ws/install/my_slam:/home/yeray/turtlebot3_ws/install/my_nav2_system:/home/yeray/turtlebot3_ws/install/my_first_subscriber:/home/yeray/turtlebot3_ws/install/my_first_publisher:/home/yeray/turtlebot3_ws/install/my_first_node:/opt/ros/foxy PS1=(rosenv) \[\e]0;\u@\h: \w\a\]${debian_chroot:+($debian_chroot)}\[\033[01;32m\]\u@\h\[\033[00m\]:\[\033[01;34m\]\w\[\033[00m\]\$ /usr/bin/cmake --install /home/yeray/Documentos/GitHub/Ysolve-bot/build/turtlebot3_simulations
[30.001s] Level 1:colcon.colcon_core.environment:create_environment_scripts_only(turtlebot3_simulations)
[30.003s] Level 1:colcon.colcon_core.environment:checking '/home/yeray/Documentos/GitHub/Ysolve-bot/install/turtlebot3_simulations' for CMake module files
[30.004s] DEBUG:colcon.colcon_core.event_handler.log_command:Invoked command in '/home/yeray/Documentos/GitHub/Ysolve-bot/build/turtlebot3_simulations' returned '0': AMENT_PREFIX_PATH=/home/yeray/Documentos/GitHub/Ysolve-bot/install/turtlebot3_gazebo:/home/yeray/Documentos/GitHub/Ysolve-bot/install/turtlebot3_fake_node:${AMENT_PREFIX_PATH} CMAKE_PREFIX_PATH=/home/yeray/Documentos/GitHub/Ysolve-bot/install/turtlebot3_gazebo:/home/yeray/Documentos/GitHub/Ysolve-bot/install/turtlebot3_fake_node:/home/yeray/Documentos/GitHub/Ysolve-bot/install/ysolve_bot:/home/yeray/turtlebot3_ws/install/yeray_my_world:/home/yeray/turtlebot3_ws/install/turtlebot3_simulations:/home/yeray/turtlebot3_ws/install/turtlebot3_gazebo:/home/yeray/turtlebot3_ws/install/turtlebot3_fake_node:/home/yeray/turtlebot3_ws/install/my_world:/home/yeray/turtlebot3_ws/install/yeray_my_nav2_system:/home/yeray/turtlebot3_ws/install/provide_map:/home/yeray/turtlebot3_ws/install/my_slam:/home/yeray/turtlebot3_ws/install/my_nav2_system:/home/yeray/turtlebot3_ws/install/my_first_subscriber:/home/yeray/turtlebot3_ws/install/my_first_publisher:/home/yeray/turtlebot3_ws/install/my_first_node:/opt/ros/foxy PS1=(rosenv) \[\e]0;\u@\h: \w\a\]${debian_chroot:+($debian_chroot)}\[\033[01;32m\]\u@\h\[\033[00m\]:\[\033[01;34m\]\w\[\033[00m\]\$ /usr/bin/cmake --install /home/yeray/Documentos/GitHub/Ysolve-bot/build/turtlebot3_simulations
[30.004s] Level 1:colcon.colcon_core.environment:checking '/home/yeray/Documentos/GitHub/Ysolve-bot/install/turtlebot3_simulations' for CMake config files
[30.004s] Level 1:colcon.colcon_core.shell:create_environment_hook('turtlebot3_simulations', 'cmake_prefix_path')
[30.005s] INFO:colcon.colcon_core.shell:Creating environment hook '/home/yeray/Documentos/GitHub/Ysolve-bot/install/turtlebot3_simulations/share/turtlebot3_simulations/hook/cmake_prefix_path.ps1'
[30.005s] INFO:colcon.colcon_core.shell:Creating environment descriptor '/home/yeray/Documentos/GitHub/Ysolve-bot/install/turtlebot3_simulations/share/turtlebot3_simulations/hook/cmake_prefix_path.dsv'
[30.006s] INFO:colcon.colcon_core.shell:Creating environment hook '/home/yeray/Documentos/GitHub/Ysolve-bot/install/turtlebot3_simulations/share/turtlebot3_simulations/hook/cmake_prefix_path.sh'
[30.006s] Level 1:colcon.colcon_core.environment:checking '/home/yeray/Documentos/GitHub/Ysolve-bot/install/turtlebot3_simulations/bin'
[30.006s] Level 1:colcon.colcon_core.environment:checking '/home/yeray/Documentos/GitHub/Ysolve-bot/install/turtlebot3_simulations/lib/pkgconfig/turtlebot3_simulations.pc'
[30.007s] Level 1:colcon.colcon_core.environment:checking '/home/yeray/Documentos/GitHub/Ysolve-bot/install/turtlebot3_simulations/lib/python3.8/site-packages'
[30.007s] INFO:colcon.colcon_core.shell:Creating package script '/home/yeray/Documentos/GitHub/Ysolve-bot/install/turtlebot3_simulations/share/turtlebot3_simulations/package.ps1'
[30.008s] INFO:colcon.colcon_core.shell:Creating package descriptor '/home/yeray/Documentos/GitHub/Ysolve-bot/install/turtlebot3_simulations/share/turtlebot3_simulations/package.dsv'
[30.008s] INFO:colcon.colcon_core.shell:Creating package script '/home/yeray/Documentos/GitHub/Ysolve-bot/install/turtlebot3_simulations/share/turtlebot3_simulations/package.sh'
[30.008s] INFO:colcon.colcon_core.shell:Creating package script '/home/yeray/Documentos/GitHub/Ysolve-bot/install/turtlebot3_simulations/share/turtlebot3_simulations/package.bash'
[30.009s] INFO:colcon.colcon_core.shell:Creating package script '/home/yeray/Documentos/GitHub/Ysolve-bot/install/turtlebot3_simulations/share/turtlebot3_simulations/package.zsh'
[30.009s] Level 1:colcon.colcon_core.environment:create_file_with_runtime_dependencies(/home/yeray/Documentos/GitHub/Ysolve-bot/install/turtlebot3_simulations/share/colcon-core/packages/turtlebot3_simulations)
[30.034s] Level 1:colcon.colcon_core.environment:create_environment_scripts_only(turtlebot3_simulations)
[30.036s] Level 1:colcon.colcon_core.environment:checking '/home/yeray/Documentos/GitHub/Ysolve-bot/install/turtlebot3_simulations' for CMake module files
[30.037s] Level 1:colcon.colcon_core.environment:checking '/home/yeray/Documentos/GitHub/Ysolve-bot/install/turtlebot3_simulations' for CMake config files
[30.037s] Level 1:colcon.colcon_core.shell:create_environment_hook('turtlebot3_simulations', 'cmake_prefix_path')
[30.038s] INFO:colcon.colcon_core.shell:Creating environment hook '/home/yeray/Documentos/GitHub/Ysolve-bot/install/turtlebot3_simulations/share/turtlebot3_simulations/hook/cmake_prefix_path.ps1'
[30.038s] INFO:colcon.colcon_core.shell:Creating environment descriptor '/home/yeray/Documentos/GitHub/Ysolve-bot/install/turtlebot3_simulations/share/turtlebot3_simulations/hook/cmake_prefix_path.dsv'
[30.039s] INFO:colcon.colcon_core.shell:Creating environment hook '/home/yeray/Documentos/GitHub/Ysolve-bot/install/turtlebot3_simulations/share/turtlebot3_simulations/hook/cmake_prefix_path.sh'
[30.039s] Level 1:colcon.colcon_core.environment:checking '/home/yeray/Documentos/GitHub/Ysolve-bot/install/turtlebot3_simulations/bin'
[30.039s] Level 1:colcon.colcon_core.environment:checking '/home/yeray/Documentos/GitHub/Ysolve-bot/install/turtlebot3_simulations/lib/pkgconfig/turtlebot3_simulations.pc'
[30.039s] Level 1:colcon.colcon_core.environment:checking '/home/yeray/Documentos/GitHub/Ysolve-bot/install/turtlebot3_simulations/lib/python3.8/site-packages'
[30.040s] INFO:colcon.colcon_core.shell:Creating package script '/home/yeray/Documentos/GitHub/Ysolve-bot/install/turtlebot3_simulations/share/turtlebot3_simulations/package.ps1'
[30.040s] INFO:colcon.colcon_core.shell:Creating package descriptor '/home/yeray/Documentos/GitHub/Ysolve-bot/install/turtlebot3_simulations/share/turtlebot3_simulations/package.dsv'
[30.041s] INFO:colcon.colcon_core.shell:Creating package script '/home/yeray/Documentos/GitHub/Ysolve-bot/install/turtlebot3_simulations/share/turtlebot3_simulations/package.sh'
[30.041s] INFO:colcon.colcon_core.shell:Creating package script '/home/yeray/Documentos/GitHub/Ysolve-bot/install/turtlebot3_simulations/share/turtlebot3_simulations/package.bash'
[30.042s] INFO:colcon.colcon_core.shell:Creating package script '/home/yeray/Documentos/GitHub/Ysolve-bot/install/turtlebot3_simulations/share/turtlebot3_simulations/package.zsh'
[30.042s] Level 1:colcon.colcon_core.environment:create_file_with_runtime_dependencies(/home/yeray/Documentos/GitHub/Ysolve-bot/install/turtlebot3_simulations/share/colcon-core/packages/turtlebot3_simulations)
[30.043s] DEBUG:colcon.colcon_parallel_executor.executor.parallel:closing loop
[30.043s] DEBUG:colcon.colcon_parallel_executor.executor.parallel:loop closed
[30.044s] DEBUG:colcon.colcon_parallel_executor.executor.parallel:run_until_complete finished with '0'
[30.044s] DEBUG:colcon.colcon_core.event_reactor:joining thread
[30.052s] INFO:colcon.colcon_core.plugin_system:Skipping extension 'colcon_notification.desktop_notification.terminal_notifier': Not used on non-Darwin systems
[30.052s] INFO:colcon.colcon_core.plugin_system:Skipping extension 'colcon_notification.desktop_notification.win32': Not used on non-Windows systems
[30.052s] INFO:colcon.colcon_notification.desktop_notification:Sending desktop notification using 'notify2'
[30.068s] DEBUG:colcon.colcon_core.event_reactor:joined thread
[30.070s] INFO:colcon.colcon_core.shell:Creating prefix script '/home/yeray/Documentos/GitHub/Ysolve-bot/install/local_setup.ps1'
[30.071s] INFO:colcon.colcon_core.shell:Creating prefix util module '/home/yeray/Documentos/GitHub/Ysolve-bot/install/_local_setup_util_ps1.py'
[30.073s] INFO:colcon.colcon_core.shell:Creating prefix chain script '/home/yeray/Documentos/GitHub/Ysolve-bot/install/setup.ps1'
[30.076s] INFO:colcon.colcon_core.shell:Creating prefix script '/home/yeray/Documentos/GitHub/Ysolve-bot/install/local_setup.sh'
[30.077s] INFO:colcon.colcon_core.shell:Creating prefix util module '/home/yeray/Documentos/GitHub/Ysolve-bot/install/_local_setup_util_sh.py'
[30.077s] INFO:colcon.colcon_core.shell:Creating prefix chain script '/home/yeray/Documentos/GitHub/Ysolve-bot/install/setup.sh'
[30.079s] INFO:colcon.colcon_core.shell:Creating prefix script '/home/yeray/Documentos/GitHub/Ysolve-bot/install/local_setup.bash'
[30.080s] INFO:colcon.colcon_core.shell:Creating prefix chain script '/home/yeray/Documentos/GitHub/Ysolve-bot/install/setup.bash'
[30.082s] INFO:colcon.colcon_core.shell:Creating prefix script '/home/yeray/Documentos/GitHub/Ysolve-bot/install/local_setup.zsh'
[30.082s] INFO:colcon.colcon_core.shell:Creating prefix chain script '/home/yeray/Documentos/GitHub/Ysolve-bot/install/setup.zsh'
