running egg_info
creating build/my_nav2_system/my_nav2_system.egg-info
writing build/my_nav2_system/my_nav2_system.egg-info/PKG-INFO
writing dependency_links to build/my_nav2_system/my_nav2_system.egg-info/dependency_links.txt
writing entry points to build/my_nav2_system/my_nav2_system.egg-info/entry_points.txt
writing requirements to build/my_nav2_system/my_nav2_system.egg-info/requires.txt
writing top-level names to build/my_nav2_system/my_nav2_system.egg-info/top_level.txt
writing manifest file 'build/my_nav2_system/my_nav2_system.egg-info/SOURCES.txt'
reading manifest file 'build/my_nav2_system/my_nav2_system.egg-info/SOURCES.txt'
writing manifest file 'build/my_nav2_system/my_nav2_system.egg-info/SOURCES.txt'
running build
running build_py
creating /home/vagrant/turtlebot3_ws/src/my_nav2_system/build/my_nav2_system/build
creating /home/vagrant/turtlebot3_ws/src/my_nav2_system/build/my_nav2_system/build/lib
creating /home/vagrant/turtlebot3_ws/src/my_nav2_system/build/my_nav2_system/build/lib/my_nav2_system
copying my_nav2_system/initial_pose_pub.py -> /home/vagrant/turtlebot3_ws/src/my_nav2_system/build/my_nav2_system/build/lib/my_nav2_system
copying my_nav2_system/__init__.py -> /home/vagrant/turtlebot3_ws/src/my_nav2_system/build/my_nav2_system/build/lib/my_nav2_system
running install
running install_lib
creating /home/vagrant/turtlebot3_ws/src/my_nav2_system/install/my_nav2_system/lib/python3.8/site-packages/my_nav2_system
copying /home/vagrant/turtlebot3_ws/src/my_nav2_system/build/my_nav2_system/build/lib/my_nav2_system/initial_pose_pub.py -> /home/vagrant/turtlebot3_ws/src/my_nav2_system/install/my_nav2_system/lib/python3.8/site-packages/my_nav2_system
copying /home/vagrant/turtlebot3_ws/src/my_nav2_system/build/my_nav2_system/build/lib/my_nav2_system/__init__.py -> /home/vagrant/turtlebot3_ws/src/my_nav2_system/install/my_nav2_system/lib/python3.8/site-packages/my_nav2_system
byte-compiling /home/vagrant/turtlebot3_ws/src/my_nav2_system/install/my_nav2_system/lib/python3.8/site-packages/my_nav2_system/initial_pose_pub.py to initial_pose_pub.cpython-38.pyc
byte-compiling /home/vagrant/turtlebot3_ws/src/my_nav2_system/install/my_nav2_system/lib/python3.8/site-packages/my_nav2_system/__init__.py to __init__.cpython-38.pyc
running install_data
creating /home/vagrant/turtlebot3_ws/src/my_nav2_system/install/my_nav2_system/share/ament_index
creating /home/vagrant/turtlebot3_ws/src/my_nav2_system/install/my_nav2_system/share/ament_index/resource_index
creating /home/vagrant/turtlebot3_ws/src/my_nav2_system/install/my_nav2_system/share/ament_index/resource_index/packages
copying resource/my_nav2_system -> /home/vagrant/turtlebot3_ws/src/my_nav2_system/install/my_nav2_system/share/ament_index/resource_index/packages
copying package.xml -> /home/vagrant/turtlebot3_ws/src/my_nav2_system/install/my_nav2_system/share/my_nav2_system
creating /home/vagrant/turtlebot3_ws/src/my_nav2_system/install/my_nav2_system/share/my_nav2_system/launch
copying launch/my_tb3_sim_nav2.launch.py -> /home/vagrant/turtlebot3_ws/src/my_nav2_system/install/my_nav2_system/share/my_nav2_system/launch
copying launch/my_nav2_system.launch.py -> /home/vagrant/turtlebot3_ws/src/my_nav2_system/install/my_nav2_system/share/my_nav2_system/launch
creating /home/vagrant/turtlebot3_ws/src/my_nav2_system/install/my_nav2_system/share/my_nav2_system/config
copying config/project_params.yaml -> /home/vagrant/turtlebot3_ws/src/my_nav2_system/install/my_nav2_system/share/my_nav2_system/config
copying config/nav2_default_view_new.rviz -> /home/vagrant/turtlebot3_ws/src/my_nav2_system/install/my_nav2_system/share/my_nav2_system/config
copying config/navigate_w_replanning_and_recovery.xml -> /home/vagrant/turtlebot3_ws/src/my_nav2_system/install/my_nav2_system/share/my_nav2_system/config
running install_egg_info
Copying build/my_nav2_system/my_nav2_system.egg-info to /home/vagrant/turtlebot3_ws/src/my_nav2_system/install/my_nav2_system/lib/python3.8/site-packages/my_nav2_system-0.0.0-py3.8.egg-info
running install_scripts
Installing go_to_pose script to /home/vagrant/turtlebot3_ws/src/my_nav2_system/install/my_nav2_system/lib/my_nav2_system
Installing initial_pose_pub script to /home/vagrant/turtlebot3_ws/src/my_nav2_system/install/my_nav2_system/lib/my_nav2_system
Installing load_map script to /home/vagrant/turtlebot3_ws/src/my_nav2_system/install/my_nav2_system/lib/my_nav2_system
Installing nav_to_pose script to /home/vagrant/turtlebot3_ws/src/my_nav2_system/install/my_nav2_system/lib/my_nav2_system
writing list of installed files to '/home/vagrant/turtlebot3_ws/src/my_nav2_system/build/my_nav2_system/install.log'
