[0.491s] Invoking command in '/home/vagrant/turtlebot3_ws/src/my_nav2_system': PS1=(rosenv) \[\e]0;\u@\h: \w\a\]${debian_chroot:+($debian_chroot)}\[\033[01;32m\]\u@\h\[\033[00m\]:\[\033[01;34m\]\w\[\033[00m\]\$ PYTHONPATH=/home/vagrant/turtlebot3_ws/src/my_nav2_system/install/my_nav2_system/lib/python3.8/site-packages:${PYTHONPATH} /usr/bin/python3 setup.py egg_info --egg-base build/my_nav2_system build --build-base /home/vagrant/turtlebot3_ws/src/my_nav2_system/build/my_nav2_system/build install --prefix /home/vagrant/turtlebot3_ws/src/my_nav2_system/install/my_nav2_system --record /home/vagrant/turtlebot3_ws/src/my_nav2_system/build/my_nav2_system/install.log --single-version-externally-managed
[0.659s] running egg_info
[0.659s] creating build/my_nav2_system/my_nav2_system.egg-info
[0.659s] writing build/my_nav2_system/my_nav2_system.egg-info/PKG-INFO
[0.660s] writing dependency_links to build/my_nav2_system/my_nav2_system.egg-info/dependency_links.txt
[0.660s] writing entry points to build/my_nav2_system/my_nav2_system.egg-info/entry_points.txt
[0.660s] writing requirements to build/my_nav2_system/my_nav2_system.egg-info/requires.txt
[0.660s] writing top-level names to build/my_nav2_system/my_nav2_system.egg-info/top_level.txt
[0.661s] writing manifest file 'build/my_nav2_system/my_nav2_system.egg-info/SOURCES.txt'
[0.697s] reading manifest file 'build/my_nav2_system/my_nav2_system.egg-info/SOURCES.txt'
[0.697s] writing manifest file 'build/my_nav2_system/my_nav2_system.egg-info/SOURCES.txt'
[0.697s] running build
[0.698s] running build_py
[0.698s] creating /home/vagrant/turtlebot3_ws/src/my_nav2_system/build/my_nav2_system/build
[0.698s] creating /home/vagrant/turtlebot3_ws/src/my_nav2_system/build/my_nav2_system/build/lib
[0.698s] creating /home/vagrant/turtlebot3_ws/src/my_nav2_system/build/my_nav2_system/build/lib/my_nav2_system
[0.698s] copying my_nav2_system/initial_pose_pub.py -> /home/vagrant/turtlebot3_ws/src/my_nav2_system/build/my_nav2_system/build/lib/my_nav2_system
[0.698s] copying my_nav2_system/__init__.py -> /home/vagrant/turtlebot3_ws/src/my_nav2_system/build/my_nav2_system/build/lib/my_nav2_system
[0.699s] running install
[0.699s] running install_lib
[0.700s] creating /home/vagrant/turtlebot3_ws/src/my_nav2_system/install/my_nav2_system/lib/python3.8/site-packages/my_nav2_system
[0.700s] copying /home/vagrant/turtlebot3_ws/src/my_nav2_system/build/my_nav2_system/build/lib/my_nav2_system/initial_pose_pub.py -> /home/vagrant/turtlebot3_ws/src/my_nav2_system/install/my_nav2_system/lib/python3.8/site-packages/my_nav2_system
[0.700s] copying /home/vagrant/turtlebot3_ws/src/my_nav2_system/build/my_nav2_system/build/lib/my_nav2_system/__init__.py -> /home/vagrant/turtlebot3_ws/src/my_nav2_system/install/my_nav2_system/lib/python3.8/site-packages/my_nav2_system
[0.701s] byte-compiling /home/vagrant/turtlebot3_ws/src/my_nav2_system/install/my_nav2_system/lib/python3.8/site-packages/my_nav2_system/initial_pose_pub.py to initial_pose_pub.cpython-38.pyc
[0.702s] byte-compiling /home/vagrant/turtlebot3_ws/src/my_nav2_system/install/my_nav2_system/lib/python3.8/site-packages/my_nav2_system/__init__.py to __init__.cpython-38.pyc
[0.702s] running install_data
[0.703s] creating /home/vagrant/turtlebot3_ws/src/my_nav2_system/install/my_nav2_system/share/ament_index
[0.703s] creating /home/vagrant/turtlebot3_ws/src/my_nav2_system/install/my_nav2_system/share/ament_index/resource_index
[0.703s] creating /home/vagrant/turtlebot3_ws/src/my_nav2_system/install/my_nav2_system/share/ament_index/resource_index/packages
[0.703s] copying resource/my_nav2_system -> /home/vagrant/turtlebot3_ws/src/my_nav2_system/install/my_nav2_system/share/ament_index/resource_index/packages
[0.703s] copying package.xml -> /home/vagrant/turtlebot3_ws/src/my_nav2_system/install/my_nav2_system/share/my_nav2_system
[0.703s] creating /home/vagrant/turtlebot3_ws/src/my_nav2_system/install/my_nav2_system/share/my_nav2_system/launch
[0.703s] copying launch/my_tb3_sim_nav2.launch.py -> /home/vagrant/turtlebot3_ws/src/my_nav2_system/install/my_nav2_system/share/my_nav2_system/launch
[0.703s] copying launch/my_nav2_system.launch.py -> /home/vagrant/turtlebot3_ws/src/my_nav2_system/install/my_nav2_system/share/my_nav2_system/launch
[0.704s] creating /home/vagrant/turtlebot3_ws/src/my_nav2_system/install/my_nav2_system/share/my_nav2_system/config
[0.704s] copying config/project_params.yaml -> /home/vagrant/turtlebot3_ws/src/my_nav2_system/install/my_nav2_system/share/my_nav2_system/config
[0.704s] copying config/nav2_default_view_new.rviz -> /home/vagrant/turtlebot3_ws/src/my_nav2_system/install/my_nav2_system/share/my_nav2_system/config
[0.704s] copying config/navigate_w_replanning_and_recovery.xml -> /home/vagrant/turtlebot3_ws/src/my_nav2_system/install/my_nav2_system/share/my_nav2_system/config
[0.704s] running install_egg_info
[0.705s] Copying build/my_nav2_system/my_nav2_system.egg-info to /home/vagrant/turtlebot3_ws/src/my_nav2_system/install/my_nav2_system/lib/python3.8/site-packages/my_nav2_system-0.0.0-py3.8.egg-info
[0.706s] running install_scripts
[0.718s] Installing go_to_pose script to /home/vagrant/turtlebot3_ws/src/my_nav2_system/install/my_nav2_system/lib/my_nav2_system
[0.718s] Installing initial_pose_pub script to /home/vagrant/turtlebot3_ws/src/my_nav2_system/install/my_nav2_system/lib/my_nav2_system
[0.719s] Installing load_map script to /home/vagrant/turtlebot3_ws/src/my_nav2_system/install/my_nav2_system/lib/my_nav2_system
[0.719s] Installing nav_to_pose script to /home/vagrant/turtlebot3_ws/src/my_nav2_system/install/my_nav2_system/lib/my_nav2_system
[0.719s] writing list of installed files to '/home/vagrant/turtlebot3_ws/src/my_nav2_system/build/my_nav2_system/install.log'
[0.735s] Invoked command in '/home/vagrant/turtlebot3_ws/src/my_nav2_system' returned '0': PS1=(rosenv) \[\e]0;\u@\h: \w\a\]${debian_chroot:+($debian_chroot)}\[\033[01;32m\]\u@\h\[\033[00m\]:\[\033[01;34m\]\w\[\033[00m\]\$ PYTHONPATH=/home/vagrant/turtlebot3_ws/src/my_nav2_system/install/my_nav2_system/lib/python3.8/site-packages:${PYTHONPATH} /usr/bin/python3 setup.py egg_info --egg-base build/my_nav2_system build --build-base /home/vagrant/turtlebot3_ws/src/my_nav2_system/build/my_nav2_system/build install --prefix /home/vagrant/turtlebot3_ws/src/my_nav2_system/install/my_nav2_system --record /home/vagrant/turtlebot3_ws/src/my_nav2_system/build/my_nav2_system/install.log --single-version-externally-managed
