/home/vagrant/turtlebot3_ws/src/my_nav2_system/install/my_nav2_system/lib/python3.8/site-packages/my_nav2_system/initial_pose_pub.py
/home/vagrant/turtlebot3_ws/src/my_nav2_system/install/my_nav2_system/lib/python3.8/site-packages/my_nav2_system/__init__.py
/home/vagrant/turtlebot3_ws/src/my_nav2_system/install/my_nav2_system/lib/python3.8/site-packages/my_nav2_system/__pycache__/initial_pose_pub.cpython-38.pyc
/home/vagrant/turtlebot3_ws/src/my_nav2_system/install/my_nav2_system/lib/python3.8/site-packages/my_nav2_system/__pycache__/__init__.cpython-38.pyc
/home/vagrant/turtlebot3_ws/src/my_nav2_system/install/my_nav2_system/share/ament_index/resource_index/packages/my_nav2_system
/home/vagrant/turtlebot3_ws/src/my_nav2_system/install/my_nav2_system/share/my_nav2_system/package.xml
/home/vagrant/turtlebot3_ws/src/my_nav2_system/install/my_nav2_system/share/my_nav2_system/launch/my_tb3_sim_nav2.launch.py
/home/vagrant/turtlebot3_ws/src/my_nav2_system/install/my_nav2_system/share/my_nav2_system/launch/my_nav2_system.launch.py
/home/vagrant/turtlebot3_ws/src/my_nav2_system/install/my_nav2_system/share/my_nav2_system/config/project_params.yaml
/home/vagrant/turtlebot3_ws/src/my_nav2_system/install/my_nav2_system/share/my_nav2_system/config
/home/vagrant/turtlebot3_ws/src/my_nav2_system/install/my_nav2_system/share/my_nav2_system/config/nav2_default_view_new.rviz
/home/vagrant/turtlebot3_ws/src/my_nav2_system/install/my_nav2_system/share/my_nav2_system/config/navigate_w_replanning_and_recovery.xml
/home/vagrant/turtlebot3_ws/src/my_nav2_system/install/my_nav2_system/lib/python3.8/site-packages/my_nav2_system-0.0.0-py3.8.egg-info/entry_points.txt
/home/vagrant/turtlebot3_ws/src/my_nav2_system/install/my_nav2_system/lib/python3.8/site-packages/my_nav2_system-0.0.0-py3.8.egg-info/zip-safe
/home/vagrant/turtlebot3_ws/src/my_nav2_system/install/my_nav2_system/lib/python3.8/site-packages/my_nav2_system-0.0.0-py3.8.egg-info/PKG-INFO
/home/vagrant/turtlebot3_ws/src/my_nav2_system/install/my_nav2_system/lib/python3.8/site-packages/my_nav2_system-0.0.0-py3.8.egg-info/SOURCES.txt
/home/vagrant/turtlebot3_ws/src/my_nav2_system/install/my_nav2_system/lib/python3.8/site-packages/my_nav2_system-0.0.0-py3.8.egg-info/requires.txt
/home/vagrant/turtlebot3_ws/src/my_nav2_system/install/my_nav2_system/lib/python3.8/site-packages/my_nav2_system-0.0.0-py3.8.egg-info/dependency_links.txt
/home/vagrant/turtlebot3_ws/src/my_nav2_system/install/my_nav2_system/lib/python3.8/site-packages/my_nav2_system-0.0.0-py3.8.egg-info/top_level.txt
/home/vagrant/turtlebot3_ws/src/my_nav2_system/install/my_nav2_system/lib/my_nav2_system/go_to_pose
/home/vagrant/turtlebot3_ws/src/my_nav2_system/install/my_nav2_system/lib/my_nav2_system/initial_pose_pub
/home/vagrant/turtlebot3_ws/src/my_nav2_system/install/my_nav2_system/lib/my_nav2_system/load_map
/home/vagrant/turtlebot3_ws/src/my_nav2_system/install/my_nav2_system/lib/my_nav2_system/nav_to_pose
