[0.008s] Invoking command in '/home/alosa/clase/Ysolve-bot/build/turtlebot3_simulations': AMENT_PREFIX_PATH=/home/alosa/clase/Ysolve-bot/install/turtlebot3_gazebo:/home/alosa/clase/Ysolve-bot/install/turtlebot3_fake_node:${AMENT_PREFIX_PATH} CMAKE_PREFIX_PATH=/home/alosa/clase/Ysolve-bot/install/turtlebot3_gazebo:/home/alosa/clase/Ysolve-bot/install/turtlebot3_fake_node:/home/alosa/clase/turtlebot3_ws/install/turtlebot3_simulations:/home/alosa/clase/turtlebot3_ws/install/turtlebot3_gazebo:/home/alosa/clase/turtlebot3_ws/install/turtlebot3_fake_node:/opt/ros/foxy /usr/bin/cmake /home/alosa/clase/Ysolve-bot/turtlebot3_simulations/turtlebot3_simulations -DAMENT_CMAKE_SYMLINK_INSTALL=1 -DCMAKE_INSTALL_PREFIX=/home/alosa/clase/Ysolve-bot/install/turtlebot3_simulations
[0.045s] -- The C compiler identification is GNU 9.4.0
[0.096s] -- The CXX compiler identification is GNU 9.4.0
[0.102s] -- Check for working C compiler: /usr/bin/cc
[0.171s] -- Check for working C compiler: /usr/bin/cc -- works
[0.171s] -- Detecting C compiler ABI info
[0.234s] -- Detecting C compiler ABI info - done
[0.241s] -- Detecting C compile features
[0.241s] -- Detecting C compile features - done
[0.243s] -- Check for working CXX compiler: /usr/bin/c++
[0.318s] -- Check for working CXX compiler: /usr/bin/c++ -- works
[0.319s] -- Detecting CXX compiler ABI info
[0.391s] -- Detecting CXX compiler ABI info - done
[0.398s] -- Detecting CXX compile features
[0.399s] -- Detecting CXX compile features - done
[0.400s] -- Found ament_cmake: 0.9.9 (/opt/ros/foxy/share/ament_cmake/cmake)
[0.417s] -- Found PythonInterp: /usr/bin/python3 (found suitable version "3.8.10", minimum required is "3") 
[0.417s] -- Using PYTHON_EXECUTABLE: /usr/bin/python3
[0.528s] -- Override CMake install command with custom implementation using symlinks instead of copying resources
[0.588s] -- Configuring done
[0.589s] -- Generating done
[0.590s] -- Build files have been written to: /home/alosa/clase/Ysolve-bot/build/turtlebot3_simulations
[0.592s] Invoked command in '/home/alosa/clase/Ysolve-bot/build/turtlebot3_simulations' returned '0': AMENT_PREFIX_PATH=/home/alosa/clase/Ysolve-bot/install/turtlebot3_gazebo:/home/alosa/clase/Ysolve-bot/install/turtlebot3_fake_node:${AMENT_PREFIX_PATH} CMAKE_PREFIX_PATH=/home/alosa/clase/Ysolve-bot/install/turtlebot3_gazebo:/home/alosa/clase/Ysolve-bot/install/turtlebot3_fake_node:/home/alosa/clase/turtlebot3_ws/install/turtlebot3_simulations:/home/alosa/clase/turtlebot3_ws/install/turtlebot3_gazebo:/home/alosa/clase/turtlebot3_ws/install/turtlebot3_fake_node:/opt/ros/foxy /usr/bin/cmake /home/alosa/clase/Ysolve-bot/turtlebot3_simulations/turtlebot3_simulations -DAMENT_CMAKE_SYMLINK_INSTALL=1 -DCMAKE_INSTALL_PREFIX=/home/alosa/clase/Ysolve-bot/install/turtlebot3_simulations
[0.595s] Invoking command in '/home/alosa/clase/Ysolve-bot/build/turtlebot3_simulations': AMENT_PREFIX_PATH=/home/alosa/clase/Ysolve-bot/install/turtlebot3_gazebo:/home/alosa/clase/Ysolve-bot/install/turtlebot3_fake_node:${AMENT_PREFIX_PATH} CMAKE_PREFIX_PATH=/home/alosa/clase/Ysolve-bot/install/turtlebot3_gazebo:/home/alosa/clase/Ysolve-bot/install/turtlebot3_fake_node:/home/alosa/clase/turtlebot3_ws/install/turtlebot3_simulations:/home/alosa/clase/turtlebot3_ws/install/turtlebot3_gazebo:/home/alosa/clase/turtlebot3_ws/install/turtlebot3_fake_node:/opt/ros/foxy /usr/bin/cmake --build /home/alosa/clase/Ysolve-bot/build/turtlebot3_simulations -- -j12 -l12
[0.627s] Invoked command in '/home/alosa/clase/Ysolve-bot/build/turtlebot3_simulations' returned '0': AMENT_PREFIX_PATH=/home/alosa/clase/Ysolve-bot/install/turtlebot3_gazebo:/home/alosa/clase/Ysolve-bot/install/turtlebot3_fake_node:${AMENT_PREFIX_PATH} CMAKE_PREFIX_PATH=/home/alosa/clase/Ysolve-bot/install/turtlebot3_gazebo:/home/alosa/clase/Ysolve-bot/install/turtlebot3_fake_node:/home/alosa/clase/turtlebot3_ws/install/turtlebot3_simulations:/home/alosa/clase/turtlebot3_ws/install/turtlebot3_gazebo:/home/alosa/clase/turtlebot3_ws/install/turtlebot3_fake_node:/opt/ros/foxy /usr/bin/cmake --build /home/alosa/clase/Ysolve-bot/build/turtlebot3_simulations -- -j12 -l12
[0.643s] Invoking command in '/home/alosa/clase/Ysolve-bot/build/turtlebot3_simulations': AMENT_PREFIX_PATH=/home/alosa/clase/Ysolve-bot/install/turtlebot3_gazebo:/home/alosa/clase/Ysolve-bot/install/turtlebot3_fake_node:${AMENT_PREFIX_PATH} CMAKE_PREFIX_PATH=/home/alosa/clase/Ysolve-bot/install/turtlebot3_gazebo:/home/alosa/clase/Ysolve-bot/install/turtlebot3_fake_node:/home/alosa/clase/turtlebot3_ws/install/turtlebot3_simulations:/home/alosa/clase/turtlebot3_ws/install/turtlebot3_gazebo:/home/alosa/clase/turtlebot3_ws/install/turtlebot3_fake_node:/opt/ros/foxy /usr/bin/cmake --install /home/alosa/clase/Ysolve-bot/build/turtlebot3_simulations
[0.649s] -- Install configuration: ""
[0.650s] -- Execute custom install script
[0.650s] -- Symlinking: /home/alosa/clase/Ysolve-bot/install/turtlebot3_simulations/share/ament_index/resource_index/package_run_dependencies/turtlebot3_simulations
[0.659s] -- Symlinking: /home/alosa/clase/Ysolve-bot/install/turtlebot3_simulations/share/ament_index/resource_index/parent_prefix_path/turtlebot3_simulations
[0.665s] -- Symlinking: /home/alosa/clase/Ysolve-bot/install/turtlebot3_simulations/share/turtlebot3_simulations/environment/ament_prefix_path.sh
[0.670s] -- Symlinking: /home/alosa/clase/Ysolve-bot/install/turtlebot3_simulations/share/turtlebot3_simulations/environment/ament_prefix_path.dsv
[0.675s] -- Symlinking: /home/alosa/clase/Ysolve-bot/install/turtlebot3_simulations/share/turtlebot3_simulations/environment/path.sh
[0.680s] -- Symlinking: /home/alosa/clase/Ysolve-bot/install/turtlebot3_simulations/share/turtlebot3_simulations/environment/path.dsv
[0.685s] -- Symlinking: /home/alosa/clase/Ysolve-bot/install/turtlebot3_simulations/share/turtlebot3_simulations/local_setup.bash
[0.694s] -- Symlinking: /home/alosa/clase/Ysolve-bot/install/turtlebot3_simulations/share/turtlebot3_simulations/local_setup.sh
[0.701s] -- Symlinking: /home/alosa/clase/Ysolve-bot/install/turtlebot3_simulations/share/turtlebot3_simulations/local_setup.zsh
[0.707s] -- Symlinking: /home/alosa/clase/Ysolve-bot/install/turtlebot3_simulations/share/turtlebot3_simulations/local_setup.dsv
[0.712s] -- Symlinking: /home/alosa/clase/Ysolve-bot/install/turtlebot3_simulations/share/turtlebot3_simulations/package.dsv
[0.717s] -- Symlinking: /home/alosa/clase/Ysolve-bot/install/turtlebot3_simulations/share/ament_index/resource_index/packages/turtlebot3_simulations
[0.722s] -- Symlinking: /home/alosa/clase/Ysolve-bot/install/turtlebot3_simulations/share/turtlebot3_simulations/cmake/turtlebot3_simulationsConfig.cmake
[0.727s] -- Symlinking: /home/alosa/clase/Ysolve-bot/install/turtlebot3_simulations/share/turtlebot3_simulations/cmake/turtlebot3_simulationsConfig-version.cmake
[0.732s] -- Symlinking: /home/alosa/clase/Ysolve-bot/install/turtlebot3_simulations/share/turtlebot3_simulations/package.xml
[0.739s] Invoked command in '/home/alosa/clase/Ysolve-bot/build/turtlebot3_simulations' returned '0': AMENT_PREFIX_PATH=/home/alosa/clase/Ysolve-bot/install/turtlebot3_gazebo:/home/alosa/clase/Ysolve-bot/install/turtlebot3_fake_node:${AMENT_PREFIX_PATH} CMAKE_PREFIX_PATH=/home/alosa/clase/Ysolve-bot/install/turtlebot3_gazebo:/home/alosa/clase/Ysolve-bot/install/turtlebot3_fake_node:/home/alosa/clase/turtlebot3_ws/install/turtlebot3_simulations:/home/alosa/clase/turtlebot3_ws/install/turtlebot3_gazebo:/home/alosa/clase/turtlebot3_ws/install/turtlebot3_fake_node:/opt/ros/foxy /usr/bin/cmake --install /home/alosa/clase/Ysolve-bot/build/turtlebot3_simulations
