[0.139s] DEBUG:colcon:Command line arguments: ['/usr/bin/colcon', 'build', '--packages-select', 'ysolve_bot_publisher']
[0.140s] DEBUG:colcon:Parsed command line arguments: Namespace(allow_overriding=[], ament_cmake_args=None, base_paths=['.'], build_base='build', catkin_cmake_args=None, catkin_skip_building_tests=False, cmake_args=None, cmake_clean_cache=False, cmake_clean_first=False, cmake_force_configure=False, cmake_target=None, cmake_target_skip_unavailable=False, continue_on_error=False, event_handlers=None, executor='parallel', ignore_user_meta=False, install_base='install', log_base=None, log_level=None, main=<bound method BuildVerb.main of <colcon_core.verb.build.BuildVerb object at 0x7f2725485670>>, merge_install=False, metas=['./colcon.meta'], packages_above=None, packages_above_and_dependencies=None, packages_above_depth=None, packages_end=None, packages_ignore=None, packages_ignore_regex=None, packages_select=['ysolve_bot_publisher'], packages_select_build_failed=False, packages_select_by_dep=None, packages_select_regex=None, packages_select_test_failures=False, packages_skip=None, packages_skip_build_finished=False, packages_skip_by_dep=None, packages_skip_regex=None, packages_skip_test_passed=False, packages_skip_up_to=None, packages_start=None, packages_up_to=None, packages_up_to_regex=None, parallel_workers=1, paths=None, symlink_install=False, test_result_base=None, verb_extension=<colcon_core.verb.build.BuildVerb object at 0x7f2725485670>, verb_name='build', verb_parser=<colcon_defaults.argument_parser.defaults.DefaultArgumentsDecorator object at 0x7f2725485bb0>)
[0.148s] Level 1:colcon.colcon_core.package_discovery:discover_packages(colcon_meta) check parameters
[0.148s] Level 1:colcon.colcon_core.package_discovery:discover_packages(recursive) check parameters
[0.148s] Level 1:colcon.colcon_core.package_discovery:discover_packages(ignore) check parameters
[0.148s] Level 1:colcon.colcon_core.package_discovery:discover_packages(path) check parameters
[0.148s] Level 1:colcon.colcon_core.package_discovery:discover_packages(colcon_meta) discover
[0.148s] Level 1:colcon.colcon_core.package_discovery:discover_packages(recursive) discover
[0.148s] INFO:colcon.colcon_core.package_discovery:Crawling recursively for packages in '/home/raul/Escritorio/Ysolve_bot_mai/ysolve/src/ysolve_bot'
[0.148s] Level 1:colcon.colcon_core.package_identification:_identify(.) by extensions ['ignore', 'ignore_ament_install']
[0.149s] Level 1:colcon.colcon_core.package_identification:_identify(.) by extension 'ignore'
[0.149s] Level 1:colcon.colcon_core.package_identification:_identify(.) by extension 'ignore_ament_install'
[0.149s] Level 1:colcon.colcon_core.package_identification:_identify(.) by extensions ['colcon_pkg']
[0.149s] Level 1:colcon.colcon_core.package_identification:_identify(.) by extension 'colcon_pkg'
[0.149s] Level 1:colcon.colcon_core.package_identification:_identify(.) by extensions ['colcon_meta']
[0.149s] Level 1:colcon.colcon_core.package_identification:_identify(.) by extension 'colcon_meta'
[0.149s] Level 1:colcon.colcon_core.package_identification:_identify(.) by extensions ['ros']
[0.149s] Level 1:colcon.colcon_core.package_identification:_identify(.) by extension 'ros'
[0.159s] Level 1:colcon.colcon_core.package_identification:_identify(.) by extensions ['cmake', 'python']
[0.159s] Level 1:colcon.colcon_core.package_identification:_identify(.) by extension 'cmake'
[0.159s] Level 1:colcon.colcon_core.package_identification:_identify(.) by extension 'python'
[0.159s] Level 1:colcon.colcon_core.package_identification:_identify(.) by extensions ['python_setup_py']
[0.159s] Level 1:colcon.colcon_core.package_identification:_identify(.) by extension 'python_setup_py'
[0.159s] Level 1:colcon.colcon_core.package_identification:_identify(build) by extensions ['ignore', 'ignore_ament_install']
[0.160s] Level 1:colcon.colcon_core.package_identification:_identify(build) by extension 'ignore'
[0.160s] Level 1:colcon.colcon_core.package_identification:_identify(build) ignored
[0.160s] Level 1:colcon.colcon_core.package_identification:_identify(install) by extensions ['ignore', 'ignore_ament_install']
[0.160s] Level 1:colcon.colcon_core.package_identification:_identify(install) by extension 'ignore'
[0.160s] Level 1:colcon.colcon_core.package_identification:_identify(install) ignored
[0.160s] Level 1:colcon.colcon_core.package_identification:_identify(log) by extensions ['ignore', 'ignore_ament_install']
[0.160s] Level 1:colcon.colcon_core.package_identification:_identify(log) by extension 'ignore'
[0.160s] Level 1:colcon.colcon_core.package_identification:_identify(log) ignored
[0.160s] Level 1:colcon.colcon_core.package_identification:_identify(src) by extensions ['ignore', 'ignore_ament_install']
[0.160s] Level 1:colcon.colcon_core.package_identification:_identify(src) by extension 'ignore'
[0.160s] Level 1:colcon.colcon_core.package_identification:_identify(src) by extension 'ignore_ament_install'
[0.161s] Level 1:colcon.colcon_core.package_identification:_identify(src) by extensions ['colcon_pkg']
[0.161s] Level 1:colcon.colcon_core.package_identification:_identify(src) by extension 'colcon_pkg'
[0.161s] Level 1:colcon.colcon_core.package_identification:_identify(src) by extensions ['colcon_meta']
[0.161s] Level 1:colcon.colcon_core.package_identification:_identify(src) by extension 'colcon_meta'
[0.161s] Level 1:colcon.colcon_core.package_identification:_identify(src) by extensions ['ros']
[0.161s] Level 1:colcon.colcon_core.package_identification:_identify(src) by extension 'ros'
[0.161s] Level 1:colcon.colcon_core.package_identification:_identify(src) by extensions ['cmake', 'python']
[0.161s] Level 1:colcon.colcon_core.package_identification:_identify(src) by extension 'cmake'
[0.161s] Level 1:colcon.colcon_core.package_identification:_identify(src) by extension 'python'
[0.161s] Level 1:colcon.colcon_core.package_identification:_identify(src) by extensions ['python_setup_py']
[0.161s] Level 1:colcon.colcon_core.package_identification:_identify(src) by extension 'python_setup_py'
[0.161s] Level 1:colcon.colcon_core.package_identification:_identify(src/metapackage) by extensions ['ignore', 'ignore_ament_install']
[0.161s] Level 1:colcon.colcon_core.package_identification:_identify(src/metapackage) by extension 'ignore'
[0.161s] Level 1:colcon.colcon_core.package_identification:_identify(src/metapackage) by extension 'ignore_ament_install'
[0.161s] Level 1:colcon.colcon_core.package_identification:_identify(src/metapackage) by extensions ['colcon_pkg']
[0.161s] Level 1:colcon.colcon_core.package_identification:_identify(src/metapackage) by extension 'colcon_pkg'
[0.162s] Level 1:colcon.colcon_core.package_identification:_identify(src/metapackage) by extensions ['colcon_meta']
[0.162s] Level 1:colcon.colcon_core.package_identification:_identify(src/metapackage) by extension 'colcon_meta'
[0.162s] Level 1:colcon.colcon_core.package_identification:_identify(src/metapackage) by extensions ['ros']
[0.162s] Level 1:colcon.colcon_core.package_identification:_identify(src/metapackage) by extension 'ros'
[0.164s] DEBUG:colcon.colcon_core.package_identification:Package 'src/metapackage' with type 'ros.ament_cmake' and name 'Ysolve-bot'
[0.164s] Level 1:colcon.colcon_core.package_identification:_identify(src/ysolve_bot_my_slam) by extensions ['ignore', 'ignore_ament_install']
[0.164s] Level 1:colcon.colcon_core.package_identification:_identify(src/ysolve_bot_my_slam) by extension 'ignore'
[0.164s] Level 1:colcon.colcon_core.package_identification:_identify(src/ysolve_bot_my_slam) by extension 'ignore_ament_install'
[0.164s] Level 1:colcon.colcon_core.package_identification:_identify(src/ysolve_bot_my_slam) by extensions ['colcon_pkg']
[0.164s] Level 1:colcon.colcon_core.package_identification:_identify(src/ysolve_bot_my_slam) by extension 'colcon_pkg'
[0.164s] Level 1:colcon.colcon_core.package_identification:_identify(src/ysolve_bot_my_slam) by extensions ['colcon_meta']
[0.164s] Level 1:colcon.colcon_core.package_identification:_identify(src/ysolve_bot_my_slam) by extension 'colcon_meta'
[0.164s] Level 1:colcon.colcon_core.package_identification:_identify(src/ysolve_bot_my_slam) by extensions ['ros']
[0.164s] Level 1:colcon.colcon_core.package_identification:_identify(src/ysolve_bot_my_slam) by extension 'ros'
[0.165s] DEBUG:colcon.colcon_core.package_identification:Package 'src/ysolve_bot_my_slam' with type 'ros.ament_python' and name 'my_slam'
[0.165s] Level 1:colcon.colcon_core.package_identification:_identify(src/ysolve_bot_nav_route) by extensions ['ignore', 'ignore_ament_install']
[0.165s] Level 1:colcon.colcon_core.package_identification:_identify(src/ysolve_bot_nav_route) by extension 'ignore'
[0.165s] Level 1:colcon.colcon_core.package_identification:_identify(src/ysolve_bot_nav_route) by extension 'ignore_ament_install'
[0.165s] Level 1:colcon.colcon_core.package_identification:_identify(src/ysolve_bot_nav_route) by extensions ['colcon_pkg']
[0.165s] Level 1:colcon.colcon_core.package_identification:_identify(src/ysolve_bot_nav_route) by extension 'colcon_pkg'
[0.165s] Level 1:colcon.colcon_core.package_identification:_identify(src/ysolve_bot_nav_route) by extensions ['colcon_meta']
[0.165s] Level 1:colcon.colcon_core.package_identification:_identify(src/ysolve_bot_nav_route) by extension 'colcon_meta'
[0.165s] Level 1:colcon.colcon_core.package_identification:_identify(src/ysolve_bot_nav_route) by extensions ['ros']
[0.165s] Level 1:colcon.colcon_core.package_identification:_identify(src/ysolve_bot_nav_route) by extension 'ros'
[0.166s] DEBUG:colcon.colcon_core.package_identification:Package 'src/ysolve_bot_nav_route' with type 'ros.ament_python' and name 'ysolve_bot_nav_route'
[0.166s] Level 1:colcon.colcon_core.package_identification:_identify(src/ysolve_bot_position_subscriber) by extensions ['ignore', 'ignore_ament_install']
[0.166s] Level 1:colcon.colcon_core.package_identification:_identify(src/ysolve_bot_position_subscriber) by extension 'ignore'
[0.166s] Level 1:colcon.colcon_core.package_identification:_identify(src/ysolve_bot_position_subscriber) by extension 'ignore_ament_install'
[0.166s] Level 1:colcon.colcon_core.package_identification:_identify(src/ysolve_bot_position_subscriber) by extensions ['colcon_pkg']
[0.166s] Level 1:colcon.colcon_core.package_identification:_identify(src/ysolve_bot_position_subscriber) by extension 'colcon_pkg'
[0.166s] Level 1:colcon.colcon_core.package_identification:_identify(src/ysolve_bot_position_subscriber) by extensions ['colcon_meta']
[0.166s] Level 1:colcon.colcon_core.package_identification:_identify(src/ysolve_bot_position_subscriber) by extension 'colcon_meta'
[0.167s] Level 1:colcon.colcon_core.package_identification:_identify(src/ysolve_bot_position_subscriber) by extensions ['ros']
[0.167s] Level 1:colcon.colcon_core.package_identification:_identify(src/ysolve_bot_position_subscriber) by extension 'ros'
[0.167s] DEBUG:colcon.colcon_core.package_identification:Package 'src/ysolve_bot_position_subscriber' with type 'ros.ament_python' and name 'ysolve_bot_position_subscriber'
[0.167s] Level 1:colcon.colcon_core.package_identification:_identify(src/ysolve_bot_publisher) by extensions ['ignore', 'ignore_ament_install']
[0.168s] Level 1:colcon.colcon_core.package_identification:_identify(src/ysolve_bot_publisher) by extension 'ignore'
[0.168s] Level 1:colcon.colcon_core.package_identification:_identify(src/ysolve_bot_publisher) by extension 'ignore_ament_install'
[0.168s] Level 1:colcon.colcon_core.package_identification:_identify(src/ysolve_bot_publisher) by extensions ['colcon_pkg']
[0.168s] Level 1:colcon.colcon_core.package_identification:_identify(src/ysolve_bot_publisher) by extension 'colcon_pkg'
[0.168s] Level 1:colcon.colcon_core.package_identification:_identify(src/ysolve_bot_publisher) by extensions ['colcon_meta']
[0.168s] Level 1:colcon.colcon_core.package_identification:_identify(src/ysolve_bot_publisher) by extension 'colcon_meta'
[0.168s] Level 1:colcon.colcon_core.package_identification:_identify(src/ysolve_bot_publisher) by extensions ['ros']
[0.168s] Level 1:colcon.colcon_core.package_identification:_identify(src/ysolve_bot_publisher) by extension 'ros'
[0.169s] DEBUG:colcon.colcon_core.package_identification:Package 'src/ysolve_bot_publisher' with type 'ros.ament_python' and name 'ysolve_bot_publisher'
[0.169s] Level 1:colcon.colcon_core.package_discovery:discover_packages(recursive) using defaults
[0.169s] Level 1:colcon.colcon_core.package_discovery:discover_packages(ignore) discover
[0.169s] Level 1:colcon.colcon_core.package_discovery:discover_packages(ignore) using defaults
[0.169s] Level 1:colcon.colcon_core.package_discovery:discover_packages(path) discover
[0.169s] Level 1:colcon.colcon_core.package_discovery:discover_packages(path) using defaults
[0.186s] INFO:colcon.colcon_core.package_selection:Skipping not selected package 'my_slam' in 'src/ysolve_bot_my_slam'
[0.186s] INFO:colcon.colcon_core.package_selection:Skipping not selected package 'ysolve_bot_nav_route' in 'src/ysolve_bot_nav_route'
[0.186s] INFO:colcon.colcon_core.package_selection:Skipping not selected package 'ysolve_bot_position_subscriber' in 'src/ysolve_bot_position_subscriber'
[0.186s] INFO:colcon.colcon_core.package_selection:Skipping not selected package 'Ysolve-bot' in 'src/metapackage'
[0.187s] Level 5:colcon.colcon_core.verb:set package 'ysolve_bot_publisher' build argument 'cmake_args' from command line to 'None'
[0.187s] Level 5:colcon.colcon_core.verb:set package 'ysolve_bot_publisher' build argument 'cmake_target' from command line to 'None'
[0.187s] Level 5:colcon.colcon_core.verb:set package 'ysolve_bot_publisher' build argument 'cmake_target_skip_unavailable' from command line to 'False'
[0.187s] Level 5:colcon.colcon_core.verb:set package 'ysolve_bot_publisher' build argument 'cmake_clean_cache' from command line to 'False'
[0.187s] Level 5:colcon.colcon_core.verb:set package 'ysolve_bot_publisher' build argument 'cmake_clean_first' from command line to 'False'
[0.187s] Level 5:colcon.colcon_core.verb:set package 'ysolve_bot_publisher' build argument 'cmake_force_configure' from command line to 'False'
[0.187s] Level 5:colcon.colcon_core.verb:set package 'ysolve_bot_publisher' build argument 'ament_cmake_args' from command line to 'None'
[0.187s] Level 5:colcon.colcon_core.verb:set package 'ysolve_bot_publisher' build argument 'catkin_cmake_args' from command line to 'None'
[0.187s] Level 5:colcon.colcon_core.verb:set package 'ysolve_bot_publisher' build argument 'catkin_skip_building_tests' from command line to 'False'
[0.187s] DEBUG:colcon.colcon_core.verb:Building package 'ysolve_bot_publisher' with the following arguments: {'ament_cmake_args': None, 'build_base': '/home/raul/Escritorio/Ysolve_bot_mai/ysolve/src/ysolve_bot/build/ysolve_bot_publisher', 'catkin_cmake_args': None, 'catkin_skip_building_tests': False, 'cmake_args': None, 'cmake_clean_cache': False, 'cmake_clean_first': False, 'cmake_force_configure': False, 'cmake_target': None, 'cmake_target_skip_unavailable': False, 'install_base': '/home/raul/Escritorio/Ysolve_bot_mai/ysolve/src/ysolve_bot/install/ysolve_bot_publisher', 'merge_install': False, 'path': '/home/raul/Escritorio/Ysolve_bot_mai/ysolve/src/ysolve_bot/src/ysolve_bot_publisher', 'symlink_install': False, 'test_result_base': None}
[0.196s] INFO:colcon.colcon_core.executor:Executing jobs using 'parallel' executor
[0.198s] DEBUG:colcon.colcon_parallel_executor.executor.parallel:run_until_complete
[0.198s] INFO:colcon.colcon_ros.task.ament_python.build:Building ROS package in '/home/raul/Escritorio/Ysolve_bot_mai/ysolve/src/ysolve_bot/src/ysolve_bot_publisher' with build type 'ament_python'
[0.199s] Level 1:colcon.colcon_core.shell:create_environment_hook('ysolve_bot_publisher', 'ament_prefix_path')
[0.208s] INFO:colcon.colcon_core.plugin_system:Skipping extension 'colcon_core.shell.bat': Not used on non-Windows systems
[0.208s] INFO:colcon.colcon_core.shell:Creating environment hook '/home/raul/Escritorio/Ysolve_bot_mai/ysolve/src/ysolve_bot/install/ysolve_bot_publisher/share/ysolve_bot_publisher/hook/ament_prefix_path.ps1'
[0.209s] INFO:colcon.colcon_core.shell:Creating environment descriptor '/home/raul/Escritorio/Ysolve_bot_mai/ysolve/src/ysolve_bot/install/ysolve_bot_publisher/share/ysolve_bot_publisher/hook/ament_prefix_path.dsv'
[0.210s] INFO:colcon.colcon_core.shell:Creating environment hook '/home/raul/Escritorio/Ysolve_bot_mai/ysolve/src/ysolve_bot/install/ysolve_bot_publisher/share/ysolve_bot_publisher/hook/ament_prefix_path.sh'
[0.211s] INFO:colcon.colcon_core.shell:Skip shell extension 'powershell' for command environment: Not usable outside of PowerShell
[0.211s] DEBUG:colcon.colcon_core.shell:Skip shell extension 'dsv' for command environment
[0.610s] INFO:colcon.colcon_core.task.python.build:Building Python package in '/home/raul/Escritorio/Ysolve_bot_mai/ysolve/src/ysolve_bot/src/ysolve_bot_publisher'
[0.611s] INFO:colcon.colcon_core.shell:Skip shell extension 'powershell' for command environment: Not usable outside of PowerShell
[0.611s] DEBUG:colcon.colcon_core.shell:Skip shell extension 'dsv' for command environment
[1.204s] DEBUG:colcon.colcon_core.event_handler.log_command:Invoking command in '/home/raul/Escritorio/Ysolve_bot_mai/ysolve/src/ysolve_bot/src/ysolve_bot_publisher': PS1=(rosenv) \[\e]0;\u@\h: \w\a\]${debian_chroot:+($debian_chroot)}\[\033[01;32m\]\u@\h\[\033[00m\]:\[\033[01;34m\]\w\[\033[00m\]\$ PYTHONPATH=/home/raul/Escritorio/Ysolve_bot_mai/ysolve/src/ysolve_bot/install/ysolve_bot_publisher/lib/python3.8/site-packages:${PYTHONPATH} /usr/bin/python3 setup.py egg_info --egg-base ../../build/ysolve_bot_publisher build --build-base /home/raul/Escritorio/Ysolve_bot_mai/ysolve/src/ysolve_bot/build/ysolve_bot_publisher/build install --prefix /home/raul/Escritorio/Ysolve_bot_mai/ysolve/src/ysolve_bot/install/ysolve_bot_publisher --record /home/raul/Escritorio/Ysolve_bot_mai/ysolve/src/ysolve_bot/build/ysolve_bot_publisher/install.log --single-version-externally-managed
[1.570s] DEBUG:colcon.colcon_core.event_handler.log_command:Invoked command in '/home/raul/Escritorio/Ysolve_bot_mai/ysolve/src/ysolve_bot/src/ysolve_bot_publisher' returned '0': PS1=(rosenv) \[\e]0;\u@\h: \w\a\]${debian_chroot:+($debian_chroot)}\[\033[01;32m\]\u@\h\[\033[00m\]:\[\033[01;34m\]\w\[\033[00m\]\$ PYTHONPATH=/home/raul/Escritorio/Ysolve_bot_mai/ysolve/src/ysolve_bot/install/ysolve_bot_publisher/lib/python3.8/site-packages:${PYTHONPATH} /usr/bin/python3 setup.py egg_info --egg-base ../../build/ysolve_bot_publisher build --build-base /home/raul/Escritorio/Ysolve_bot_mai/ysolve/src/ysolve_bot/build/ysolve_bot_publisher/build install --prefix /home/raul/Escritorio/Ysolve_bot_mai/ysolve/src/ysolve_bot/install/ysolve_bot_publisher --record /home/raul/Escritorio/Ysolve_bot_mai/ysolve/src/ysolve_bot/build/ysolve_bot_publisher/install.log --single-version-externally-managed
[1.590s] Level 1:colcon.colcon_core.environment:checking '/home/raul/Escritorio/Ysolve_bot_mai/ysolve/src/ysolve_bot/install/ysolve_bot_publisher' for CMake module files
[1.590s] Level 1:colcon.colcon_core.environment:checking '/home/raul/Escritorio/Ysolve_bot_mai/ysolve/src/ysolve_bot/install/ysolve_bot_publisher' for CMake config files
[1.591s] Level 1:colcon.colcon_core.environment:checking '/home/raul/Escritorio/Ysolve_bot_mai/ysolve/src/ysolve_bot/install/ysolve_bot_publisher/lib'
[1.591s] Level 1:colcon.colcon_core.environment:checking '/home/raul/Escritorio/Ysolve_bot_mai/ysolve/src/ysolve_bot/install/ysolve_bot_publisher/bin'
[1.591s] Level 1:colcon.colcon_core.environment:checking '/home/raul/Escritorio/Ysolve_bot_mai/ysolve/src/ysolve_bot/install/ysolve_bot_publisher/lib/pkgconfig/ysolve_bot_publisher.pc'
[1.592s] Level 1:colcon.colcon_core.environment:checking '/home/raul/Escritorio/Ysolve_bot_mai/ysolve/src/ysolve_bot/install/ysolve_bot_publisher/lib/python3.8/site-packages'
[1.592s] Level 1:colcon.colcon_core.shell:create_environment_hook('ysolve_bot_publisher', 'pythonpath')
[1.593s] INFO:colcon.colcon_core.shell:Creating environment hook '/home/raul/Escritorio/Ysolve_bot_mai/ysolve/src/ysolve_bot/install/ysolve_bot_publisher/share/ysolve_bot_publisher/hook/pythonpath.ps1'
[1.593s] INFO:colcon.colcon_core.shell:Creating environment descriptor '/home/raul/Escritorio/Ysolve_bot_mai/ysolve/src/ysolve_bot/install/ysolve_bot_publisher/share/ysolve_bot_publisher/hook/pythonpath.dsv'
[1.593s] INFO:colcon.colcon_core.shell:Creating environment hook '/home/raul/Escritorio/Ysolve_bot_mai/ysolve/src/ysolve_bot/install/ysolve_bot_publisher/share/ysolve_bot_publisher/hook/pythonpath.sh'
[1.594s] Level 1:colcon.colcon_core.environment:create_environment_scripts_only(ysolve_bot_publisher)
[1.594s] INFO:colcon.colcon_core.shell:Creating package script '/home/raul/Escritorio/Ysolve_bot_mai/ysolve/src/ysolve_bot/install/ysolve_bot_publisher/share/ysolve_bot_publisher/package.ps1'
[1.596s] INFO:colcon.colcon_core.shell:Creating package descriptor '/home/raul/Escritorio/Ysolve_bot_mai/ysolve/src/ysolve_bot/install/ysolve_bot_publisher/share/ysolve_bot_publisher/package.dsv'
[1.600s] INFO:colcon.colcon_core.shell:Creating package script '/home/raul/Escritorio/Ysolve_bot_mai/ysolve/src/ysolve_bot/install/ysolve_bot_publisher/share/ysolve_bot_publisher/package.sh'
[1.602s] INFO:colcon.colcon_core.shell:Creating package script '/home/raul/Escritorio/Ysolve_bot_mai/ysolve/src/ysolve_bot/install/ysolve_bot_publisher/share/ysolve_bot_publisher/package.bash'
[1.611s] INFO:colcon.colcon_core.shell:Creating package script '/home/raul/Escritorio/Ysolve_bot_mai/ysolve/src/ysolve_bot/install/ysolve_bot_publisher/share/ysolve_bot_publisher/package.zsh'
[1.613s] Level 1:colcon.colcon_core.environment:create_file_with_runtime_dependencies(/home/raul/Escritorio/Ysolve_bot_mai/ysolve/src/ysolve_bot/install/ysolve_bot_publisher/share/colcon-core/packages/ysolve_bot_publisher)
[1.622s] DEBUG:colcon.colcon_parallel_executor.executor.parallel:closing loop
[1.624s] DEBUG:colcon.colcon_parallel_executor.executor.parallel:loop closed
[1.624s] DEBUG:colcon.colcon_parallel_executor.executor.parallel:run_until_complete finished with '0'
[1.624s] DEBUG:colcon.colcon_core.event_reactor:joining thread
[1.654s] INFO:colcon.colcon_core.plugin_system:Skipping extension 'colcon_notification.desktop_notification.terminal_notifier': Not used on non-Darwin systems
[1.654s] INFO:colcon.colcon_core.plugin_system:Skipping extension 'colcon_notification.desktop_notification.win32': Not used on non-Windows systems
[1.654s] INFO:colcon.colcon_notification.desktop_notification:Sending desktop notification using 'notify2'
[1.697s] DEBUG:colcon.colcon_core.event_reactor:joined thread
[1.698s] INFO:colcon.colcon_core.shell:Creating prefix script '/home/raul/Escritorio/Ysolve_bot_mai/ysolve/src/ysolve_bot/install/local_setup.ps1'
[1.699s] INFO:colcon.colcon_core.shell:Creating prefix util module '/home/raul/Escritorio/Ysolve_bot_mai/ysolve/src/ysolve_bot/install/_local_setup_util_ps1.py'
[1.700s] INFO:colcon.colcon_core.shell:Creating prefix chain script '/home/raul/Escritorio/Ysolve_bot_mai/ysolve/src/ysolve_bot/install/setup.ps1'
[1.704s] INFO:colcon.colcon_core.shell:Creating prefix script '/home/raul/Escritorio/Ysolve_bot_mai/ysolve/src/ysolve_bot/install/local_setup.sh'
[1.708s] INFO:colcon.colcon_core.shell:Creating prefix util module '/home/raul/Escritorio/Ysolve_bot_mai/ysolve/src/ysolve_bot/install/_local_setup_util_sh.py'
[1.708s] INFO:colcon.colcon_core.shell:Creating prefix chain script '/home/raul/Escritorio/Ysolve_bot_mai/ysolve/src/ysolve_bot/install/setup.sh'
[1.712s] INFO:colcon.colcon_core.shell:Creating prefix script '/home/raul/Escritorio/Ysolve_bot_mai/ysolve/src/ysolve_bot/install/local_setup.bash'
[1.713s] INFO:colcon.colcon_core.shell:Creating prefix chain script '/home/raul/Escritorio/Ysolve_bot_mai/ysolve/src/ysolve_bot/install/setup.bash'
[1.719s] INFO:colcon.colcon_core.shell:Creating prefix script '/home/raul/Escritorio/Ysolve_bot_mai/ysolve/src/ysolve_bot/install/local_setup.zsh'
[1.720s] INFO:colcon.colcon_core.shell:Creating prefix chain script '/home/raul/Escritorio/Ysolve_bot_mai/ysolve/src/ysolve_bot/install/setup.zsh'
