[1.253s] Invoking command in '/home/natxo/turtlebot3_ws/src/my_slam': PS1=(rosenv) \[\e]0;\u@\h: \w\a\]${debian_chroot:+($debian_chroot)}\[\033[01;32m\]\u@\h\[\033[00m\]:\[\033[01;34m\]\w\[\033[00m\]\$ PYTHONPATH=/home/natxo/turtlebot3_ws/src/my_slam/install/my_slam/lib/python3.8/site-packages:${PYTHONPATH} /usr/bin/python3 setup.py egg_info --egg-base build/my_slam build --build-base /home/natxo/turtlebot3_ws/src/my_slam/build/my_slam/build install --prefix /home/natxo/turtlebot3_ws/src/my_slam/install/my_slam --record /home/natxo/turtlebot3_ws/src/my_slam/build/my_slam/install.log --single-version-externally-managed
[1.486s] running egg_info
[1.487s] creating build/my_slam/my_slam.egg-info
[1.487s] writing build/my_slam/my_slam.egg-info/PKG-INFO
[1.488s] writing dependency_links to build/my_slam/my_slam.egg-info/dependency_links.txt
[1.488s] writing entry points to build/my_slam/my_slam.egg-info/entry_points.txt
[1.488s] writing requirements to build/my_slam/my_slam.egg-info/requires.txt
[1.488s] writing top-level names to build/my_slam/my_slam.egg-info/top_level.txt
[1.538s] writing manifest file 'build/my_slam/my_slam.egg-info/SOURCES.txt'
[1.604s] reading manifest file 'build/my_slam/my_slam.egg-info/SOURCES.txt'
[1.605s] writing manifest file 'build/my_slam/my_slam.egg-info/SOURCES.txt'
[1.605s] running build
[1.605s] running build_py
[1.606s] creating /home/natxo/turtlebot3_ws/src/my_slam/build/my_slam/build
[1.606s] creating /home/natxo/turtlebot3_ws/src/my_slam/build/my_slam/build/lib
[1.606s] creating /home/natxo/turtlebot3_ws/src/my_slam/build/my_slam/build/lib/my_slam
[1.606s] copying my_slam/__init__.py -> /home/natxo/turtlebot3_ws/src/my_slam/build/my_slam/build/lib/my_slam
[1.606s] running install
[1.607s] running install_lib
[1.608s] creating /home/natxo/turtlebot3_ws/src/my_slam/install/my_slam/lib/python3.8/site-packages/my_slam
[1.608s] copying /home/natxo/turtlebot3_ws/src/my_slam/build/my_slam/build/lib/my_slam/__init__.py -> /home/natxo/turtlebot3_ws/src/my_slam/install/my_slam/lib/python3.8/site-packages/my_slam
[1.609s] byte-compiling /home/natxo/turtlebot3_ws/src/my_slam/install/my_slam/lib/python3.8/site-packages/my_slam/__init__.py to __init__.cpython-38.pyc
[1.610s] running install_data
[1.611s] creating /home/natxo/turtlebot3_ws/src/my_slam/install/my_slam/share/ament_index
[1.611s] creating /home/natxo/turtlebot3_ws/src/my_slam/install/my_slam/share/ament_index/resource_index
[1.611s] creating /home/natxo/turtlebot3_ws/src/my_slam/install/my_slam/share/ament_index/resource_index/packages
[1.611s] copying resource/my_slam -> /home/natxo/turtlebot3_ws/src/my_slam/install/my_slam/share/ament_index/resource_index/packages
[1.612s] copying package.xml -> /home/natxo/turtlebot3_ws/src/my_slam/install/my_slam/share/my_slam
[1.612s] creating /home/natxo/turtlebot3_ws/src/my_slam/install/my_slam/share/my_slam/map
[1.612s] creating /home/natxo/turtlebot3_ws/src/my_slam/install/my_slam/share/my_slam/rviz
[1.612s] creating /home/natxo/turtlebot3_ws/src/my_slam/install/my_slam/share/my_slam/launch
[1.612s] copying launch/my_slam.launch.py -> /home/natxo/turtlebot3_ws/src/my_slam/install/my_slam/share/my_slam/launch
[1.612s] creating /home/natxo/turtlebot3_ws/src/my_slam/install/my_slam/share/my_slam/config
[1.612s] copying config/my_slam.lua -> /home/natxo/turtlebot3_ws/src/my_slam/install/my_slam/share/my_slam/config
[1.612s] running install_egg_info
[1.614s] Copying build/my_slam/my_slam.egg-info to /home/natxo/turtlebot3_ws/src/my_slam/install/my_slam/lib/python3.8/site-packages/my_slam-0.0.0-py3.8.egg-info
[1.615s] running install_scripts
[1.635s] writing list of installed files to '/home/natxo/turtlebot3_ws/src/my_slam/build/my_slam/install.log'
[1.657s] Invoked command in '/home/natxo/turtlebot3_ws/src/my_slam' returned '0': PS1=(rosenv) \[\e]0;\u@\h: \w\a\]${debian_chroot:+($debian_chroot)}\[\033[01;32m\]\u@\h\[\033[00m\]:\[\033[01;34m\]\w\[\033[00m\]\$ PYTHONPATH=/home/natxo/turtlebot3_ws/src/my_slam/install/my_slam/lib/python3.8/site-packages:${PYTHONPATH} /usr/bin/python3 setup.py egg_info --egg-base build/my_slam build --build-base /home/natxo/turtlebot3_ws/src/my_slam/build/my_slam/build install --prefix /home/natxo/turtlebot3_ws/src/my_slam/install/my_slam --record /home/natxo/turtlebot3_ws/src/my_slam/build/my_slam/install.log --single-version-externally-managed
