[0.096s] DEBUG:colcon:Command line arguments: ['/usr/bin/colcon', 'build', '--packages-select', 'ysolve_my_world/']
[0.096s] DEBUG:colcon:Parsed command line arguments: Namespace(allow_overriding=[], ament_cmake_args=None, base_paths=['.'], build_base='build', catkin_cmake_args=None, catkin_skip_building_tests=False, cmake_args=None, cmake_clean_cache=False, cmake_clean_first=False, cmake_force_configure=False, cmake_target=None, cmake_target_skip_unavailable=False, continue_on_error=False, event_handlers=None, executor='parallel', ignore_user_meta=False, install_base='install', log_base=None, log_level=None, main=<bound method BuildVerb.main of <colcon_core.verb.build.BuildVerb object at 0x7f8ed2b068b0>>, merge_install=False, metas=['./colcon.meta'], packages_above=None, packages_above_and_dependencies=None, packages_above_depth=None, packages_end=None, packages_ignore=None, packages_ignore_regex=None, packages_select=['ysolve_my_world/'], packages_select_build_failed=False, packages_select_by_dep=None, packages_select_regex=None, packages_select_test_failures=False, packages_skip=None, packages_skip_build_finished=False, packages_skip_by_dep=None, packages_skip_regex=None, packages_skip_test_passed=False, packages_skip_up_to=None, packages_start=None, packages_up_to=None, packages_up_to_regex=None, parallel_workers=2, paths=None, symlink_install=False, test_result_base=None, verb_extension=<colcon_core.verb.build.BuildVerb object at 0x7f8ed2b068b0>, verb_name='build', verb_parser=<colcon_defaults.argument_parser.defaults.DefaultArgumentsDecorator object at 0x7f8ed2b114f0>)
[0.099s] Level 1:colcon.colcon_core.package_discovery:discover_packages(colcon_meta) check parameters
[0.099s] Level 1:colcon.colcon_core.package_discovery:discover_packages(recursive) check parameters
[0.099s] Level 1:colcon.colcon_core.package_discovery:discover_packages(ignore) check parameters
[0.099s] Level 1:colcon.colcon_core.package_discovery:discover_packages(path) check parameters
[0.099s] Level 1:colcon.colcon_core.package_discovery:discover_packages(colcon_meta) discover
[0.099s] Level 1:colcon.colcon_core.package_discovery:discover_packages(recursive) discover
[0.099s] INFO:colcon.colcon_core.package_discovery:Crawling recursively for packages in '/home/vagrant/Documents/GitHub/Ysolve-bot/Proyecto/src'
[0.099s] Level 1:colcon.colcon_core.package_identification:_identify(.) by extensions ['ignore', 'ignore_ament_install']
[0.100s] Level 1:colcon.colcon_core.package_identification:_identify(.) by extension 'ignore'
[0.100s] Level 1:colcon.colcon_core.package_identification:_identify(.) by extension 'ignore_ament_install'
[0.100s] Level 1:colcon.colcon_core.package_identification:_identify(.) by extensions ['colcon_pkg']
[0.100s] Level 1:colcon.colcon_core.package_identification:_identify(.) by extension 'colcon_pkg'
[0.100s] Level 1:colcon.colcon_core.package_identification:_identify(.) by extensions ['colcon_meta']
[0.100s] Level 1:colcon.colcon_core.package_identification:_identify(.) by extension 'colcon_meta'
[0.100s] Level 1:colcon.colcon_core.package_identification:_identify(.) by extensions ['ros']
[0.100s] Level 1:colcon.colcon_core.package_identification:_identify(.) by extension 'ros'
[0.107s] Level 1:colcon.colcon_core.package_identification:_identify(.) by extensions ['cmake', 'python']
[0.107s] Level 1:colcon.colcon_core.package_identification:_identify(.) by extension 'cmake'
[0.107s] Level 1:colcon.colcon_core.package_identification:_identify(.) by extension 'python'
[0.107s] Level 1:colcon.colcon_core.package_identification:_identify(.) by extensions ['python_setup_py']
[0.107s] Level 1:colcon.colcon_core.package_identification:_identify(.) by extension 'python_setup_py'
[0.107s] Level 1:colcon.colcon_core.package_identification:_identify(build) by extensions ['ignore', 'ignore_ament_install']
[0.108s] Level 1:colcon.colcon_core.package_identification:_identify(build) by extension 'ignore'
[0.108s] Level 1:colcon.colcon_core.package_identification:_identify(build) ignored
[0.108s] Level 1:colcon.colcon_core.package_identification:_identify(install) by extensions ['ignore', 'ignore_ament_install']
[0.108s] Level 1:colcon.colcon_core.package_identification:_identify(install) by extension 'ignore'
[0.108s] Level 1:colcon.colcon_core.package_identification:_identify(install) ignored
[0.108s] Level 1:colcon.colcon_core.package_identification:_identify(log) by extensions ['ignore', 'ignore_ament_install']
[0.108s] Level 1:colcon.colcon_core.package_identification:_identify(log) by extension 'ignore'
[0.108s] Level 1:colcon.colcon_core.package_identification:_identify(log) ignored
[0.108s] Level 1:colcon.colcon_core.package_identification:_identify(metapackage) by extensions ['ignore', 'ignore_ament_install']
[0.108s] Level 1:colcon.colcon_core.package_identification:_identify(metapackage) by extension 'ignore'
[0.108s] Level 1:colcon.colcon_core.package_identification:_identify(metapackage) by extension 'ignore_ament_install'
[0.108s] Level 1:colcon.colcon_core.package_identification:_identify(metapackage) by extensions ['colcon_pkg']
[0.108s] Level 1:colcon.colcon_core.package_identification:_identify(metapackage) by extension 'colcon_pkg'
[0.108s] Level 1:colcon.colcon_core.package_identification:_identify(metapackage) by extensions ['colcon_meta']
[0.108s] Level 1:colcon.colcon_core.package_identification:_identify(metapackage) by extension 'colcon_meta'
[0.108s] Level 1:colcon.colcon_core.package_identification:_identify(metapackage) by extensions ['ros']
[0.108s] Level 1:colcon.colcon_core.package_identification:_identify(metapackage) by extension 'ros'
[0.110s] DEBUG:colcon.colcon_core.package_identification:Package 'metapackage' with type 'ros.ament_cmake' and name 'ysolve-bot'
[0.110s] Level 1:colcon.colcon_core.package_identification:_identify(ysolve_my_world) by extensions ['ignore', 'ignore_ament_install']
[0.110s] Level 1:colcon.colcon_core.package_identification:_identify(ysolve_my_world) by extension 'ignore'
[0.110s] Level 1:colcon.colcon_core.package_identification:_identify(ysolve_my_world) by extension 'ignore_ament_install'
[0.110s] Level 1:colcon.colcon_core.package_identification:_identify(ysolve_my_world) by extensions ['colcon_pkg']
[0.110s] Level 1:colcon.colcon_core.package_identification:_identify(ysolve_my_world) by extension 'colcon_pkg'
[0.110s] Level 1:colcon.colcon_core.package_identification:_identify(ysolve_my_world) by extensions ['colcon_meta']
[0.110s] Level 1:colcon.colcon_core.package_identification:_identify(ysolve_my_world) by extension 'colcon_meta'
[0.110s] Level 1:colcon.colcon_core.package_identification:_identify(ysolve_my_world) by extensions ['ros']
[0.110s] Level 1:colcon.colcon_core.package_identification:_identify(ysolve_my_world) by extension 'ros'
[0.111s] DEBUG:colcon.colcon_core.package_identification:Package 'ysolve_my_world' with type 'ros.ament_cmake' and name 'ysolve_world'
[0.111s] Level 1:colcon.colcon_core.package_identification:_identify(ysolve_nav2_system) by extensions ['ignore', 'ignore_ament_install']
[0.111s] Level 1:colcon.colcon_core.package_identification:_identify(ysolve_nav2_system) by extension 'ignore'
[0.111s] Level 1:colcon.colcon_core.package_identification:_identify(ysolve_nav2_system) by extension 'ignore_ament_install'
[0.111s] Level 1:colcon.colcon_core.package_identification:_identify(ysolve_nav2_system) by extensions ['colcon_pkg']
[0.111s] Level 1:colcon.colcon_core.package_identification:_identify(ysolve_nav2_system) by extension 'colcon_pkg'
[0.111s] Level 1:colcon.colcon_core.package_identification:_identify(ysolve_nav2_system) by extensions ['colcon_meta']
[0.111s] Level 1:colcon.colcon_core.package_identification:_identify(ysolve_nav2_system) by extension 'colcon_meta'
[0.111s] Level 1:colcon.colcon_core.package_identification:_identify(ysolve_nav2_system) by extensions ['ros']
[0.111s] Level 1:colcon.colcon_core.package_identification:_identify(ysolve_nav2_system) by extension 'ros'
[0.111s] DEBUG:colcon.colcon_core.package_identification:Package 'ysolve_nav2_system' with type 'ros.ament_python' and name 'ysolve_nav2_system'
[0.111s] Level 1:colcon.colcon_core.package_identification:_identify(ysolve_slam) by extensions ['ignore', 'ignore_ament_install']
[0.112s] Level 1:colcon.colcon_core.package_identification:_identify(ysolve_slam) by extension 'ignore'
[0.112s] Level 1:colcon.colcon_core.package_identification:_identify(ysolve_slam) by extension 'ignore_ament_install'
[0.112s] Level 1:colcon.colcon_core.package_identification:_identify(ysolve_slam) by extensions ['colcon_pkg']
[0.112s] Level 1:colcon.colcon_core.package_identification:_identify(ysolve_slam) by extension 'colcon_pkg'
[0.112s] Level 1:colcon.colcon_core.package_identification:_identify(ysolve_slam) by extensions ['colcon_meta']
[0.112s] Level 1:colcon.colcon_core.package_identification:_identify(ysolve_slam) by extension 'colcon_meta'
[0.112s] Level 1:colcon.colcon_core.package_identification:_identify(ysolve_slam) by extensions ['ros']
[0.112s] Level 1:colcon.colcon_core.package_identification:_identify(ysolve_slam) by extension 'ros'
[0.112s] DEBUG:colcon.colcon_core.package_identification:Package 'ysolve_slam' with type 'ros.ament_python' and name 'ysolve_slam'
[0.112s] Level 1:colcon.colcon_core.package_discovery:discover_packages(recursive) using defaults
[0.112s] Level 1:colcon.colcon_core.package_discovery:discover_packages(ignore) discover
[0.112s] Level 1:colcon.colcon_core.package_discovery:discover_packages(ignore) using defaults
[0.112s] Level 1:colcon.colcon_core.package_discovery:discover_packages(path) discover
[0.112s] Level 1:colcon.colcon_core.package_discovery:discover_packages(path) using defaults
[0.113s] WARNING:colcon.colcon_core.package_selection:ignoring unknown package 'ysolve_my_world/' in --packages-select
[0.126s] INFO:colcon.colcon_core.package_selection:Skipping not selected package 'ysolve-bot' in 'metapackage'
[0.126s] INFO:colcon.colcon_core.package_selection:Skipping not selected package 'ysolve_nav2_system' in 'ysolve_nav2_system'
[0.126s] INFO:colcon.colcon_core.package_selection:Skipping not selected package 'ysolve_slam' in 'ysolve_slam'
[0.126s] INFO:colcon.colcon_core.package_selection:Skipping not selected package 'ysolve_world' in 'ysolve_my_world'
[0.129s] INFO:colcon.colcon_core.executor:Executing jobs using 'parallel' executor
[0.131s] DEBUG:colcon.colcon_parallel_executor.executor.parallel:run_until_complete
[0.131s] DEBUG:colcon.colcon_parallel_executor.executor.parallel:closing loop
[0.131s] DEBUG:colcon.colcon_parallel_executor.executor.parallel:loop closed
[0.131s] DEBUG:colcon.colcon_parallel_executor.executor.parallel:run_until_complete finished with '0'
[0.131s] DEBUG:colcon.colcon_core.event_reactor:joining thread
[0.136s] INFO:colcon.colcon_core.plugin_system:Skipping extension 'colcon_notification.desktop_notification.terminal_notifier': Not used on non-Darwin systems
[0.136s] INFO:colcon.colcon_core.plugin_system:Skipping extension 'colcon_notification.desktop_notification.win32': Not used on non-Windows systems
[0.136s] INFO:colcon.colcon_notification.desktop_notification:Sending desktop notification using 'notify2'
[0.147s] DEBUG:colcon.colcon_core.event_reactor:joined thread
[0.150s] INFO:colcon.colcon_core.plugin_system:Skipping extension 'colcon_core.shell.bat': Not used on non-Windows systems
[0.151s] INFO:colcon.colcon_core.shell:Creating prefix script '/home/vagrant/Documents/GitHub/Ysolve-bot/Proyecto/src/install/local_setup.ps1'
[0.151s] INFO:colcon.colcon_core.shell:Creating prefix util module '/home/vagrant/Documents/GitHub/Ysolve-bot/Proyecto/src/install/_local_setup_util_ps1.py'
[0.152s] INFO:colcon.colcon_core.shell:Creating prefix chain script '/home/vagrant/Documents/GitHub/Ysolve-bot/Proyecto/src/install/setup.ps1'
[0.153s] INFO:colcon.colcon_core.shell:Creating prefix script '/home/vagrant/Documents/GitHub/Ysolve-bot/Proyecto/src/install/local_setup.sh'
[0.153s] INFO:colcon.colcon_core.shell:Creating prefix util module '/home/vagrant/Documents/GitHub/Ysolve-bot/Proyecto/src/install/_local_setup_util_sh.py'
[0.153s] INFO:colcon.colcon_core.shell:Creating prefix chain script '/home/vagrant/Documents/GitHub/Ysolve-bot/Proyecto/src/install/setup.sh'
[0.155s] INFO:colcon.colcon_core.shell:Creating prefix script '/home/vagrant/Documents/GitHub/Ysolve-bot/Proyecto/src/install/local_setup.bash'
[0.155s] INFO:colcon.colcon_core.shell:Creating prefix chain script '/home/vagrant/Documents/GitHub/Ysolve-bot/Proyecto/src/install/setup.bash'
[0.158s] INFO:colcon.colcon_core.shell:Creating prefix script '/home/vagrant/Documents/GitHub/Ysolve-bot/Proyecto/src/install/local_setup.zsh'
[0.158s] INFO:colcon.colcon_core.shell:Creating prefix chain script '/home/vagrant/Documents/GitHub/Ysolve-bot/Proyecto/src/install/setup.zsh'
