[0.013s] Invoking command in '/home/alosa/clase/Ysolve-bot/build/turtlebot3_fake_node': CMAKE_PREFIX_PATH=${CMAKE_PREFIX_PATH}:/opt/ros/foxy /usr/bin/cmake /home/alosa/clase/Ysolve-bot/turtlebot3_simulations/turtlebot3_fake_node -DAMENT_CMAKE_SYMLINK_INSTALL=1 -DCMAKE_INSTALL_PREFIX=/home/alosa/clase/Ysolve-bot/install/turtlebot3_fake_node
[0.051s] -- The C compiler identification is GNU 9.4.0
[0.092s] -- The CXX compiler identification is GNU 9.4.0
[0.098s] -- Check for working C compiler: /usr/bin/cc
[0.149s] -- Check for working C compiler: /usr/bin/cc -- works
[0.150s] -- Detecting C compiler ABI info
[0.198s] -- Detecting C compiler ABI info - done
[0.205s] -- Detecting C compile features
[0.205s] -- Detecting C compile features - done
[0.207s] -- Check for working CXX compiler: /usr/bin/c++
[0.260s] -- Check for working CXX compiler: /usr/bin/c++ -- works
[0.261s] -- Detecting CXX compiler ABI info
[0.315s] -- Detecting CXX compiler ABI info - done
[0.322s] -- Detecting CXX compile features
[0.322s] -- Detecting CXX compile features - done
[0.324s] -- Found ament_cmake: 0.9.9 (/opt/ros/foxy/share/ament_cmake/cmake)
[0.343s] -- Found PythonInterp: /usr/bin/python3 (found suitable version "3.8.10", minimum required is "3") 
[0.343s] -- Using PYTHON_EXECUTABLE: /usr/bin/python3
[0.455s] -- Override CMake install command with custom implementation using symlinks instead of copying resources
[0.471s] -- Found geometry_msgs: 2.0.5 (/opt/ros/foxy/share/geometry_msgs/cmake)
[0.492s] -- Using all available rosidl_typesupport_c: rosidl_typesupport_fastrtps_c;rosidl_typesupport_introspection_c
[0.497s] -- Found rosidl_adapter: 1.2.1 (/opt/ros/foxy/share/rosidl_adapter/cmake)
[0.545s] -- Found OpenSSL: /usr/lib/x86_64-linux-gnu/libcrypto.so (found version "1.1.1f")  
[0.565s] -- Found FastRTPS: /opt/ros/foxy/include  
[0.621s] -- Using all available rosidl_typesupport_cpp: rosidl_typesupport_fastrtps_cpp;rosidl_typesupport_introspection_cpp
[0.682s] -- Found nav_msgs: 2.0.5 (/opt/ros/foxy/share/nav_msgs/cmake)
[0.732s] -- Found rclcpp: 2.4.1 (/opt/ros/foxy/share/rclcpp/cmake)
[0.762s] -- Found rmw_implementation_cmake: 1.0.3 (/opt/ros/foxy/share/rmw_implementation_cmake/cmake)
[0.763s] -- Using RMW implementation 'rmw_fastrtps_cpp' as default
[0.764s] -- Looking for pthread.h
[0.818s] -- Looking for pthread.h - found
[0.818s] -- Performing Test CMAKE_HAVE_LIBC_PTHREAD
[0.870s] -- Performing Test CMAKE_HAVE_LIBC_PTHREAD - Failed
[0.870s] -- Looking for pthread_create in pthreads
[0.914s] -- Looking for pthread_create in pthreads - not found
[0.915s] -- Looking for pthread_create in pthread
[0.964s] -- Looking for pthread_create in pthread - found
[0.964s] -- Found Threads: TRUE  
[1.062s] -- Found sensor_msgs: 2.0.5 (/opt/ros/foxy/share/sensor_msgs/cmake)
[1.112s] -- Found tf2: 0.13.13 (/opt/ros/foxy/share/tf2/cmake)
[1.120s] -- Found tf2_msgs: 0.13.13 (/opt/ros/foxy/share/tf2_msgs/cmake)
[1.251s] -- Found turtlebot3_msgs: 2.2.1 (/opt/ros/foxy/share/turtlebot3_msgs/cmake)
[1.365s] -- Configuring done
[1.373s] -- Generating done
[1.374s] -- Build files have been written to: /home/alosa/clase/Ysolve-bot/build/turtlebot3_fake_node
[1.380s] Invoked command in '/home/alosa/clase/Ysolve-bot/build/turtlebot3_fake_node' returned '0': CMAKE_PREFIX_PATH=${CMAKE_PREFIX_PATH}:/opt/ros/foxy /usr/bin/cmake /home/alosa/clase/Ysolve-bot/turtlebot3_simulations/turtlebot3_fake_node -DAMENT_CMAKE_SYMLINK_INSTALL=1 -DCMAKE_INSTALL_PREFIX=/home/alosa/clase/Ysolve-bot/install/turtlebot3_fake_node
[1.383s] Invoking command in '/home/alosa/clase/Ysolve-bot/build/turtlebot3_fake_node': CMAKE_PREFIX_PATH=${CMAKE_PREFIX_PATH}:/opt/ros/foxy /usr/bin/cmake --build /home/alosa/clase/Ysolve-bot/build/turtlebot3_fake_node -- -j12 -l12
[1.413s] [35m[1mScanning dependencies of target turtlebot3_fake_node[0m
[1.442s] [ 50%] [32mBuilding CXX object CMakeFiles/turtlebot3_fake_node.dir/src/turtlebot3_fake_node.cpp.o[0m
[7.076s] [100%] [32m[1mLinking CXX executable turtlebot3_fake_node[0m
[7.337s] [100%] Built target turtlebot3_fake_node
[7.346s] Invoked command in '/home/alosa/clase/Ysolve-bot/build/turtlebot3_fake_node' returned '0': CMAKE_PREFIX_PATH=${CMAKE_PREFIX_PATH}:/opt/ros/foxy /usr/bin/cmake --build /home/alosa/clase/Ysolve-bot/build/turtlebot3_fake_node -- -j12 -l12
[7.378s] Invoking command in '/home/alosa/clase/Ysolve-bot/build/turtlebot3_fake_node': CMAKE_PREFIX_PATH=${CMAKE_PREFIX_PATH}:/opt/ros/foxy /usr/bin/cmake --install /home/alosa/clase/Ysolve-bot/build/turtlebot3_fake_node
[7.386s] -- Install configuration: ""
[7.386s] -- Execute custom install script
[7.387s] -- Symlinking: /home/alosa/clase/Ysolve-bot/install/turtlebot3_fake_node/lib/turtlebot3_fake_node/turtlebot3_fake_node
[7.395s] -- Symlinking: /home/alosa/clase/Ysolve-bot/install/turtlebot3_fake_node/share/turtlebot3_fake_node/launch/rviz2.launch.py
[7.402s] -- Symlinking: /home/alosa/clase/Ysolve-bot/install/turtlebot3_fake_node/share/turtlebot3_fake_node/launch/turtlebot3_fake_node.launch.py
[7.410s] -- Symlinking: /home/alosa/clase/Ysolve-bot/install/turtlebot3_fake_node/share/turtlebot3_fake_node/param/burger.yaml
[7.418s] -- Symlinking: /home/alosa/clase/Ysolve-bot/install/turtlebot3_fake_node/share/turtlebot3_fake_node/param/waffle.yaml
[7.426s] -- Symlinking: /home/alosa/clase/Ysolve-bot/install/turtlebot3_fake_node/share/turtlebot3_fake_node/param/waffle_pi.yaml
[7.433s] -- Symlinking: /home/alosa/clase/Ysolve-bot/install/turtlebot3_fake_node/share/turtlebot3_fake_node/rviz/model.rviz
[7.441s] -- Symlinking: /home/alosa/clase/Ysolve-bot/install/turtlebot3_fake_node/include//turtlebot3_fake_node/turtlebot3_fake_node.hpp
[7.448s] -- Symlinking: /home/alosa/clase/Ysolve-bot/install/turtlebot3_fake_node/share/ament_index/resource_index/package_run_dependencies/turtlebot3_fake_node
[7.457s] -- Symlinking: /home/alosa/clase/Ysolve-bot/install/turtlebot3_fake_node/share/ament_index/resource_index/parent_prefix_path/turtlebot3_fake_node
[7.466s] -- Symlinking: /home/alosa/clase/Ysolve-bot/install/turtlebot3_fake_node/share/turtlebot3_fake_node/environment/ament_prefix_path.sh
[7.474s] -- Symlinking: /home/alosa/clase/Ysolve-bot/install/turtlebot3_fake_node/share/turtlebot3_fake_node/environment/ament_prefix_path.dsv
[7.482s] -- Symlinking: /home/alosa/clase/Ysolve-bot/install/turtlebot3_fake_node/share/turtlebot3_fake_node/environment/path.sh
[7.491s] -- Symlinking: /home/alosa/clase/Ysolve-bot/install/turtlebot3_fake_node/share/turtlebot3_fake_node/environment/path.dsv
[7.499s] -- Symlinking: /home/alosa/clase/Ysolve-bot/install/turtlebot3_fake_node/share/turtlebot3_fake_node/local_setup.bash
[7.508s] -- Symlinking: /home/alosa/clase/Ysolve-bot/install/turtlebot3_fake_node/share/turtlebot3_fake_node/local_setup.sh
[7.516s] -- Symlinking: /home/alosa/clase/Ysolve-bot/install/turtlebot3_fake_node/share/turtlebot3_fake_node/local_setup.zsh
[7.524s] -- Symlinking: /home/alosa/clase/Ysolve-bot/install/turtlebot3_fake_node/share/turtlebot3_fake_node/local_setup.dsv
[7.532s] -- Symlinking: /home/alosa/clase/Ysolve-bot/install/turtlebot3_fake_node/share/turtlebot3_fake_node/package.dsv
[7.540s] -- Symlinking: /home/alosa/clase/Ysolve-bot/install/turtlebot3_fake_node/share/ament_index/resource_index/packages/turtlebot3_fake_node
[7.548s] -- Symlinking: /home/alosa/clase/Ysolve-bot/install/turtlebot3_fake_node/share/turtlebot3_fake_node/cmake/ament_cmake_export_include_directories-extras.cmake
[7.557s] -- Symlinking: /home/alosa/clase/Ysolve-bot/install/turtlebot3_fake_node/share/turtlebot3_fake_node/cmake/ament_cmake_export_dependencies-extras.cmake
[7.565s] -- Symlinking: /home/alosa/clase/Ysolve-bot/install/turtlebot3_fake_node/share/turtlebot3_fake_node/cmake/turtlebot3_fake_nodeConfig.cmake
[7.573s] -- Symlinking: /home/alosa/clase/Ysolve-bot/install/turtlebot3_fake_node/share/turtlebot3_fake_node/cmake/turtlebot3_fake_nodeConfig-version.cmake
[7.581s] -- Symlinking: /home/alosa/clase/Ysolve-bot/install/turtlebot3_fake_node/share/turtlebot3_fake_node/package.xml
[7.590s] Invoked command in '/home/alosa/clase/Ysolve-bot/build/turtlebot3_fake_node' returned '0': CMAKE_PREFIX_PATH=${CMAKE_PREFIX_PATH}:/opt/ros/foxy /usr/bin/cmake --install /home/alosa/clase/Ysolve-bot/build/turtlebot3_fake_node
