[0.095s] DEBUG:colcon:Command line arguments: ['/usr/bin/colcon', 'build', '--packages-select', 'my_world']
[0.095s] DEBUG:colcon:Parsed command line arguments: Namespace(allow_overriding=[], ament_cmake_args=None, base_paths=['.'], build_base='build', catkin_cmake_args=None, catkin_skip_building_tests=False, cmake_args=None, cmake_clean_cache=False, cmake_clean_first=False, cmake_force_configure=False, cmake_target=None, cmake_target_skip_unavailable=False, continue_on_error=False, event_handlers=None, executor='parallel', ignore_user_meta=False, install_base='install', log_base=None, log_level=None, main=<bound method BuildVerb.main of <colcon_core.verb.build.BuildVerb object at 0x7fda249530a0>>, merge_install=False, metas=['./colcon.meta'], packages_above=None, packages_above_and_dependencies=None, packages_above_depth=None, packages_end=None, packages_ignore=None, packages_ignore_regex=None, packages_select=['my_world'], packages_select_build_failed=False, packages_select_by_dep=None, packages_select_regex=None, packages_select_test_failures=False, packages_skip=None, packages_skip_build_finished=False, packages_skip_by_dep=None, packages_skip_regex=None, packages_skip_test_passed=False, packages_skip_up_to=None, packages_start=None, packages_up_to=None, packages_up_to_regex=None, parallel_workers=2, paths=None, symlink_install=False, test_result_base=None, verb_extension=<colcon_core.verb.build.BuildVerb object at 0x7fda249530a0>, verb_name='build', verb_parser=<colcon_defaults.argument_parser.defaults.DefaultArgumentsDecorator object at 0x7fda249535e0>)
[0.098s] Level 1:colcon.colcon_core.package_discovery:discover_packages(colcon_meta) check parameters
[0.098s] Level 1:colcon.colcon_core.package_discovery:discover_packages(recursive) check parameters
[0.098s] Level 1:colcon.colcon_core.package_discovery:discover_packages(ignore) check parameters
[0.098s] Level 1:colcon.colcon_core.package_discovery:discover_packages(path) check parameters
[0.098s] Level 1:colcon.colcon_core.package_discovery:discover_packages(colcon_meta) discover
[0.098s] Level 1:colcon.colcon_core.package_discovery:discover_packages(recursive) discover
[0.098s] INFO:colcon.colcon_core.package_discovery:Crawling recursively for packages in '/home/vagrant/Documents/GitHub/Ysolve-bot/Proyecto'
[0.098s] Level 1:colcon.colcon_core.package_identification:_identify(.) by extensions ['ignore', 'ignore_ament_install']
[0.099s] Level 1:colcon.colcon_core.package_identification:_identify(.) by extension 'ignore'
[0.099s] Level 1:colcon.colcon_core.package_identification:_identify(.) by extension 'ignore_ament_install'
[0.099s] Level 1:colcon.colcon_core.package_identification:_identify(.) by extensions ['colcon_pkg']
[0.099s] Level 1:colcon.colcon_core.package_identification:_identify(.) by extension 'colcon_pkg'
[0.099s] Level 1:colcon.colcon_core.package_identification:_identify(.) by extensions ['colcon_meta']
[0.099s] Level 1:colcon.colcon_core.package_identification:_identify(.) by extension 'colcon_meta'
[0.099s] Level 1:colcon.colcon_core.package_identification:_identify(.) by extensions ['ros']
[0.099s] Level 1:colcon.colcon_core.package_identification:_identify(.) by extension 'ros'
[0.107s] Level 1:colcon.colcon_core.package_identification:_identify(.) by extensions ['cmake', 'python']
[0.107s] Level 1:colcon.colcon_core.package_identification:_identify(.) by extension 'cmake'
[0.107s] Level 1:colcon.colcon_core.package_identification:_identify(.) by extension 'python'
[0.107s] Level 1:colcon.colcon_core.package_identification:_identify(.) by extensions ['python_setup_py']
[0.107s] Level 1:colcon.colcon_core.package_identification:_identify(.) by extension 'python_setup_py'
[0.107s] Level 1:colcon.colcon_core.package_identification:_identify(build) by extensions ['ignore', 'ignore_ament_install']
[0.107s] Level 1:colcon.colcon_core.package_identification:_identify(build) by extension 'ignore'
[0.107s] Level 1:colcon.colcon_core.package_identification:_identify(build) ignored
[0.107s] Level 1:colcon.colcon_core.package_identification:_identify(install) by extensions ['ignore', 'ignore_ament_install']
[0.107s] Level 1:colcon.colcon_core.package_identification:_identify(install) by extension 'ignore'
[0.107s] Level 1:colcon.colcon_core.package_identification:_identify(install) ignored
[0.107s] Level 1:colcon.colcon_core.package_identification:_identify(log) by extensions ['ignore', 'ignore_ament_install']
[0.107s] Level 1:colcon.colcon_core.package_identification:_identify(log) by extension 'ignore'
[0.107s] Level 1:colcon.colcon_core.package_identification:_identify(log) ignored
[0.107s] Level 1:colcon.colcon_core.package_identification:_identify(metapackage) by extensions ['ignore', 'ignore_ament_install']
[0.107s] Level 1:colcon.colcon_core.package_identification:_identify(metapackage) by extension 'ignore'
[0.107s] Level 1:colcon.colcon_core.package_identification:_identify(metapackage) by extension 'ignore_ament_install'
[0.107s] Level 1:colcon.colcon_core.package_identification:_identify(metapackage) by extensions ['colcon_pkg']
[0.107s] Level 1:colcon.colcon_core.package_identification:_identify(metapackage) by extension 'colcon_pkg'
[0.107s] Level 1:colcon.colcon_core.package_identification:_identify(metapackage) by extensions ['colcon_meta']
[0.107s] Level 1:colcon.colcon_core.package_identification:_identify(metapackage) by extension 'colcon_meta'
[0.107s] Level 1:colcon.colcon_core.package_identification:_identify(metapackage) by extensions ['ros']
[0.108s] Level 1:colcon.colcon_core.package_identification:_identify(metapackage) by extension 'ros'
[0.109s] DEBUG:colcon.colcon_core.package_identification:Package 'metapackage' with type 'ros.ament_cmake' and name 'Ysolve-bot'
[0.109s] Level 1:colcon.colcon_core.package_identification:_identify(my_nav2_system) by extensions ['ignore', 'ignore_ament_install']
[0.109s] Level 1:colcon.colcon_core.package_identification:_identify(my_nav2_system) by extension 'ignore'
[0.109s] Level 1:colcon.colcon_core.package_identification:_identify(my_nav2_system) by extension 'ignore_ament_install'
[0.109s] Level 1:colcon.colcon_core.package_identification:_identify(my_nav2_system) by extensions ['colcon_pkg']
[0.109s] Level 1:colcon.colcon_core.package_identification:_identify(my_nav2_system) by extension 'colcon_pkg'
[0.109s] Level 1:colcon.colcon_core.package_identification:_identify(my_nav2_system) by extensions ['colcon_meta']
[0.109s] Level 1:colcon.colcon_core.package_identification:_identify(my_nav2_system) by extension 'colcon_meta'
[0.109s] Level 1:colcon.colcon_core.package_identification:_identify(my_nav2_system) by extensions ['ros']
[0.109s] Level 1:colcon.colcon_core.package_identification:_identify(my_nav2_system) by extension 'ros'
[0.110s] DEBUG:colcon.colcon_core.package_identification:Package 'my_nav2_system' with type 'ros.ament_python' and name 'my_nav2_system'
[0.110s] Level 1:colcon.colcon_core.package_identification:_identify(my_slam) by extensions ['ignore', 'ignore_ament_install']
[0.110s] Level 1:colcon.colcon_core.package_identification:_identify(my_slam) by extension 'ignore'
[0.110s] Level 1:colcon.colcon_core.package_identification:_identify(my_slam) by extension 'ignore_ament_install'
[0.110s] Level 1:colcon.colcon_core.package_identification:_identify(my_slam) by extensions ['colcon_pkg']
[0.110s] Level 1:colcon.colcon_core.package_identification:_identify(my_slam) by extension 'colcon_pkg'
[0.110s] Level 1:colcon.colcon_core.package_identification:_identify(my_slam) by extensions ['colcon_meta']
[0.110s] Level 1:colcon.colcon_core.package_identification:_identify(my_slam) by extension 'colcon_meta'
[0.110s] Level 1:colcon.colcon_core.package_identification:_identify(my_slam) by extensions ['ros']
[0.110s] Level 1:colcon.colcon_core.package_identification:_identify(my_slam) by extension 'ros'
[0.111s] DEBUG:colcon.colcon_core.package_identification:Package 'my_slam' with type 'ros.ament_python' and name 'my_slam'
[0.111s] Level 1:colcon.colcon_core.package_identification:_identify(my_world) by extensions ['ignore', 'ignore_ament_install']
[0.111s] Level 1:colcon.colcon_core.package_identification:_identify(my_world) by extension 'ignore'
[0.111s] Level 1:colcon.colcon_core.package_identification:_identify(my_world) by extension 'ignore_ament_install'
[0.111s] Level 1:colcon.colcon_core.package_identification:_identify(my_world) by extensions ['colcon_pkg']
[0.111s] Level 1:colcon.colcon_core.package_identification:_identify(my_world) by extension 'colcon_pkg'
[0.111s] Level 1:colcon.colcon_core.package_identification:_identify(my_world) by extensions ['colcon_meta']
[0.111s] Level 1:colcon.colcon_core.package_identification:_identify(my_world) by extension 'colcon_meta'
[0.111s] Level 1:colcon.colcon_core.package_identification:_identify(my_world) by extensions ['ros']
[0.111s] Level 1:colcon.colcon_core.package_identification:_identify(my_world) by extension 'ros'
[0.111s] DEBUG:colcon.colcon_core.package_identification:Package 'my_world' with type 'ros.ament_cmake' and name 'my_world'
[0.111s] Level 1:colcon.colcon_core.package_discovery:discover_packages(recursive) using defaults
[0.111s] Level 1:colcon.colcon_core.package_discovery:discover_packages(ignore) discover
[0.111s] Level 1:colcon.colcon_core.package_discovery:discover_packages(ignore) using defaults
[0.112s] Level 1:colcon.colcon_core.package_discovery:discover_packages(path) discover
[0.112s] Level 1:colcon.colcon_core.package_discovery:discover_packages(path) using defaults
[0.124s] INFO:colcon.colcon_core.package_selection:Skipping not selected package 'my_nav2_system' in 'my_nav2_system'
[0.124s] INFO:colcon.colcon_core.package_selection:Skipping not selected package 'my_slam' in 'my_slam'
[0.124s] INFO:colcon.colcon_core.package_selection:Skipping not selected package 'Ysolve-bot' in 'metapackage'
[0.125s] Level 5:colcon.colcon_core.verb:set package 'my_world' build argument 'cmake_args' from command line to 'None'
[0.125s] Level 5:colcon.colcon_core.verb:set package 'my_world' build argument 'cmake_target' from command line to 'None'
[0.125s] Level 5:colcon.colcon_core.verb:set package 'my_world' build argument 'cmake_target_skip_unavailable' from command line to 'False'
[0.125s] Level 5:colcon.colcon_core.verb:set package 'my_world' build argument 'cmake_clean_cache' from command line to 'False'
[0.125s] Level 5:colcon.colcon_core.verb:set package 'my_world' build argument 'cmake_clean_first' from command line to 'False'
[0.125s] Level 5:colcon.colcon_core.verb:set package 'my_world' build argument 'cmake_force_configure' from command line to 'False'
[0.125s] Level 5:colcon.colcon_core.verb:set package 'my_world' build argument 'ament_cmake_args' from command line to 'None'
[0.125s] Level 5:colcon.colcon_core.verb:set package 'my_world' build argument 'catkin_cmake_args' from command line to 'None'
[0.125s] Level 5:colcon.colcon_core.verb:set package 'my_world' build argument 'catkin_skip_building_tests' from command line to 'False'
[0.125s] DEBUG:colcon.colcon_core.verb:Building package 'my_world' with the following arguments: {'ament_cmake_args': None, 'build_base': '/home/vagrant/Documents/GitHub/Ysolve-bot/Proyecto/build/my_world', 'catkin_cmake_args': None, 'catkin_skip_building_tests': False, 'cmake_args': None, 'cmake_clean_cache': False, 'cmake_clean_first': False, 'cmake_force_configure': False, 'cmake_target': None, 'cmake_target_skip_unavailable': False, 'install_base': '/home/vagrant/Documents/GitHub/Ysolve-bot/Proyecto/install/my_world', 'merge_install': False, 'path': '/home/vagrant/Documents/GitHub/Ysolve-bot/Proyecto/my_world', 'symlink_install': False, 'test_result_base': None}
[0.128s] WARNING:colcon.colcon_core.verb:Some selected packages are already built in one or more underlay workspaces:
	'my_world' is in: /home/vagrant/turtlebot3_ws/install/my_world
If a package in a merged underlay workspace is overridden and it installs headers, then all packages in the overlay must sort their include directories by workspace order. Failure to do so may result in build failures or undefined behavior at run time.
If the overridden package is used by another package in any underlay, then the overriding package in the overlay must be API and ABI compatible or undefined behavior at run time may occur.

If you understand the risks and want to override a package anyways, add the following to the command line:
	--allow-overriding my_world

This may be promoted to an error in a future release of colcon-core.
[0.128s] INFO:colcon.colcon_core.executor:Executing jobs using 'parallel' executor
[0.129s] DEBUG:colcon.colcon_parallel_executor.executor.parallel:run_until_complete
[0.130s] INFO:colcon.colcon_ros.task.ament_cmake.build:Building ROS package in '/home/vagrant/Documents/GitHub/Ysolve-bot/Proyecto/my_world' with build type 'ament_cmake'
[0.130s] INFO:colcon.colcon_cmake.task.cmake.build:Building CMake package in '/home/vagrant/Documents/GitHub/Ysolve-bot/Proyecto/my_world'
[0.134s] INFO:colcon.colcon_core.plugin_system:Skipping extension 'colcon_core.shell.bat': Not used on non-Windows systems
[0.134s] INFO:colcon.colcon_core.shell:Skip shell extension 'powershell' for command environment: Not usable outside of PowerShell
[0.134s] DEBUG:colcon.colcon_core.shell:Skip shell extension 'dsv' for command environment
[0.144s] DEBUG:colcon.colcon_core.event_handler.log_command:Invoking command in '/home/vagrant/Documents/GitHub/Ysolve-bot/Proyecto/build/my_world': CMAKE_PREFIX_PATH=${CMAKE_PREFIX_PATH}:/home/vagrant/turtlebot3_ws/install/show_msg:/home/vagrant/turtlebot3_ws/install/sbock_nav_route:/home/vagrant/turtlebot3_ws/install/my_nav2_system:/home/vagrant/turtlebot3_ws/install/my_first_subscriber:/home/vagrant/turtlebot3_ws/install/my_first_publisher:/opt/ros/foxy PS1=(rosenv) \[\e]0;\u@\h: \w\a\]${debian_chroot:+($debian_chroot)}\[\033[01;32m\]\u@\h\[\033[00m\]:\[\033[01;34m\]\w\[\033[00m\]\$ /usr/bin/cmake /home/vagrant/Documents/GitHub/Ysolve-bot/Proyecto/my_world -DCMAKE_INSTALL_PREFIX=/home/vagrant/Documents/GitHub/Ysolve-bot/Proyecto/install/my_world
[3.114s] DEBUG:colcon.colcon_core.event_handler.log_command:Invoked command in '/home/vagrant/Documents/GitHub/Ysolve-bot/Proyecto/build/my_world' returned '0': CMAKE_PREFIX_PATH=${CMAKE_PREFIX_PATH}:/home/vagrant/turtlebot3_ws/install/show_msg:/home/vagrant/turtlebot3_ws/install/sbock_nav_route:/home/vagrant/turtlebot3_ws/install/my_nav2_system:/home/vagrant/turtlebot3_ws/install/my_first_subscriber:/home/vagrant/turtlebot3_ws/install/my_first_publisher:/opt/ros/foxy PS1=(rosenv) \[\e]0;\u@\h: \w\a\]${debian_chroot:+($debian_chroot)}\[\033[01;32m\]\u@\h\[\033[00m\]:\[\033[01;34m\]\w\[\033[00m\]\$ /usr/bin/cmake /home/vagrant/Documents/GitHub/Ysolve-bot/Proyecto/my_world -DCMAKE_INSTALL_PREFIX=/home/vagrant/Documents/GitHub/Ysolve-bot/Proyecto/install/my_world
[3.117s] DEBUG:colcon.colcon_core.event_handler.log_command:Invoking command in '/home/vagrant/Documents/GitHub/Ysolve-bot/Proyecto/build/my_world': CMAKE_PREFIX_PATH=${CMAKE_PREFIX_PATH}:/home/vagrant/turtlebot3_ws/install/show_msg:/home/vagrant/turtlebot3_ws/install/sbock_nav_route:/home/vagrant/turtlebot3_ws/install/my_nav2_system:/home/vagrant/turtlebot3_ws/install/my_first_subscriber:/home/vagrant/turtlebot3_ws/install/my_first_publisher:/opt/ros/foxy PS1=(rosenv) \[\e]0;\u@\h: \w\a\]${debian_chroot:+($debian_chroot)}\[\033[01;32m\]\u@\h\[\033[00m\]:\[\033[01;34m\]\w\[\033[00m\]\$ /usr/bin/cmake --build /home/vagrant/Documents/GitHub/Ysolve-bot/Proyecto/build/my_world -- -j2 -l2
[8.366s] DEBUG:colcon.colcon_core.event_handler.log_command:Invoked command in '/home/vagrant/Documents/GitHub/Ysolve-bot/Proyecto/build/my_world' returned '0': CMAKE_PREFIX_PATH=${CMAKE_PREFIX_PATH}:/home/vagrant/turtlebot3_ws/install/show_msg:/home/vagrant/turtlebot3_ws/install/sbock_nav_route:/home/vagrant/turtlebot3_ws/install/my_nav2_system:/home/vagrant/turtlebot3_ws/install/my_first_subscriber:/home/vagrant/turtlebot3_ws/install/my_first_publisher:/opt/ros/foxy PS1=(rosenv) \[\e]0;\u@\h: \w\a\]${debian_chroot:+($debian_chroot)}\[\033[01;32m\]\u@\h\[\033[00m\]:\[\033[01;34m\]\w\[\033[00m\]\$ /usr/bin/cmake --build /home/vagrant/Documents/GitHub/Ysolve-bot/Proyecto/build/my_world -- -j2 -l2
[8.397s] DEBUG:colcon.colcon_core.event_handler.log_command:Invoking command in '/home/vagrant/Documents/GitHub/Ysolve-bot/Proyecto/build/my_world': CMAKE_PREFIX_PATH=${CMAKE_PREFIX_PATH}:/home/vagrant/turtlebot3_ws/install/show_msg:/home/vagrant/turtlebot3_ws/install/sbock_nav_route:/home/vagrant/turtlebot3_ws/install/my_nav2_system:/home/vagrant/turtlebot3_ws/install/my_first_subscriber:/home/vagrant/turtlebot3_ws/install/my_first_publisher:/opt/ros/foxy PS1=(rosenv) \[\e]0;\u@\h: \w\a\]${debian_chroot:+($debian_chroot)}\[\033[01;32m\]\u@\h\[\033[00m\]:\[\033[01;34m\]\w\[\033[00m\]\$ /usr/bin/cmake --install /home/vagrant/Documents/GitHub/Ysolve-bot/Proyecto/build/my_world
[8.422s] Level 1:colcon.colcon_core.environment:create_environment_scripts_only(my_world)
[8.424s] DEBUG:colcon.colcon_core.event_handler.log_command:Invoked command in '/home/vagrant/Documents/GitHub/Ysolve-bot/Proyecto/build/my_world' returned '0': CMAKE_PREFIX_PATH=${CMAKE_PREFIX_PATH}:/home/vagrant/turtlebot3_ws/install/show_msg:/home/vagrant/turtlebot3_ws/install/sbock_nav_route:/home/vagrant/turtlebot3_ws/install/my_nav2_system:/home/vagrant/turtlebot3_ws/install/my_first_subscriber:/home/vagrant/turtlebot3_ws/install/my_first_publisher:/opt/ros/foxy PS1=(rosenv) \[\e]0;\u@\h: \w\a\]${debian_chroot:+($debian_chroot)}\[\033[01;32m\]\u@\h\[\033[00m\]:\[\033[01;34m\]\w\[\033[00m\]\$ /usr/bin/cmake --install /home/vagrant/Documents/GitHub/Ysolve-bot/Proyecto/build/my_world
[8.426s] Level 1:colcon.colcon_core.environment:checking '/home/vagrant/Documents/GitHub/Ysolve-bot/Proyecto/install/my_world' for CMake module files
[8.426s] Level 1:colcon.colcon_core.environment:checking '/home/vagrant/Documents/GitHub/Ysolve-bot/Proyecto/install/my_world' for CMake config files
[8.427s] Level 1:colcon.colcon_core.shell:create_environment_hook('my_world', 'cmake_prefix_path')
[8.427s] INFO:colcon.colcon_core.shell:Creating environment hook '/home/vagrant/Documents/GitHub/Ysolve-bot/Proyecto/install/my_world/share/my_world/hook/cmake_prefix_path.ps1'
[8.427s] INFO:colcon.colcon_core.shell:Creating environment descriptor '/home/vagrant/Documents/GitHub/Ysolve-bot/Proyecto/install/my_world/share/my_world/hook/cmake_prefix_path.dsv'
[8.428s] INFO:colcon.colcon_core.shell:Creating environment hook '/home/vagrant/Documents/GitHub/Ysolve-bot/Proyecto/install/my_world/share/my_world/hook/cmake_prefix_path.sh'
[8.428s] Level 1:colcon.colcon_core.environment:checking '/home/vagrant/Documents/GitHub/Ysolve-bot/Proyecto/install/my_world/lib'
[8.428s] Level 1:colcon.colcon_core.environment:checking '/home/vagrant/Documents/GitHub/Ysolve-bot/Proyecto/install/my_world/bin'
[8.428s] Level 1:colcon.colcon_core.environment:checking '/home/vagrant/Documents/GitHub/Ysolve-bot/Proyecto/install/my_world/lib/pkgconfig/my_world.pc'
[8.428s] Level 1:colcon.colcon_core.environment:checking '/home/vagrant/Documents/GitHub/Ysolve-bot/Proyecto/install/my_world/lib/python3.8/site-packages'
[8.429s] INFO:colcon.colcon_core.shell:Creating package script '/home/vagrant/Documents/GitHub/Ysolve-bot/Proyecto/install/my_world/share/my_world/package.ps1'
[8.429s] INFO:colcon.colcon_core.shell:Creating package descriptor '/home/vagrant/Documents/GitHub/Ysolve-bot/Proyecto/install/my_world/share/my_world/package.dsv'
[8.430s] INFO:colcon.colcon_core.shell:Creating package script '/home/vagrant/Documents/GitHub/Ysolve-bot/Proyecto/install/my_world/share/my_world/package.sh'
[8.430s] INFO:colcon.colcon_core.shell:Creating package script '/home/vagrant/Documents/GitHub/Ysolve-bot/Proyecto/install/my_world/share/my_world/package.bash'
[8.431s] INFO:colcon.colcon_core.shell:Creating package script '/home/vagrant/Documents/GitHub/Ysolve-bot/Proyecto/install/my_world/share/my_world/package.zsh'
[8.431s] Level 1:colcon.colcon_core.environment:create_file_with_runtime_dependencies(/home/vagrant/Documents/GitHub/Ysolve-bot/Proyecto/install/my_world/share/colcon-core/packages/my_world)
[8.451s] Level 1:colcon.colcon_core.environment:create_environment_scripts_only(my_world)
[8.452s] Level 1:colcon.colcon_core.environment:checking '/home/vagrant/Documents/GitHub/Ysolve-bot/Proyecto/install/my_world' for CMake module files
[8.452s] Level 1:colcon.colcon_core.environment:checking '/home/vagrant/Documents/GitHub/Ysolve-bot/Proyecto/install/my_world' for CMake config files
[8.453s] Level 1:colcon.colcon_core.shell:create_environment_hook('my_world', 'cmake_prefix_path')
[8.453s] INFO:colcon.colcon_core.shell:Creating environment hook '/home/vagrant/Documents/GitHub/Ysolve-bot/Proyecto/install/my_world/share/my_world/hook/cmake_prefix_path.ps1'
[8.454s] INFO:colcon.colcon_core.shell:Creating environment descriptor '/home/vagrant/Documents/GitHub/Ysolve-bot/Proyecto/install/my_world/share/my_world/hook/cmake_prefix_path.dsv'
[8.454s] INFO:colcon.colcon_core.shell:Creating environment hook '/home/vagrant/Documents/GitHub/Ysolve-bot/Proyecto/install/my_world/share/my_world/hook/cmake_prefix_path.sh'
[8.454s] Level 1:colcon.colcon_core.environment:checking '/home/vagrant/Documents/GitHub/Ysolve-bot/Proyecto/install/my_world/lib'
[8.455s] Level 1:colcon.colcon_core.environment:checking '/home/vagrant/Documents/GitHub/Ysolve-bot/Proyecto/install/my_world/bin'
[8.455s] Level 1:colcon.colcon_core.environment:checking '/home/vagrant/Documents/GitHub/Ysolve-bot/Proyecto/install/my_world/lib/pkgconfig/my_world.pc'
[8.455s] Level 1:colcon.colcon_core.environment:checking '/home/vagrant/Documents/GitHub/Ysolve-bot/Proyecto/install/my_world/lib/python3.8/site-packages'
[8.455s] INFO:colcon.colcon_core.shell:Creating package script '/home/vagrant/Documents/GitHub/Ysolve-bot/Proyecto/install/my_world/share/my_world/package.ps1'
[8.455s] INFO:colcon.colcon_core.shell:Creating package descriptor '/home/vagrant/Documents/GitHub/Ysolve-bot/Proyecto/install/my_world/share/my_world/package.dsv'
[8.456s] INFO:colcon.colcon_core.shell:Creating package script '/home/vagrant/Documents/GitHub/Ysolve-bot/Proyecto/install/my_world/share/my_world/package.sh'
[8.456s] INFO:colcon.colcon_core.shell:Creating package script '/home/vagrant/Documents/GitHub/Ysolve-bot/Proyecto/install/my_world/share/my_world/package.bash'
[8.456s] INFO:colcon.colcon_core.shell:Creating package script '/home/vagrant/Documents/GitHub/Ysolve-bot/Proyecto/install/my_world/share/my_world/package.zsh'
[8.457s] Level 1:colcon.colcon_core.environment:create_file_with_runtime_dependencies(/home/vagrant/Documents/GitHub/Ysolve-bot/Proyecto/install/my_world/share/colcon-core/packages/my_world)
[8.457s] DEBUG:colcon.colcon_parallel_executor.executor.parallel:closing loop
[8.457s] DEBUG:colcon.colcon_parallel_executor.executor.parallel:loop closed
[8.458s] DEBUG:colcon.colcon_parallel_executor.executor.parallel:run_until_complete finished with '0'
[8.458s] DEBUG:colcon.colcon_core.event_reactor:joining thread
[8.462s] INFO:colcon.colcon_core.plugin_system:Skipping extension 'colcon_notification.desktop_notification.terminal_notifier': Not used on non-Darwin systems
[8.462s] INFO:colcon.colcon_core.plugin_system:Skipping extension 'colcon_notification.desktop_notification.win32': Not used on non-Windows systems
[8.462s] INFO:colcon.colcon_notification.desktop_notification:Sending desktop notification using 'notify2'
[8.476s] DEBUG:colcon.colcon_core.event_reactor:joined thread
[8.476s] INFO:colcon.colcon_core.shell:Creating prefix script '/home/vagrant/Documents/GitHub/Ysolve-bot/Proyecto/install/local_setup.ps1'
[8.477s] INFO:colcon.colcon_core.shell:Creating prefix util module '/home/vagrant/Documents/GitHub/Ysolve-bot/Proyecto/install/_local_setup_util_ps1.py'
[8.478s] INFO:colcon.colcon_core.shell:Creating prefix chain script '/home/vagrant/Documents/GitHub/Ysolve-bot/Proyecto/install/setup.ps1'
[8.479s] INFO:colcon.colcon_core.shell:Creating prefix script '/home/vagrant/Documents/GitHub/Ysolve-bot/Proyecto/install/local_setup.sh'
[8.479s] INFO:colcon.colcon_core.shell:Creating prefix util module '/home/vagrant/Documents/GitHub/Ysolve-bot/Proyecto/install/_local_setup_util_sh.py'
[8.479s] INFO:colcon.colcon_core.shell:Creating prefix chain script '/home/vagrant/Documents/GitHub/Ysolve-bot/Proyecto/install/setup.sh'
[8.480s] INFO:colcon.colcon_core.shell:Creating prefix script '/home/vagrant/Documents/GitHub/Ysolve-bot/Proyecto/install/local_setup.bash'
[8.481s] INFO:colcon.colcon_core.shell:Creating prefix chain script '/home/vagrant/Documents/GitHub/Ysolve-bot/Proyecto/install/setup.bash'
[8.482s] INFO:colcon.colcon_core.shell:Creating prefix script '/home/vagrant/Documents/GitHub/Ysolve-bot/Proyecto/install/local_setup.zsh'
[8.482s] INFO:colcon.colcon_core.shell:Creating prefix chain script '/home/vagrant/Documents/GitHub/Ysolve-bot/Proyecto/install/setup.zsh'
