[0.010s] Invoking command in '/home/vagrant/Documents/GitHub/Ysolve-bot/Proyecto/build/my_world': CMAKE_PREFIX_PATH=${CMAKE_PREFIX_PATH}:/home/vagrant/turtlebot3_ws/install/show_msg:/home/vagrant/turtlebot3_ws/install/sbock_nav_route:/home/vagrant/turtlebot3_ws/install/my_nav2_system:/home/vagrant/turtlebot3_ws/install/my_first_subscriber:/home/vagrant/turtlebot3_ws/install/my_first_publisher:/opt/ros/foxy PS1=(rosenv) \[\e]0;\u@\h: \w\a\]${debian_chroot:+($debian_chroot)}\[\033[01;32m\]\u@\h\[\033[00m\]:\[\033[01;34m\]\w\[\033[00m\]\$ /usr/bin/cmake /home/vagrant/Documents/GitHub/Ysolve-bot/Proyecto/my_world -DCMAKE_INSTALL_PREFIX=/home/vagrant/Documents/GitHub/Ysolve-bot/Proyecto/install/my_world
[0.254s] -- The C compiler identification is GNU 9.4.0
[0.413s] -- The CXX compiler identification is GNU 9.4.0
[0.426s] -- Check for working C compiler: /usr/bin/cc
[0.479s] -- Check for working C compiler: /usr/bin/cc -- works
[0.482s] -- Detecting C compiler ABI info
[0.532s] -- Detecting C compiler ABI info - done
[0.541s] -- Detecting C compile features
[0.542s] -- Detecting C compile features - done
[0.546s] -- Check for working CXX compiler: /usr/bin/c++
[0.601s] -- Check for working CXX compiler: /usr/bin/c++ -- works
[0.602s] -- Detecting CXX compiler ABI info
[0.659s] -- Detecting CXX compiler ABI info - done
[0.667s] -- Detecting CXX compile features
[0.667s] -- Detecting CXX compile features - done
[0.678s] -- Found ament_cmake: 0.9.9 (/opt/ros/foxy/share/ament_cmake/cmake)
[0.712s] -- Found PythonInterp: /home/vagrant/virtualenvs/rosenv/bin/python3 (found suitable version "3.8.10", minimum required is "3") 
[0.712s] -- Using PYTHON_EXECUTABLE: /home/vagrant/virtualenvs/rosenv/bin/python3
[0.893s] -- Found PkgConfig: /usr/bin/pkg-config (found version "0.29.1") 
[0.897s] -- Checking for module 'bullet>=2.82'
[0.918s] --   Found bullet, version 2.88
[1.038s] -- Found ccd: /usr/include (found suitable version "2.0", minimum required is "2.0") 
[1.084s] -- Found fcl: /usr/include (found suitable version "0.5.0", minimum required is "0.3.2") 
[1.131s] -- Found assimp: /usr/include (found version "5.0.0") 
[1.186s] -- Found DART: /usr/include (Required is at least version "6.6") found components: dart 
[1.443s] -- Found Boost: /usr/lib/x86_64-linux-gnu/cmake/Boost-1.71.0/BoostConfig.cmake (found suitable version "1.71.0", minimum required is "1.40.0") found components: thread system filesystem program_options regex iostreams date_time 
[1.477s] -- Found Protobuf: /usr/lib/x86_64-linux-gnu/libprotobuf.so;-lpthread (found version "3.6.1") 
[1.485s] -- Looking for ignition-math6 -- found version 6.9.2
[1.496s] -- Searching for dependencies of ignition-math6
[1.500s] -- Looking for OGRE...
[1.501s] -- OGRE_PREFIX_WATCH changed.
[1.505s] -- Checking for module 'OGRE'
[1.515s] --   Found OGRE, version 1.9.0
[1.545s] -- Found Ogre Ghadamon (1.9.0)
[1.552s] -- Found OGRE: optimized;/usr/lib/x86_64-linux-gnu/libOgreMain.so;debug;/usr/lib/x86_64-linux-gnu/libOgreMain.so
[1.560s] -- Looking for OGRE_Paging...
[1.567s] -- Found OGRE_Paging: optimized;/usr/lib/x86_64-linux-gnu/libOgrePaging.so;debug;/usr/lib/x86_64-linux-gnu/libOgrePaging.so
[1.567s] -- Looking for OGRE_Terrain...
[1.573s] -- Found OGRE_Terrain: optimized;/usr/lib/x86_64-linux-gnu/libOgreTerrain.so;debug;/usr/lib/x86_64-linux-gnu/libOgreTerrain.so
[1.573s] -- Looking for OGRE_Property...
[1.578s] -- Found OGRE_Property: optimized;/usr/lib/x86_64-linux-gnu/libOgreProperty.so;debug;/usr/lib/x86_64-linux-gnu/libOgreProperty.so
[1.578s] -- Looking for OGRE_RTShaderSystem...
[1.584s] -- Found OGRE_RTShaderSystem: optimized;/usr/lib/x86_64-linux-gnu/libOgreRTShaderSystem.so;debug;/usr/lib/x86_64-linux-gnu/libOgreRTShaderSystem.so
[1.584s] -- Looking for OGRE_Volume...
[1.591s] -- Found OGRE_Volume: optimized;/usr/lib/x86_64-linux-gnu/libOgreVolume.so;debug;/usr/lib/x86_64-linux-gnu/libOgreVolume.so
[1.591s] -- Looking for OGRE_Overlay...
[1.596s] -- Found OGRE_Overlay: optimized;/usr/lib/x86_64-linux-gnu/libOgreOverlay.so;debug;/usr/lib/x86_64-linux-gnu/libOgreOverlay.so
[1.698s] -- Looking for ignition-math6 -- found version 6.9.2
[1.702s] -- Looking for ignition-transport8 -- found version 8.2.1
[1.702s] -- Searching for dependencies of ignition-transport8
[1.720s] -- Found Protobuf: /usr/lib/x86_64-linux-gnu/libprotobuf.so;-lpthread (found suitable version "3.6.1", minimum required is "3") 
[1.730s] -- Config-file not installed for ZeroMQ -- checking for pkg-config
[1.734s] -- Checking for module 'libzmq >= 4'
[1.750s] --   Found libzmq , version 4.3.2
[1.781s] -- Found ZeroMQ: TRUE (Required is at least version "4") 
[1.787s] -- Checking for module 'uuid'
[1.800s] --   Found uuid, version 2.34.0
[1.828s] -- Found UUID: TRUE  
[1.833s] -- Looking for ignition-msgs5 -- found version 5.8.1
[1.833s] -- Searching for dependencies of ignition-msgs5
[1.850s] -- Looking for ignition-math6 -- found version 6.9.2
[1.855s] -- Checking for module 'tinyxml2'
[1.867s] --   Found tinyxml2, version 6.2.0
[1.899s] -- Looking for ignition-msgs5 -- found version 5.8.1
[1.904s] -- Looking for ignition-common3 -- found version 3.14.0
[1.905s] -- Searching for dependencies of ignition-common3
[1.906s] -- Looking for dlfcn.h - found
[1.907s] -- Looking for libdl - found
[1.908s] -- Found DL: TRUE  
[1.915s] -- Searching for <ignition-common3> component [graphics]
[1.919s] -- Looking for ignition-common3-graphics -- found version 3.14.0
[1.919s] -- Searching for dependencies of ignition-common3-graphics
[1.919s] -- Looking for ignition-math6 -- found version 6.9.2
[1.926s] -- Looking for ignition-fuel_tools4 -- found version 4.4.0
[1.926s] -- Searching for dependencies of ignition-fuel_tools4
[1.983s] -- Found CURL: /usr/lib/x86_64-linux-gnu/libcurl.so (found version "7.68.0")  
[1.994s] -- Checking for module 'jsoncpp'
[2.006s] --   Found jsoncpp, version 1.7.4
[2.034s] -- Found JSONCPP: TRUE  
[2.045s] -- Checking for module 'libzip'
[2.056s] --   Found libzip, version 1.5.1
[2.083s] -- Found ZIP: TRUE  
[2.084s] -- Looking for ignition-common3 -- found version 3.14.0
[2.084s] -- Looking for ignition-math6 -- found version 6.9.2
[2.084s] -- Looking for ignition-msgs5 -- found version 5.8.1
[2.091s] -- Found gazebo_ros_pkgs: 3.5.3 (/opt/ros/foxy/share/gazebo_ros_pkgs/cmake)
[2.096s] -- Found geometry_msgs: 2.0.4 (/opt/ros/foxy/share/geometry_msgs/cmake)
[2.143s] -- Using all available rosidl_typesupport_c: rosidl_typesupport_fastrtps_c;rosidl_typesupport_introspection_c
[2.155s] -- Found rosidl_adapter: 1.2.1 (/opt/ros/foxy/share/rosidl_adapter/cmake)
[2.241s] -- Found OpenSSL: /usr/lib/x86_64-linux-gnu/libcrypto.so (found version "1.1.1f")  
[2.267s] -- Found FastRTPS: /opt/ros/foxy/include  
[2.358s] -- Using all available rosidl_typesupport_cpp: rosidl_typesupport_fastrtps_cpp;rosidl_typesupport_introspection_cpp
[2.455s] -- Found nav_msgs: 2.0.4 (/opt/ros/foxy/share/nav_msgs/cmake)
[2.525s] -- Found rclcpp: 2.4.0 (/opt/ros/foxy/share/rclcpp/cmake)
[2.587s] -- Found rmw_implementation_cmake: 1.0.3 (/opt/ros/foxy/share/rmw_implementation_cmake/cmake)
[2.590s] -- Using RMW implementation 'rmw_fastrtps_cpp' as default
[2.592s] -- Found Threads: TRUE  
[2.740s] -- Found sensor_msgs: 2.0.4 (/opt/ros/foxy/share/sensor_msgs/cmake)
[2.809s] -- Found tf2: 0.13.12 (/opt/ros/foxy/share/tf2/cmake)
[2.823s] -- Found turtlebot3_gazebo: 2.2.3 (/home/vagrant/turtlebot3_ws/install/turtlebot3_gazebo/share/turtlebot3_gazebo/cmake)
[2.963s] -- Configuring done
[2.970s] -- Generating done
[2.973s] -- Build files have been written to: /home/vagrant/Documents/GitHub/Ysolve-bot/Proyecto/build/my_world
[2.980s] Invoked command in '/home/vagrant/Documents/GitHub/Ysolve-bot/Proyecto/build/my_world' returned '0': CMAKE_PREFIX_PATH=${CMAKE_PREFIX_PATH}:/home/vagrant/turtlebot3_ws/install/show_msg:/home/vagrant/turtlebot3_ws/install/sbock_nav_route:/home/vagrant/turtlebot3_ws/install/my_nav2_system:/home/vagrant/turtlebot3_ws/install/my_first_subscriber:/home/vagrant/turtlebot3_ws/install/my_first_publisher:/opt/ros/foxy PS1=(rosenv) \[\e]0;\u@\h: \w\a\]${debian_chroot:+($debian_chroot)}\[\033[01;32m\]\u@\h\[\033[00m\]:\[\033[01;34m\]\w\[\033[00m\]\$ /usr/bin/cmake /home/vagrant/Documents/GitHub/Ysolve-bot/Proyecto/my_world -DCMAKE_INSTALL_PREFIX=/home/vagrant/Documents/GitHub/Ysolve-bot/Proyecto/install/my_world
[2.983s] Invoking command in '/home/vagrant/Documents/GitHub/Ysolve-bot/Proyecto/build/my_world': CMAKE_PREFIX_PATH=${CMAKE_PREFIX_PATH}:/home/vagrant/turtlebot3_ws/install/show_msg:/home/vagrant/turtlebot3_ws/install/sbock_nav_route:/home/vagrant/turtlebot3_ws/install/my_nav2_system:/home/vagrant/turtlebot3_ws/install/my_first_subscriber:/home/vagrant/turtlebot3_ws/install/my_first_publisher:/opt/ros/foxy PS1=(rosenv) \[\e]0;\u@\h: \w\a\]${debian_chroot:+($debian_chroot)}\[\033[01;32m\]\u@\h\[\033[00m\]:\[\033[01;34m\]\w\[\033[00m\]\$ /usr/bin/cmake --build /home/vagrant/Documents/GitHub/Ysolve-bot/Proyecto/build/my_world -- -j2 -l2
[3.013s] [35m[1mScanning dependencies of target turtlebot3_drive[0m
[3.191s] [ 50%] [32mBuilding CXX object CMakeFiles/turtlebot3_drive.dir/src/turtlebot3_drive.cpp.o[0m
[7.949s] [100%] [32m[1mLinking CXX executable turtlebot3_drive[0m
[8.225s] [100%] Built target turtlebot3_drive
[8.233s] Invoked command in '/home/vagrant/Documents/GitHub/Ysolve-bot/Proyecto/build/my_world' returned '0': CMAKE_PREFIX_PATH=${CMAKE_PREFIX_PATH}:/home/vagrant/turtlebot3_ws/install/show_msg:/home/vagrant/turtlebot3_ws/install/sbock_nav_route:/home/vagrant/turtlebot3_ws/install/my_nav2_system:/home/vagrant/turtlebot3_ws/install/my_first_subscriber:/home/vagrant/turtlebot3_ws/install/my_first_publisher:/opt/ros/foxy PS1=(rosenv) \[\e]0;\u@\h: \w\a\]${debian_chroot:+($debian_chroot)}\[\033[01;32m\]\u@\h\[\033[00m\]:\[\033[01;34m\]\w\[\033[00m\]\$ /usr/bin/cmake --build /home/vagrant/Documents/GitHub/Ysolve-bot/Proyecto/build/my_world -- -j2 -l2
[8.264s] Invoking command in '/home/vagrant/Documents/GitHub/Ysolve-bot/Proyecto/build/my_world': CMAKE_PREFIX_PATH=${CMAKE_PREFIX_PATH}:/home/vagrant/turtlebot3_ws/install/show_msg:/home/vagrant/turtlebot3_ws/install/sbock_nav_route:/home/vagrant/turtlebot3_ws/install/my_nav2_system:/home/vagrant/turtlebot3_ws/install/my_first_subscriber:/home/vagrant/turtlebot3_ws/install/my_first_publisher:/opt/ros/foxy PS1=(rosenv) \[\e]0;\u@\h: \w\a\]${debian_chroot:+($debian_chroot)}\[\033[01;32m\]\u@\h\[\033[00m\]:\[\033[01;34m\]\w\[\033[00m\]\$ /usr/bin/cmake --install /home/vagrant/Documents/GitHub/Ysolve-bot/Proyecto/build/my_world
[8.270s] -- Install configuration: ""
[8.270s] -- Installing: /home/vagrant/Documents/GitHub/Ysolve-bot/Proyecto/install/my_world/lib/my_world/turtlebot3_drive
[8.273s] -- Set runtime path of "/home/vagrant/Documents/GitHub/Ysolve-bot/Proyecto/install/my_world/lib/my_world/turtlebot3_drive" to ""
[8.273s] -- Installing: /home/vagrant/Documents/GitHub/Ysolve-bot/Proyecto/install/my_world/share/my_world//launch
[8.273s] -- Installing: /home/vagrant/Documents/GitHub/Ysolve-bot/Proyecto/install/my_world/share/my_world//launch/turtlebot3_my_world.launch.py
[8.274s] -- Installing: /home/vagrant/Documents/GitHub/Ysolve-bot/Proyecto/install/my_world/share/my_world//models
[8.274s] -- Installing: /home/vagrant/Documents/GitHub/Ysolve-bot/Proyecto/install/my_world/share/my_world//models/turtlebot3_burger
[8.274s] -- Installing: /home/vagrant/Documents/GitHub/Ysolve-bot/Proyecto/install/my_world/share/my_world//models/turtlebot3_burger/meshes
[8.274s] -- Installing: /home/vagrant/Documents/GitHub/Ysolve-bot/Proyecto/install/my_world/share/my_world//models/turtlebot3_burger/meshes/lds.dae
[8.276s] -- Installing: /home/vagrant/Documents/GitHub/Ysolve-bot/Proyecto/install/my_world/share/my_world//models/turtlebot3_burger/meshes/tire.dae
[8.277s] -- Installing: /home/vagrant/Documents/GitHub/Ysolve-bot/Proyecto/install/my_world/share/my_world//models/turtlebot3_burger/meshes/burger_base.dae
[8.278s] -- Installing: /home/vagrant/Documents/GitHub/Ysolve-bot/Proyecto/install/my_world/share/my_world//models/turtlebot3_burger/model.sdf
[8.279s] -- Installing: /home/vagrant/Documents/GitHub/Ysolve-bot/Proyecto/install/my_world/share/my_world//models/turtlebot3_burger/model-1_4.sdf
[8.280s] -- Installing: /home/vagrant/Documents/GitHub/Ysolve-bot/Proyecto/install/my_world/share/my_world//models/turtlebot3_burger/model.config
[8.281s] -- Installing: /home/vagrant/Documents/GitHub/Ysolve-bot/Proyecto/install/my_world/share/my_world//models/my_world
[8.281s] -- Installing: /home/vagrant/Documents/GitHub/Ysolve-bot/Proyecto/install/my_world/share/my_world//models/my_world/model.sdf
[8.282s] -- Installing: /home/vagrant/Documents/GitHub/Ysolve-bot/Proyecto/install/my_world/share/my_world//models/my_world/model.config
[8.283s] -- Installing: /home/vagrant/Documents/GitHub/Ysolve-bot/Proyecto/install/my_world/share/my_world//world
[8.283s] -- Installing: /home/vagrant/Documents/GitHub/Ysolve-bot/Proyecto/install/my_world/share/my_world//world/burger.model
[8.284s] -- Installing: /home/vagrant/Documents/GitHub/Ysolve-bot/Proyecto/install/my_world/include/
[8.284s] -- Installing: /home/vagrant/Documents/GitHub/Ysolve-bot/Proyecto/install/my_world/include//my_world
[8.284s] -- Installing: /home/vagrant/Documents/GitHub/Ysolve-bot/Proyecto/install/my_world/share/ament_index/resource_index/package_run_dependencies/my_world
[8.284s] -- Installing: /home/vagrant/Documents/GitHub/Ysolve-bot/Proyecto/install/my_world/share/ament_index/resource_index/parent_prefix_path/my_world
[8.285s] -- Installing: /home/vagrant/Documents/GitHub/Ysolve-bot/Proyecto/install/my_world/share/my_world/environment/ament_prefix_path.sh
[8.285s] -- Installing: /home/vagrant/Documents/GitHub/Ysolve-bot/Proyecto/install/my_world/share/my_world/environment/ament_prefix_path.dsv
[8.285s] -- Installing: /home/vagrant/Documents/GitHub/Ysolve-bot/Proyecto/install/my_world/share/my_world/environment/path.sh
[8.285s] -- Installing: /home/vagrant/Documents/GitHub/Ysolve-bot/Proyecto/install/my_world/share/my_world/environment/path.dsv
[8.285s] -- Installing: /home/vagrant/Documents/GitHub/Ysolve-bot/Proyecto/install/my_world/share/my_world/local_setup.bash
[8.286s] -- Installing: /home/vagrant/Documents/GitHub/Ysolve-bot/Proyecto/install/my_world/share/my_world/local_setup.sh
[8.286s] -- Installing: /home/vagrant/Documents/GitHub/Ysolve-bot/Proyecto/install/my_world/share/my_world/local_setup.zsh
[8.286s] -- Installing: /home/vagrant/Documents/GitHub/Ysolve-bot/Proyecto/install/my_world/share/my_world/local_setup.dsv
[8.286s] -- Installing: /home/vagrant/Documents/GitHub/Ysolve-bot/Proyecto/install/my_world/share/my_world/package.dsv
[8.286s] -- Installing: /home/vagrant/Documents/GitHub/Ysolve-bot/Proyecto/install/my_world/share/ament_index/resource_index/packages/my_world
[8.286s] -- Installing: /home/vagrant/Documents/GitHub/Ysolve-bot/Proyecto/install/my_world/share/my_world/cmake/ament_cmake_export_include_directories-extras.cmake
[8.287s] -- Installing: /home/vagrant/Documents/GitHub/Ysolve-bot/Proyecto/install/my_world/share/my_world/cmake/ament_cmake_export_dependencies-extras.cmake
[8.287s] -- Installing: /home/vagrant/Documents/GitHub/Ysolve-bot/Proyecto/install/my_world/share/my_world/cmake/my_worldConfig.cmake
[8.287s] -- Installing: /home/vagrant/Documents/GitHub/Ysolve-bot/Proyecto/install/my_world/share/my_world/cmake/my_worldConfig-version.cmake
[8.287s] -- Installing: /home/vagrant/Documents/GitHub/Ysolve-bot/Proyecto/install/my_world/share/my_world/package.xml
[8.290s] Invoked command in '/home/vagrant/Documents/GitHub/Ysolve-bot/Proyecto/build/my_world' returned '0': CMAKE_PREFIX_PATH=${CMAKE_PREFIX_PATH}:/home/vagrant/turtlebot3_ws/install/show_msg:/home/vagrant/turtlebot3_ws/install/sbock_nav_route:/home/vagrant/turtlebot3_ws/install/my_nav2_system:/home/vagrant/turtlebot3_ws/install/my_first_subscriber:/home/vagrant/turtlebot3_ws/install/my_first_publisher:/opt/ros/foxy PS1=(rosenv) \[\e]0;\u@\h: \w\a\]${debian_chroot:+($debian_chroot)}\[\033[01;32m\]\u@\h\[\033[00m\]:\[\033[01;34m\]\w\[\033[00m\]\$ /usr/bin/cmake --install /home/vagrant/Documents/GitHub/Ysolve-bot/Proyecto/build/my_world
