[0.145s] DEBUG:colcon:Command line arguments: ['/usr/bin/colcon', 'build', '--packages-select', 'ysolve_bot_subscriber/']
[0.148s] DEBUG:colcon:Parsed command line arguments: Namespace(allow_overriding=[], ament_cmake_args=None, base_paths=['.'], build_base='build', catkin_cmake_args=None, catkin_skip_building_tests=False, cmake_args=None, cmake_clean_cache=False, cmake_clean_first=False, cmake_force_configure=False, cmake_target=None, cmake_target_skip_unavailable=False, continue_on_error=False, event_handlers=None, executor='parallel', ignore_user_meta=False, install_base='install', log_base=None, log_level=None, main=<bound method BuildVerb.main of <colcon_core.verb.build.BuildVerb object at 0x7f8668d985b0>>, merge_install=False, metas=['./colcon.meta'], packages_above=None, packages_above_and_dependencies=None, packages_above_depth=None, packages_end=None, packages_ignore=None, packages_ignore_regex=None, packages_select=['ysolve_bot_subscriber/'], packages_select_build_failed=False, packages_select_by_dep=None, packages_select_regex=None, packages_select_test_failures=False, packages_skip=None, packages_skip_build_finished=False, packages_skip_by_dep=None, packages_skip_regex=None, packages_skip_test_passed=False, packages_skip_up_to=None, packages_start=None, packages_up_to=None, packages_up_to_regex=None, parallel_workers=1, paths=None, symlink_install=False, test_result_base=None, verb_extension=<colcon_core.verb.build.BuildVerb object at 0x7f8668d985b0>, verb_name='build', verb_parser=<colcon_defaults.argument_parser.defaults.DefaultArgumentsDecorator object at 0x7f8668d98af0>)
[0.152s] Level 1:colcon.colcon_core.package_discovery:discover_packages(colcon_meta) check parameters
[0.155s] Level 1:colcon.colcon_core.package_discovery:discover_packages(recursive) check parameters
[0.159s] Level 1:colcon.colcon_core.package_discovery:discover_packages(ignore) check parameters
[0.159s] Level 1:colcon.colcon_core.package_discovery:discover_packages(path) check parameters
[0.159s] Level 1:colcon.colcon_core.package_discovery:discover_packages(colcon_meta) discover
[0.160s] Level 1:colcon.colcon_core.package_discovery:discover_packages(recursive) discover
[0.160s] INFO:colcon.colcon_core.package_discovery:Crawling recursively for packages in '/home/raul/Escritorio/Ysolve_bot_mai/ysolve/src/ysolve_bot'
[0.160s] Level 1:colcon.colcon_core.package_identification:_identify(.) by extensions ['ignore', 'ignore_ament_install']
[0.160s] Level 1:colcon.colcon_core.package_identification:_identify(.) by extension 'ignore'
[0.160s] Level 1:colcon.colcon_core.package_identification:_identify(.) by extension 'ignore_ament_install'
[0.161s] Level 1:colcon.colcon_core.package_identification:_identify(.) by extensions ['colcon_pkg']
[0.164s] Level 1:colcon.colcon_core.package_identification:_identify(.) by extension 'colcon_pkg'
[0.164s] Level 1:colcon.colcon_core.package_identification:_identify(.) by extensions ['colcon_meta']
[0.164s] Level 1:colcon.colcon_core.package_identification:_identify(.) by extension 'colcon_meta'
[0.164s] Level 1:colcon.colcon_core.package_identification:_identify(.) by extensions ['ros']
[0.164s] Level 1:colcon.colcon_core.package_identification:_identify(.) by extension 'ros'
[0.186s] Level 1:colcon.colcon_core.package_identification:_identify(.) by extensions ['cmake', 'python']
[0.191s] Level 1:colcon.colcon_core.package_identification:_identify(.) by extension 'cmake'
[0.191s] Level 1:colcon.colcon_core.package_identification:_identify(.) by extension 'python'
[0.191s] Level 1:colcon.colcon_core.package_identification:_identify(.) by extensions ['python_setup_py']
[0.191s] Level 1:colcon.colcon_core.package_identification:_identify(.) by extension 'python_setup_py'
[0.191s] Level 1:colcon.colcon_core.package_identification:_identify(build) by extensions ['ignore', 'ignore_ament_install']
[0.191s] Level 1:colcon.colcon_core.package_identification:_identify(build) by extension 'ignore'
[0.191s] Level 1:colcon.colcon_core.package_identification:_identify(build) ignored
[0.192s] Level 1:colcon.colcon_core.package_identification:_identify(install) by extensions ['ignore', 'ignore_ament_install']
[0.192s] Level 1:colcon.colcon_core.package_identification:_identify(install) by extension 'ignore'
[0.192s] Level 1:colcon.colcon_core.package_identification:_identify(install) ignored
[0.192s] Level 1:colcon.colcon_core.package_identification:_identify(log) by extensions ['ignore', 'ignore_ament_install']
[0.192s] Level 1:colcon.colcon_core.package_identification:_identify(log) by extension 'ignore'
[0.192s] Level 1:colcon.colcon_core.package_identification:_identify(log) ignored
[0.192s] Level 1:colcon.colcon_core.package_identification:_identify(src) by extensions ['ignore', 'ignore_ament_install']
[0.192s] Level 1:colcon.colcon_core.package_identification:_identify(src) by extension 'ignore'
[0.192s] Level 1:colcon.colcon_core.package_identification:_identify(src) by extension 'ignore_ament_install'
[0.192s] Level 1:colcon.colcon_core.package_identification:_identify(src) by extensions ['colcon_pkg']
[0.192s] Level 1:colcon.colcon_core.package_identification:_identify(src) by extension 'colcon_pkg'
[0.192s] Level 1:colcon.colcon_core.package_identification:_identify(src) by extensions ['colcon_meta']
[0.193s] Level 1:colcon.colcon_core.package_identification:_identify(src) by extension 'colcon_meta'
[0.193s] Level 1:colcon.colcon_core.package_identification:_identify(src) by extensions ['ros']
[0.193s] Level 1:colcon.colcon_core.package_identification:_identify(src) by extension 'ros'
[0.193s] Level 1:colcon.colcon_core.package_identification:_identify(src) by extensions ['cmake', 'python']
[0.193s] Level 1:colcon.colcon_core.package_identification:_identify(src) by extension 'cmake'
[0.193s] Level 1:colcon.colcon_core.package_identification:_identify(src) by extension 'python'
[0.193s] Level 1:colcon.colcon_core.package_identification:_identify(src) by extensions ['python_setup_py']
[0.193s] Level 1:colcon.colcon_core.package_identification:_identify(src) by extension 'python_setup_py'
[0.193s] Level 1:colcon.colcon_core.package_identification:_identify(src/metapackage) by extensions ['ignore', 'ignore_ament_install']
[0.200s] Level 1:colcon.colcon_core.package_identification:_identify(src/metapackage) by extension 'ignore'
[0.201s] Level 1:colcon.colcon_core.package_identification:_identify(src/metapackage) by extension 'ignore_ament_install'
[0.201s] Level 1:colcon.colcon_core.package_identification:_identify(src/metapackage) by extensions ['colcon_pkg']
[0.201s] Level 1:colcon.colcon_core.package_identification:_identify(src/metapackage) by extension 'colcon_pkg'
[0.201s] Level 1:colcon.colcon_core.package_identification:_identify(src/metapackage) by extensions ['colcon_meta']
[0.201s] Level 1:colcon.colcon_core.package_identification:_identify(src/metapackage) by extension 'colcon_meta'
[0.201s] Level 1:colcon.colcon_core.package_identification:_identify(src/metapackage) by extensions ['ros']
[0.201s] Level 1:colcon.colcon_core.package_identification:_identify(src/metapackage) by extension 'ros'
[0.204s] DEBUG:colcon.colcon_core.package_identification:Package 'src/metapackage' with type 'ros.ament_cmake' and name 'Ysolve-bot'
[0.204s] Level 1:colcon.colcon_core.package_identification:_identify(src/ysolve_bot_my_slam) by extensions ['ignore', 'ignore_ament_install']
[0.205s] Level 1:colcon.colcon_core.package_identification:_identify(src/ysolve_bot_my_slam) by extension 'ignore'
[0.205s] Level 1:colcon.colcon_core.package_identification:_identify(src/ysolve_bot_my_slam) by extension 'ignore_ament_install'
[0.205s] Level 1:colcon.colcon_core.package_identification:_identify(src/ysolve_bot_my_slam) by extensions ['colcon_pkg']
[0.205s] Level 1:colcon.colcon_core.package_identification:_identify(src/ysolve_bot_my_slam) by extension 'colcon_pkg'
[0.205s] Level 1:colcon.colcon_core.package_identification:_identify(src/ysolve_bot_my_slam) by extensions ['colcon_meta']
[0.205s] Level 1:colcon.colcon_core.package_identification:_identify(src/ysolve_bot_my_slam) by extension 'colcon_meta'
[0.205s] Level 1:colcon.colcon_core.package_identification:_identify(src/ysolve_bot_my_slam) by extensions ['ros']
[0.207s] Level 1:colcon.colcon_core.package_identification:_identify(src/ysolve_bot_my_slam) by extension 'ros'
[0.207s] DEBUG:colcon.colcon_core.package_identification:Package 'src/ysolve_bot_my_slam' with type 'ros.ament_python' and name 'my_slam'
[0.208s] Level 1:colcon.colcon_core.package_identification:_identify(src/ysolve_bot_nav_route) by extensions ['ignore', 'ignore_ament_install']
[0.209s] Level 1:colcon.colcon_core.package_identification:_identify(src/ysolve_bot_nav_route) by extension 'ignore'
[0.209s] Level 1:colcon.colcon_core.package_identification:_identify(src/ysolve_bot_nav_route) by extension 'ignore_ament_install'
[0.209s] Level 1:colcon.colcon_core.package_identification:_identify(src/ysolve_bot_nav_route) by extensions ['colcon_pkg']
[0.209s] Level 1:colcon.colcon_core.package_identification:_identify(src/ysolve_bot_nav_route) by extension 'colcon_pkg'
[0.209s] Level 1:colcon.colcon_core.package_identification:_identify(src/ysolve_bot_nav_route) by extensions ['colcon_meta']
[0.210s] Level 1:colcon.colcon_core.package_identification:_identify(src/ysolve_bot_nav_route) by extension 'colcon_meta'
[0.210s] Level 1:colcon.colcon_core.package_identification:_identify(src/ysolve_bot_nav_route) by extensions ['ros']
[0.210s] Level 1:colcon.colcon_core.package_identification:_identify(src/ysolve_bot_nav_route) by extension 'ros'
[0.211s] DEBUG:colcon.colcon_core.package_identification:Package 'src/ysolve_bot_nav_route' with type 'ros.ament_python' and name 'ysolve_bot_nav_route'
[0.212s] Level 1:colcon.colcon_core.package_identification:_identify(src/ysolve_bot_publisher) by extensions ['ignore', 'ignore_ament_install']
[0.212s] Level 1:colcon.colcon_core.package_identification:_identify(src/ysolve_bot_publisher) by extension 'ignore'
[0.213s] Level 1:colcon.colcon_core.package_identification:_identify(src/ysolve_bot_publisher) by extension 'ignore_ament_install'
[0.213s] Level 1:colcon.colcon_core.package_identification:_identify(src/ysolve_bot_publisher) by extensions ['colcon_pkg']
[0.213s] Level 1:colcon.colcon_core.package_identification:_identify(src/ysolve_bot_publisher) by extension 'colcon_pkg'
[0.213s] Level 1:colcon.colcon_core.package_identification:_identify(src/ysolve_bot_publisher) by extensions ['colcon_meta']
[0.213s] Level 1:colcon.colcon_core.package_identification:_identify(src/ysolve_bot_publisher) by extension 'colcon_meta'
[0.213s] Level 1:colcon.colcon_core.package_identification:_identify(src/ysolve_bot_publisher) by extensions ['ros']
[0.213s] Level 1:colcon.colcon_core.package_identification:_identify(src/ysolve_bot_publisher) by extension 'ros'
[0.214s] DEBUG:colcon.colcon_core.package_identification:Package 'src/ysolve_bot_publisher' with type 'ros.ament_python' and name 'ysolve_bot_publisher'
[0.220s] Level 1:colcon.colcon_core.package_identification:_identify(src/ysolve_bot_subscriber) by extensions ['ignore', 'ignore_ament_install']
[0.221s] Level 1:colcon.colcon_core.package_identification:_identify(src/ysolve_bot_subscriber) by extension 'ignore'
[0.221s] Level 1:colcon.colcon_core.package_identification:_identify(src/ysolve_bot_subscriber) by extension 'ignore_ament_install'
[0.221s] Level 1:colcon.colcon_core.package_identification:_identify(src/ysolve_bot_subscriber) by extensions ['colcon_pkg']
[0.221s] Level 1:colcon.colcon_core.package_identification:_identify(src/ysolve_bot_subscriber) by extension 'colcon_pkg'
[0.221s] Level 1:colcon.colcon_core.package_identification:_identify(src/ysolve_bot_subscriber) by extensions ['colcon_meta']
[0.221s] Level 1:colcon.colcon_core.package_identification:_identify(src/ysolve_bot_subscriber) by extension 'colcon_meta'
[0.221s] Level 1:colcon.colcon_core.package_identification:_identify(src/ysolve_bot_subscriber) by extensions ['ros']
[0.221s] Level 1:colcon.colcon_core.package_identification:_identify(src/ysolve_bot_subscriber) by extension 'ros'
[0.222s] DEBUG:colcon.colcon_core.package_identification:Package 'src/ysolve_bot_subscriber' with type 'ros.ament_python' and name 'ysolve_bot_subscriber'
[0.222s] Level 1:colcon.colcon_core.package_discovery:discover_packages(recursive) using defaults
[0.222s] Level 1:colcon.colcon_core.package_discovery:discover_packages(ignore) discover
[0.222s] Level 1:colcon.colcon_core.package_discovery:discover_packages(ignore) using defaults
[0.222s] Level 1:colcon.colcon_core.package_discovery:discover_packages(path) discover
[0.222s] Level 1:colcon.colcon_core.package_discovery:discover_packages(path) using defaults
[0.223s] WARNING:colcon.colcon_core.package_selection:ignoring unknown package 'ysolve_bot_subscriber/' in --packages-select
[0.264s] INFO:colcon.colcon_core.package_selection:Skipping not selected package 'my_slam' in 'src/ysolve_bot_my_slam'
[0.265s] INFO:colcon.colcon_core.package_selection:Skipping not selected package 'ysolve_bot_nav_route' in 'src/ysolve_bot_nav_route'
[0.265s] INFO:colcon.colcon_core.package_selection:Skipping not selected package 'ysolve_bot_publisher' in 'src/ysolve_bot_publisher'
[0.265s] INFO:colcon.colcon_core.package_selection:Skipping not selected package 'ysolve_bot_subscriber' in 'src/ysolve_bot_subscriber'
[0.265s] INFO:colcon.colcon_core.package_selection:Skipping not selected package 'Ysolve-bot' in 'src/metapackage'
[0.273s] INFO:colcon.colcon_core.executor:Executing jobs using 'parallel' executor
[0.278s] DEBUG:colcon.colcon_parallel_executor.executor.parallel:run_until_complete
[0.278s] DEBUG:colcon.colcon_parallel_executor.executor.parallel:closing loop
[0.278s] DEBUG:colcon.colcon_parallel_executor.executor.parallel:loop closed
[0.279s] DEBUG:colcon.colcon_parallel_executor.executor.parallel:run_until_complete finished with '0'
[0.279s] DEBUG:colcon.colcon_core.event_reactor:joining thread
[0.290s] INFO:colcon.colcon_core.plugin_system:Skipping extension 'colcon_notification.desktop_notification.terminal_notifier': Not used on non-Darwin systems
[0.291s] INFO:colcon.colcon_core.plugin_system:Skipping extension 'colcon_notification.desktop_notification.win32': Not used on non-Windows systems
[0.291s] INFO:colcon.colcon_notification.desktop_notification:Sending desktop notification using 'notify2'
[0.315s] DEBUG:colcon.colcon_core.event_reactor:joined thread
[0.318s] INFO:colcon.colcon_core.plugin_system:Skipping extension 'colcon_core.shell.bat': Not used on non-Windows systems
[0.324s] INFO:colcon.colcon_core.shell:Creating prefix script '/home/raul/Escritorio/Ysolve_bot_mai/ysolve/src/ysolve_bot/install/local_setup.ps1'
[0.327s] INFO:colcon.colcon_core.shell:Creating prefix util module '/home/raul/Escritorio/Ysolve_bot_mai/ysolve/src/ysolve_bot/install/_local_setup_util_ps1.py'
[0.328s] INFO:colcon.colcon_core.shell:Creating prefix chain script '/home/raul/Escritorio/Ysolve_bot_mai/ysolve/src/ysolve_bot/install/setup.ps1'
[0.336s] INFO:colcon.colcon_core.shell:Creating prefix script '/home/raul/Escritorio/Ysolve_bot_mai/ysolve/src/ysolve_bot/install/local_setup.sh'
[0.336s] INFO:colcon.colcon_core.shell:Creating prefix util module '/home/raul/Escritorio/Ysolve_bot_mai/ysolve/src/ysolve_bot/install/_local_setup_util_sh.py'
[0.337s] INFO:colcon.colcon_core.shell:Creating prefix chain script '/home/raul/Escritorio/Ysolve_bot_mai/ysolve/src/ysolve_bot/install/setup.sh'
[0.340s] INFO:colcon.colcon_core.shell:Creating prefix script '/home/raul/Escritorio/Ysolve_bot_mai/ysolve/src/ysolve_bot/install/local_setup.bash'
[0.344s] INFO:colcon.colcon_core.shell:Creating prefix chain script '/home/raul/Escritorio/Ysolve_bot_mai/ysolve/src/ysolve_bot/install/setup.bash'
[0.347s] INFO:colcon.colcon_core.shell:Creating prefix script '/home/raul/Escritorio/Ysolve_bot_mai/ysolve/src/ysolve_bot/install/local_setup.zsh'
[0.349s] INFO:colcon.colcon_core.shell:Creating prefix chain script '/home/raul/Escritorio/Ysolve_bot_mai/ysolve/src/ysolve_bot/install/setup.zsh'
